5.225000000000000000e+02 0.000000000000000000e+00 0.000000000000000000e+00 4.745000000000000000e+02 0.000000000000000000e+00 0.000000000000000000e+00 1.245000000000000000e+02 1.895000000000000000e+02
5.215248171532613242e+02 0.000000000000000000e+00 -5.279678189454788395e-01 4.744712121516104730e+02 0.000000000000000000e+00 2.032772757585506740e-01 1.248746646373022031e+02 1.896728500500510393e+02
5.221202185567675542e+02 1.056921469560473703e+01 2.638071575329701659e+02 4.742615495772872691e+02 7.418653463797443948e+00 1.851895813344338535e+02 1.260060753801891025e+02 1.902598794109819096e+02
5.233141012525275073e+02 1.891861707403334236e+01 4.731113577509453876e+02 4.740981192599577412e+02 -6.750330725400562670e+00 -1.686421546583551958e+02 1.264829039775262061e+02 1.905674200246812973e+02
5.255932298024263218e+02 3.989414516723586956e+01 9.973536291808977694e+02 4.739684435290659508e+02 -5.448235700470940301e+00 -1.362058925117734702e+02 1.261993874146421177e+02 1.904702232241106117e+02
5.281945874826139971e+02 4.697635726327876426e+01 8.541891362883816328e+02 4.720823066058626409e+02 -1.840259841565485033e+01 -9.347788883564686557e+02 1.263038627438374135e+02 1.905427482775758108e+02
5.308108401386125479e+02 5.272240733877201535e+01 7.544270233506528029e+02 4.708715200535096415e+02 -3.140966734959183881e+01 -6.174387993897291835e+02 1.266733447468190406e+02 1.907169398286853834e+02
5.335634264729085317e+02 5.582729477725456491e+01 5.679417199340800835e+02 4.688916982449324564e+02 -2.759028430000877918e+01 -4.880419724975599820e+02 1.271772337554663324e+02 1.911558240574197782e+02
5.365820072878309475e+02 6.776484200440354755e+01 5.657081729737133173e+02 4.647424394420382896e+02 -5.711101865048474480e+01 -1.127138145544339295e+03 1.275426721862572350e+02 1.914159949846339543e+02
5.393303367119763152e+02 6.771655422344181829e+01 3.331779322506571930e+02 4.581683319138826960e+02 -1.133602633885587210e+02 -2.146576086490194939e+03 1.275554542667167937e+02 1.915204484409695453e+02
5.411827486743975442e+02 6.177263567439211300e+01 1.454384611323379488e+02 4.500194170532746512e+02 -1.609269101049579547e+02 -3.420145437742420654e+03 1.277331739247926805e+02 1.915235250587891187e+02
5.430332768970108646e+02 5.193601207519389362e+01 -4.431076822390350571e+02 4.390545574154713222e+02 -2.018228705768533757e+02 -3.484067143643234431e+03 1.279685536247638424e+02 1.917345080963840189e+02
5.447629825150379475e+02 5.058860253768827420e+01 -4.391878527550524609e+02 4.306150370843910196e+02 -2.065251584273297567e+02 -2.386233426029983548e+03 1.275458602382858970e+02 1.916192175849446926e+02
5.461159892496731345e+02 4.851548080362164228e+01 -4.415563212022117341e+02 4.234566822477318624e+02 -1.852922359937487897e+02 -5.558335359752874183e+02 1.285076865647392594e+02 1.920807264943179007e+02
5.477589338211076893e+02 3.972901347981029119e+01 -3.977434859478205453e+02 4.161389060618431586e+02 -1.824320965235117740e+02 3.715704802728285472e+02 1.295535715318186760e+02 1.926326534493377096e+02
5.501553649097049856e+02 4.979166844305185435e+01 -8.140995314461572718e+01 4.101440257717454188e+02 -1.723534328826309547e+02 9.189982422062383876e+02 1.293389103895597145e+02 1.925599649179738151e+02
5.529012718331639462e+02 5.771277605907523878e+01 2.697007819314792982e+02 4.053861463638156692e+02 -1.488283105743076362e+02 1.117526603254699239e+03 1.295350219668617058e+02 1.925566017240988117e+02
5.571066524621975304e+02 8.264795974577511117e+01 9.688214898492736893e+02 4.038305147523736878e+02 -1.058254631328897517e+02 2.049594817384850103e+03 1.294430939780504843e+02 1.925527712439675270e+02
5.616853022292131072e+02 9.298680758036137206e+01 1.074965397509760578e+03 4.018940015276833151e+02 -8.372939775661885164e+01 2.240708018052723219e+03 1.293565555985922515e+02 1.925590622017192288e+02
5.665096235996661562e+02 1.137040901079261630e+02 1.303718458381188611e+03 4.016541440061983508e+02 -4.834076382983145947e+01 2.414384011439411097e+03 1.296753570249600784e+02 1.925963198012267412e+02
5.715886847603409251e+02 1.191551945462078663e+02 9.571402456055304810e+02 4.022468186375119785e+02 -1.681810383981468249e+01 2.153973193746408469e+03 1.302454758675095547e+02 1.927490506043013454e+02
5.757063476587044306e+02 1.074985927157647865e+02 4.081940938578865143e+02 4.019402545331657279e+02 -1.766964775344896310e+01 1.400660537498415806e+03 1.307959092649327886e+02 1.929501658639690902e+02
5.806914041234846309e+02 1.163895936208360524e+02 6.605196578920481443e+01 3.994861817382114282e+02 -4.488152818113476883e+01 1.837366597956443854e+02 1.308362666885539340e+02 1.928583260700509356e+02
5.867797371924688150e+02 1.346485433340810403e+02 3.746450451203068610e+02 3.960919953948650800e+02 -6.262655765343178871e+01 -1.057425411918724421e+03 1.312059089282990385e+02 1.929842919884427204e+02
5.923624391008546581e+02 1.440556231161457674e+02 8.805307552075493049e+02 3.928388054989929969e+02 -7.402533020329417468e+01 -1.437328129396966688e+03 1.310472178609044818e+02 1.930165481709764776e+02
5.978163287970336341e+02 1.430762570396485671e+02 5.095057758027422778e+02 3.873049187976605481e+02 -1.015047772183882842e+02 -1.433534096224680070e+03 1.308271452904351975e+02 1.928732102989581847e+02
6.034628827096598798e+02 1.361741392849430952e+02 1.352242325202925883e+02 3.821513785395410991e+02 -1.189976557284198435e+02 -1.483129167591361920e+03 1.308746555990095146e+02 1.930011794615170118e+02
6.101840946191315425e+02 1.593510078865048456e+02 4.713432071525901392e+02 3.755192254094461077e+02 -1.321203538223692533e+02 -1.597602299602733638e+03 1.305702751044105128e+02 1.928900621170449483e+02
6.167543821811404996e+02 1.662590844641261469e+02 3.447892106855777001e+02 3.711363711046466278e+02 -1.266430671201275118e+02 -9.140610218418547674e+02 1.310444664388086835e+02 1.932611390418614121e+02
6.230878503492926939e+02 1.593923901108030634e+02 6.169479927350174648e+02 3.673552959717944191e+02 -1.092325595336843662e+02 3.011060369639373562e+02 1.310489310592257652e+02 1.932331801886572009e+02
6.299289873159316357e+02 1.667091028506190469e+02 1.538451760219888342e+02 3.631914251067095165e+02 -1.077593430530312446e+02 6.847595742900786036e+02 1.314106821788686545e+02 1.932953265372035787e+02
6.358535654652334870e+02 1.543069260041442590e+02 -3.995719756235213822e+02 3.596468860561587917e+02 -1.023496043060201686e+02 5.032650008136228621e+02 1.319321605244960836e+02 1.935151105367476418e+02
6.425741610813231546e+02 1.577649403304018847e+02 2.782430253988393432e+01 3.556651400991390233e+02 -9.669008655429915677e+01 2.286526053427094496e+02 1.322787715373878541e+02 1.936184306910720920e+02
6.493194968950439261e+02 1.682837722434333330e+02 1.491502205326780768e+02 3.531904291475113382e+02 -8.314815475758504704e+01 7.076710684620537677e+02 1.340182620737890034e+02 1.943803026272324530e+02
6.555197136876038257e+02 1.612857851940655110e+02 -8.586575851731065256e+01 3.513556788871391063e+02 -5.723866184575235394e+01 1.109009917047192857e+03 1.361838949092107498e+02 1.953118349198090584e+02
6.598150316114758880e+02 1.419988271659520933e+02 -3.259257291165015431e+02 3.491996270742516799e+02 -6.517973331584509822e+01 1.046300907524035892e+03 1.371444433005391659e+02 1.956081949166218692e+02
6.619871183700765869e+02 9.165284251931602455e+01 -1.866580446507185115e+03 3.465762262778024478e+02 -6.629054390679542053e+01 4.314835174841215348e+02 1.390439735851636840e+02 1.964551006540368689e+02
6.615271737074853036e+02 4.639451145223621609e+01 -2.817156565621452955e+03 3.421142726858007563e+02 -8.290149640765422134e+01 -7.285609915592448260e+02 1.401485701362896066e+02 1.969575704855521394e+02
6.585840901689499560e+02 -3.097067784175823846e+00 -3.555657619219751268e+03 3.360000290900936193e+02 -1.251202015639098448e+02 -1.466010700514188557e+03 1.409284125783490254e+02 1.974061274475773473e+02
6.554802576975043849e+02 -4.313245372340673356e+01 -3.384380870738750673e+03 3.282239451933102146e+02 -1.521607534606916659e+02 -2.257690626764217541e+03 1.412385895191497980e+02 1.975716317146267045e+02
6.515939540904173555e+02 -5.539656140947452201e+01 -2.645964678904029370e+03 3.205402861658330380e+02 -1.668619094489723977e+02 -2.265187838597054906e+03 1.416809345199068559e+02 1.977868493109155281e+02
6.490803948859598904e+02 -5.648679310118496488e+01 -1.371143384067820307e+03 3.135086121706950735e+02 -1.644942392073348003e+02 -8.744927370701049085e+02 1.423120823423419097e+02 1.980528342175188925e+02
6.475940250100222784e+02 -4.404007491129565466e+01 8.668612866564636477e+01 3.070116735087190136e+02 -1.716210168665080857e+02 -4.805139787740693009e+02 1.429346849592043043e+02 1.983213752948544197e+02
6.474671204755979943e+02 -3.503842038306964213e+01 5.261312877459465653e+02 3.004375546751112438e+02 -1.682347805583379170e+02 1.557756473137781086e+02 1.437495214817169824e+02 1.987091867204011351e+02
6.475520913655076356e+02 -4.175995487127111438e+00 1.034415825888596373e+03 2.940057391645583493e+02 -1.677798949795206624e+02 -8.325489305462131995e+01 1.441742252087478846e+02 1.989023881891190513e+02
6.475255716864111264e+02 -6.631696650130177950e+00 9.668975310083992554e+02 2.878704189136936975e+02 -1.575341163335325803e+02 3.737650294718422970e+02 1.451876542563801991e+02 1.994083140886326078e+02
6.482765980845590548e+02 -8.811566323741701900e-01 9.315062169704489179e+02 2.826786815652251335e+02 -1.522013559071187672e+02 4.567840257439330003e+02 1.467269372238884557e+02 2.000717913224970346e+02
6.506607327096270410e+02 3.199196441001988944e+01 9.428341289510630077e+02 2.778082770840056241e+02 -1.465072338926223097e+02 4.685539115849001064e+02 1.477890540174479383e+02 2.006198126225740737e+02
6.534161562794140536e+02 4.740486194221269756e+01 1.325971224098565699e+03 2.745073776449281695e+02 -1.097339582651363230e+02 1.270339691105507200e+03 1.486042454327161124e+02 2.009483226391775759e+02
6.572377012307914583e+02 6.733781568016455310e+01 1.565275677418279656e+03 2.741657906992908806e+02 -6.791936621467225166e+01 2.062141542040622880e+03 1.498126194632965280e+02 2.014640005341805136e+02
6.620246474786193858e+02 8.318041191013830371e+01 1.394526124579140969e+03 2.763949604346464639e+02 -1.834763534974990407e+01 3.352991998839840107e+03 1.504429781303034872e+02 2.018136471658752953e+02
6.668046452760614784e+02 1.045037480232829523e+02 1.330234609066384564e+03 2.808466912584549391e+02 4.136236944901722978e+01 3.760587719009855391e+03 1.516154273780423694e+02 2.022873016224418450e+02
6.709037107453177669e+02 1.051670238411995513e+02 8.563359827688904033e+02 2.852874176488210196e+02 7.520034795973525377e+01 3.505970784501342223e+03 1.512879354048867810e+02 2.021927034052735337e+02
6.727586372868680655e+02 7.308751720361041748e+01 2.131827371602468091e+01 2.883432752813230309e+02 6.632770007582503524e+01 2.053099547678771614e+03 1.514454094572331826e+02 2.023294856974700053e+02
6.735977972029022567e+02 4.865412211557859479e+01 -1.515438186478245598e+03 2.918763559734624096e+02 7.613175935864782673e+01 9.673466726537687919e+02 1.522245749511933752e+02 2.027244589594658919e+02
6.734389415878016507e+02 2.327513587276354201e+01 -2.003228795448839946e+03 2.940270465027812747e+02 7.249726682257860944e+01 -3.754933023120001678e+01 1.519793213259414699e+02 2.027341038856372677e+02
6.741130347136538603e+02 1.754852181551517987e+01 -1.409727918605634613e+03 2.960889264069079445e+02 4.907502225850241473e+01 -3.327726741978544283e+02 1.517440510708896966e+02 2.025714104557496569e+02
6.749999088741667492e+02 3.015627349503347077e+01 -3.357684427852828435e+02 2.974659834820088236e+02 4.064171952922605868e+01 -8.675628901171493226e+02 1.514971706618197800e+02 2.024014946352992013e+02
6.754139387050472578e+02 1.443287874018918870e+01 -3.189574019933038471e+02 2.974702004210404311e+02 2.665845181859465285e+01 -1.168406195654916701e+03 1.508864160954971680e+02 2.022134581323122688e+02
6.770431374923601879e+02 2.192314726756755761e+01 3.342900082594199489e+02 2.971184099077630094e+02 2.555506020526624233e+00 -1.127010878690607115e+03 1.504484917458466668e+02 2.020302491107492813e+02
6.793119927880114801e+02 4.003309173213964556e+01 5.584766211992348417e+02 2.983795172588983746e+02 2.048145448152886416e+01 -5.309156739022421334e+02 1.506607910600978357e+02 2.021842727967016913e+02
6.812161143202304174e+02 4.291863517718739729e+01 8.154119696374577870e+02 3.001040947886571075e+02 3.383706917950151905e+01 1.871164783410613666e+02 1.508493106211561496e+02 2.022386033624276251e+02
6.831635669153685058e+02 4.668726500209389485e+01 4.558449329348031824e+02 3.030598321947975364e+02 4.246431937666434209e+01 9.470727247706100798e+02 1.501687386987706816e+02 2.019157895312870608e+02
6.837725607716505465e+02 3.294210391170810226e+01 -1.747748607822412907e+02 3.046678177645429173e+02 3.936301757485784947e+01 3.409967767951750375e+02 1.495040748418117289e+02 2.016407889589467857e+02
6.830863778621090887e+02 1.106304977734330919e+01 -8.697598799136872003e+02 3.038438990081666020e+02 7.502088147763027237e+00 -5.845974364537308929e+02 1.484179299294524412e+02 2.013858181166591805e+02
6.838195992810487951e+02 4.580447492658198172e+00 -1.083719175610215871e+03 3.024074513936496373e+02 -1.461717335911177429e+01 -1.407463807336155469e+03 1.472658914723874659e+02 2.009508804889427438e+02
6.848865861759574045e+02 2.931639219510758920e+01 -3.694669572868852470e+01 3.021050276891592148e+02 -7.603806234320720669e+00 -9.499393895264279308e+02 1.471568120804361968e+02 2.009940640840684694e+02
6.848364495405151047e+02 1.150187395471148299e+01 -5.852087097214277556e+00 3.022054051048759220e+02 5.099881131485496155e+00 2.628143302264179582e+01 1.474363254857945549e+02 2.011098348118398178e+02
6.845465358342718218e+02 -2.090986268038034002e+00 -1.383137186371321015e+01 3.029392866342960815e+02 3.380266735178651061e+00 2.720302477951944979e+02 1.467314087075225189e+02 2.009090724053032773e+02
6.835644573608389010e+02 -9.835931930816004254e+00 -1.017134105696377105e+03 3.054779097800852696e+02 3.273633653434737312e+01 1.103096713724400615e+03 1.472623619497131813e+02 2.011219288772053631e+02
6.810798396586328636e+02 -3.722267314857577958e+01 -1.303137038234655392e+03 3.087231677683481053e+02 5.477667620417565786e+01 1.166463948853827105e+03 1.475672340983509798e+02 2.012832225652526574e+02
6.790006611087619603e+02 -4.454172099785605354e+01 -1.109577575953630685e+03 3.111020983282054999e+02 4.590497695050432014e+01 1.019887415857888868e+03 1.471761018795347979e+02 2.010354724325452764e+02
6.746838685002319380e+02 -6.021595846610459546e+01 -1.453084739841327746e+03 3.151960057493047884e+02 7.005406863823237984e+01 7.545517209998440649e+02 1.457785559959806676e+02 2.002726210584854414e+02
6.680290936518307490e+02 -1.104423021422686588e+02 -1.902396022587027346e+03 3.179136681049189406e+02 7.592513163123581421e+01 3.514886928368883900e+02 1.450808866638409711e+02 2.000396082913289604e+02
6.596935923726256306e+02 -1.624803113501760663e+02 -3.170527067738531514e+03 3.170946595386857894e+02 2.998357960673495270e+01 -5.128521058065663283e+02 1.447564831713526985e+02 1.998693741177528409e+02
6.517933848325764075e+02 -1.688535270600742706e+02 -2.611985207246973914e+03 3.155978635021689911e+02 -1.439269661250058174e+00 -1.800144599403922712e+03 1.436514243557583654e+02 1.993248786809077160e+02
6.464275568144286126e+02 -1.465024216844429361e+02 -6.670627722587148583e+02 3.130803215825789607e+02 -2.795613647524499612e+01 -2.471821764617548524e+03 1.434584215634343423e+02 1.992902233206417293e+02
6.421241087358954474e+02 -1.277946151977221803e+02 9.013377121196178905e+02 3.106181359200593306e+02 -4.128955301357068208e+01 -1.650234159052880386e+03 1.427974175472997160e+02 1.990698991079180473e+02
6.386501533377378337e+02 -1.117354759684906327e+02 1.476837473777945434e+03 3.077458938488636022e+02 -6.321287369787271615e+01 -1.684263564880375270e+03 1.417339723888518108e+02 1.987004405482679488e+02
6.368000571192740153e+02 -8.078934647119605472e+01 1.733345991882554017e+03 3.057698917407839190e+02 -4.981796950396194745e+01 -5.837557816082326099e+02 1.412328345557010607e+02 1.987083422130641850e+02
6.340733229865720659e+02 -7.119141283415430621e+01 1.360245128103900470e+03 3.045005308668938255e+02 -3.790331828122285884e+01 8.720572346375844575e+01 1.412399083005229272e+02 1.987239637265968781e+02
6.309190061319250162e+02 -7.998749021018252847e+01 8.534506981470368601e+02 3.027936472022485646e+02 -4.416115429037841977e+01 3.893299779082723262e+02 1.411057436752219019e+02 1.986963742924758378e+02
6.264341485443610509e+02 -9.394912467187684513e+01 -2.613668425175981724e+02 3.022666854203420144e+02 -3.806386623440379680e+01 3.894073908209452952e+02 1.412645786232965861e+02 1.987538714282888748e+02
6.207955639553371157e+02 -1.170812547817817233e+02 -1.230912207046567346e+03 3.021859671983812632e+02 -1.137263127313476474e+01 4.339266040005367699e+02 1.417095300430844418e+02 1.989439117785987321e+02
6.150459513037501438e+02 -1.319969348526795443e+02 -1.319845209338637233e+03 3.025919464844452023e+02 -1.213631167015811485e+01 9.292346679881018190e+02 1.408484051175869922e+02 1.986972820055973443e+02
6.093933343377836991e+02 -1.346056204901819626e+02 -1.025261807153084192e+03 3.034082277822545279e+02 4.753598764785963660e+00 1.138417553182664278e+03 1.397105404542643328e+02 1.983667464358343295e+02
6.043780248036115381e+02 -1.307858531731035896e+02 -3.495100956660193674e+02 3.053829799104616427e+02 3.066594238821631180e+01 1.076244646540461872e+03 1.396084153960509298e+02 1.985157250125232338e+02
6.004010868640458511e+02 -1.088927896489862945e+02 6.822320996062145468e+02 3.085425135379143740e+02 4.559361984312331373e+01 1.490317244927413640e+03 1.391489271121087086e+02 1.984738947651211447e+02
5.965025198109865414e+02 -1.051451221795316116e+02 5.964468479723469727e+02 3.119787919639561551e+02 7.033576604994017600e+01 1.340137526953346651e+03 1.393430741332293223e+02 1.986070379004380584e+02
5.936076336607166013e+02 -1.032565458744157354e+02 6.894721331211037523e+02 3.158195180109178182e+02 8.209586189415234969e+01 1.065536625933161986e+03 1.390937055498000916e+02 1.984831400321016872e+02
5.916032238067699609e+02 -6.772804720579075877e+01 8.180187977257852481e+02 3.178366128764322980e+02 6.759726720249767595e+01 6.048726642292108409e+02 1.389134330877199091e+02 1.982865758919283792e+02
5.910738405790409615e+02 -4.717997890448894793e+01 1.540617416131314485e+03 3.190818834689484333e+02 4.768761202411941014e+01 -7.996754514089209351e+02 1.390027781479662394e+02 1.982901493007684337e+02
5.899823392188517346e+02 -4.086369153551761002e+01 1.670508208821396011e+03 3.207367465449896144e+02 4.692766860793449268e+01 -7.938044280771125614e+02 1.391989036969981157e+02 1.985258175800402967e+02
5.880473256493496592e+02 -4.252913727453857717e+01 5.735159175411101842e+02 3.231890465711251750e+02 5.738008885530366854e+01 -2.036676537396111542e+02 1.410862820258693375e+02 1.992259267772416251e+02
5.861203647323651467e+02 -4.373257681852835077e+01 6.459239509950660363e+01 3.260740839935771760e+02 6.163793756576269089e+01 3.347518804031076911e+02 1.417953333544244856e+02 1.996887135377318714e+02
5.823938928428311783e+02 -6.077908557545512025e+01 -4.785191741548172786e+02 3.306510289004801280e+02 8.723227884562433587e+01 1.011203950804626288e+03 1.421554894392021424e+02 2.001530023602649919e+02
5.753570242519376734e+02 -1.185420877861856894e+02 -2.033134971463344527e+03 3.357493408185429757e+02 1.094678110119280063e+02 1.303847981528086393e+03 1.424603370763091448e+02 2.004655016492237962e+02
5.675765936781199343e+02 -1.576005440876170098e+02 -2.539407930447554008e+03 3.406679656730419197e+02 1.184411832000258187e+02 1.532342285275141421e+03 1.421830235121437909e+02 2.004222268000273459e+02
5.572420745952874768e+02 -1.989454353552042960e+02 -3.287336837195689895e+03 3.459930171512630750e+02 1.189775816518924785e+02 6.833506779643463460e+02 1.423796464763842948e+02 2.005809257442623732e+02
5.457047367131270903e+02 -2.398223918349497410e+02 -2.940315165334622634e+03 3.504610757956060070e+02 1.184912042128150347e+02 2.070469144000480810e+02 1.433827423609250786e+02 2.012179634874134990e+02
5.316252725638954644e+02 -2.834404030397363954e+02 -2.973392838815360392e+03 3.534067675694784612e+02 9.511671852793826076e+01 -7.420564552951382211e+02 1.441385111928545655e+02 2.015564537710365869e+02
5.180665955651057857e+02 -3.143550725137296240e+02 -2.630529470357855189e+03 3.549443793870923969e+02 6.103143012814363999e+01 -1.454231936841859579e+03 1.450732984223814981e+02 2.018221176331004187e+02
5.049096425837136621e+02 -3.080608515892585615e+02 -1.778351838379949413e+03 3.554894201187291287e+02 4.917054422931654756e+01 -1.711499293771095836e+03 1.453351399075507686e+02 2.018600890070536593e+02
4.929958722096544079e+02 -3.041984471016028806e+02 -6.072023955619471280e+02 3.556107380592337677e+02 2.536711364320334638e+01 -1.641051124492452573e+03 1.456340512229519675e+02 2.021987081752510562e+02
4.823020187975153021e+02 -2.948207062993404293e+02 3.447006330064126587e+02 3.549835182014908241e+02 6.674327761695819206e+00 -1.364486042765526236e+03 1.460433222855336339e+02 2.024237951277949037e+02
4.728899594375020001e+02 -2.577057324283542812e+02 1.053603552996754161e+03 3.535241491836135879e+02 -7.116682085748614384e+00 -1.566848440110589991e+03 1.459162599861950014e+02 2.024323292516712058e+02
4.653146006863065622e+02 -2.295129126763071667e+02 1.947675681878811474e+03 3.529545210729555720e+02 -1.307962218367418217e+01 -8.497941096548797759e+02 1.471995041454581781e+02 2.030570489661472493e+02
4.584953885132791243e+02 -2.021843123763612198e+02 2.384092579044610829e+03 3.527975475742605909e+02 -1.215175357793240352e+01 -4.038095360087416452e+02 1.476250921732187180e+02 2.032202495029615079e+02
4.532749402084170356e+02 -1.760493383095891886e+02 1.991758130535022474e+03 3.516429904916359988e+02 -2.056745935803202130e+01 -4.278121770125629268e+02 1.482738636222128150e+02 2.033989639149455115e+02
4.490397649488935485e+02 -1.453680179414945997e+02 2.057116997363398241e+03 3.460016239892719909e+02 -7.389324194115806677e+01 -1.535100643318492757e+03 1.483676710277765096e+02 2.034246967740048149e+02
4.462513182391838313e+02 -1.145525104189164267e+02 2.374994632941110467e+03 3.380560537470922213e+02 -1.408768832769449091e+02 -3.131487198090405400e+03 1.484900943733991028e+02 2.035228673254262617e+02
4.453198594145970901e+02 -7.771193275666264810e+01 2.711365559037235016e+03 3.295137310293895894e+02 -1.685112644395109953e+02 -3.828713018600784380e+03 1.487164625327550596e+02 2.036602422130642935e+02
4.444734512156279038e+02 -5.005926586072641982e+01 2.179529348051910347e+03 3.217111367484438347e+02 -1.821930877264222204e+02 -2.709084647322413730e+03 1.489816637091235236e+02 2.039450041057644398e+02
4.444457950014036101e+02 -3.959899857000211654e+01 2.100391564109791943e+03 3.132414983850732710e+02 -1.932420726256411569e+02 -1.352275918607445874e+03 1.495915248091115473e+02 2.041058862386586839e+02
4.440331336233465436e+02 -1.405305413033701711e+01 1.661406190972172681e+03 3.034606791174711589e+02 -2.165542766021548005e+02 -1.351550780356635414e+03 1.496361247100113019e+02 2.043366878312942561e+02
4.435008014342655542e+02 -1.703357451173564385e+01 6.631958364841706270e+02 2.951340696725008570e+02 -2.102547005448847131e+02 -6.755173628571152449e+02 1.495006329628998571e+02 2.045320498437466483e+02
4.418103243340259496e+02 -2.981906156415720943e+01 2.387369942166126293e+02 2.880655028340028707e+02 -1.859726080343715466e+02 8.401569426488011061e+01 1.496313191052849163e+02 2.045741834781995578e+02
4.394781532794702912e+02 -3.665944356203840471e+01 -6.315422009132496441e+02 2.833813953921194866e+02 -1.598182421304930472e+02 1.416343127997347892e+03 1.500566621180146569e+02 2.046456380076426456e+02
4.371155995890347867e+02 -5.150221914916933486e+01 -8.088651222168360846e+02 2.799179126786033294e+02 -1.250177987907946573e+02 2.120484414846060645e+03 1.505220804747620775e+02 2.048096194689165372e+02
4.365282848696794531e+02 -3.256584088766059182e+01 6.460380063445036569e+01 2.781152719152722170e+02 -9.415734842681098371e+01 2.552288599508849529e+03 1.501226873736161451e+02 2.046645512127980453e+02
4.391157982423699764e+02 1.561180672845146589e+01 1.340987073365982042e+03 2.789342712794813792e+02 -3.732498089219375714e+01 2.930620000617521782e+03 1.501239757099109511e+02 2.045027608676068382e+02
4.453943235289643212e+02 8.095644585738224919e+01 3.246759698411368390e+03 2.802485402661155263e+02 -8.129869345525715829e+00 2.879296314874137806e+03 1.501889357616465759e+02 2.045476633569523699e+02
4.516573630466915006e+02 1.197086655096339314e+02 3.981866549218726504e+03 2.831295562696516299e+02 1.765269534431083898e+01 3.119294874632333176e+03 1.502972255410047921e+02 2.045514901468270068e+02
4.571462657631111028e+02 1.215032733661488749e+02 2.535758400440211972e+03 2.892391113238135176e+02 8.967459278115633481e+01 2.825387606643188974e+03 1.504354992893645431e+02 2.047771163048917913e+02
4.620889949854005749e+02 1.145035713552713048e+02 8.909655991128907999e+02 2.948670011583857331e+02 1.140664228378669094e+02 3.125680356660152938e+03 1.506058761016279846e+02 2.049442599311937840e+02
4.640947777285148277e+02 9.402411058699291857e+01 -7.315798362114439897e+02 2.991080454498197128e+02 1.031635714803482387e+02 1.888270474594296729e+03 1.515881524678762275e+02 2.055162734909054620e+02
4.642975976742903867e+02 4.674587369376747148e+01 -1.850850119389935799e+03 3.054956011885820431e+02 1.299088455824145285e+02 1.102537049448600555e+03 1.520946057614921472e+02 2.056155948617699494e+02
4.626490966110497993e+02 1.254956613775327590e+01 -2.497129944204869844e+03 3.121912786335169017e+02 1.484373344174406384e+02 8.224766614874397419e+02 1.531351072729243015e+02 2.059654856358873758e+02
4.603875685940751055e+02 -1.640232651711766820e+01 -2.855082518942475417e+03 3.175998033919348131e+02 1.408153276710571049e+02 8.831122246882291620e+02 1.540199424192311426e+02 2.063328771628193294e+02
4.582591984309486293e+02 -3.409623826262344437e+01 -2.224333783422892793e+03 3.198161448724245020e+02 9.796616618990056224e+01 -1.006618899901581244e+03 1.542796075410778371e+02 2.064399574622343323e+02
4.575163523150094420e+02 -2.495169363593888434e+01 -1.003021557187982921e+03 3.205794419875436461e+02 6.652667293856930542e+01 -2.147381002474138313e+03 1.545739876862417645e+02 2.066355405919480290e+02
4.577557273231524846e+02 -1.020865225848037561e+01 2.680220927700015068e+02 3.211065709233339476e+02 4.827852673683883467e+01 -2.457110237477398186e+03 1.555685361194061045e+02 2.070228413657564204e+02
4.600228602200062937e+02 2.169525436268280671e+01 1.510195942673379022e+03 3.222371340494275387e+02 3.876391960327115527e+01 -1.504655836741196708e+03 1.562352035752657002e+02 2.073095313590104638e+02
4.631557205961360637e+02 3.593489248769512301e+01 1.435122312816836939e+03 3.221118803135177018e+02 1.618035555180290430e+01 -1.291663932754143389e+03 1.560420059301753213e+02 2.071665366467132685e+02
4.673878569451076714e+02 6.749368716598932849e+01 2.034627819443766839e+03 3.210693073902646120e+02 -5.266083475307246964e+00 -1.405190470063511839e+03 1.549900171192100515e+02 2.068048921170731376e+02
4.727179669052430881e+02 9.827716777509461110e+01 1.913044609233219035e+03 3.200927204380170110e+02 -1.733194323067595022e+01 -1.262862257284451289e+03 1.555646828500151742e+02 2.071403939556358864e+02
4.769964547472527556e+02 1.010002067295593093e+02 1.591007453187838337e+03 3.202844358346093259e+02 -6.323865170509423095e+00 -6.992786827437697639e+02 1.568600106916085224e+02 2.077047122564419794e+02
4.816807096869609950e+02 1.081703488812692910e+02 1.142755766318270389e+03 3.206474171474694685e+02 1.761877123838089920e+00 1.071833744691976733e+02 1.577357137472063755e+02 2.082195962672812755e+02
4.873222442425633290e+02 1.325333346286250560e+02 7.063489438681941692e+02 3.198510754856918652e+02 -9.109919832582273003e+00 1.916834588742609640e+02 1.584475164215460268e+02 2.083090023967410787e+02
4.934366944971927182e+02 1.482702299550758198e+02 1.166058707724914711e+03 3.173096496470964780e+02 -3.539977489408381217e+01 -7.744079435732279535e+02 1.582592368164469008e+02 2.082318681562479981e+02
5.019654118183323135e+02 1.721560957986875451e+02 1.822432431711884647e+03 3.138029627586284960e+02 -5.777593878910768410e+01 -1.397076842422904065e+03 1.579126098253819919e+02 2.081792045876106272e+02
5.112585809810284445e+02 2.079049829561416800e+02 1.865308953608813226e+03 3.106054401413538244e+02 -5.964653395725056839e+01 -1.377479907668477381e+03 1.579872702025534181e+02 2.082198028838801633e+02
5.219916019125377034e+02 2.374313121316870934e+02 2.160731016984012967e+03 3.082034485784520825e+02 -5.735399175663182803e+01 -2.971677982594422360e+02 1.583212565572781045e+02 2.083370555381308122e+02
5.329568612860430221e+02 2.497757207062780651e+02 1.956898138089746453e+03 3.052967992859453261e+02 -6.354846423672599798e+01 -2.020675789069300095e+02 1.588292154327186267e+02 2.086845661560841734e+02
5.440903458402594879e+02 2.601931589104854083e+02 1.383206158103393591e+03 3.027872326605612443e+02 -6.404525576414447130e+01 -1.149315647284806232e+02 1.598355153961947792e+02 2.094957546042192007e+02
5.547286506290504349e+02 2.636780030899583380e+02 6.106758624245619558e+02 3.001151687743693515e+02 -6.823614210825375892e+01 -3.842330369230555220e+02 1.610882842987113293e+02 2.102408538737013544e+02
5.642254922920748186e+02 2.552798616086270727e+02 9.795179452839161627e+01 2.982175097910966315e+02 -6.199028129847923196e+01 9.919656614841285602e+01 1.616296964710049338e+02 2.107351535876014452e+02
5.722237059223244842e+02 2.294630545820385805e+02 -6.118612808281062598e+02 2.981474999928278180e+02 -2.926689161807441764e+01 9.028384720255025968e+02 1.616624459984887210e+02 2.110748272828446943e+02
5.791772539277186524e+02 1.975633730245385777e+02 -1.473464211127280350e+03 2.966387045094512018e+02 -3.505062084123930788e+01 9.365962406777426850e+02 1.617989319994935329e+02 2.111222828484036995e+02
5.837740674170902366e+02 1.659299511457453775e+02 -2.286365774381858955e+03 2.937816539176476454e+02 -5.525175869054803712e+01 2.255029426432121511e+02 1.619464634860284775e+02 2.111981353264597772e+02
5.865954870430579149e+02 1.172766839932393452e+02 -2.721290568408979198e+03 2.898390128289743188e+02 -7.426411822044467215e+01 -1.027762688504250036e+03 1.625872917292443844e+02 2.114864523765938031e+02
5.880509787944118898e+02 7.848446132316469459e+01 -2.956204365381413481e+03 2.874766172789811094e+02 -6.804823309909068030e+01 -8.566802256292286302e+02 1.635699522185868204e+02 2.119492746580615403e+02
5.900692069731663878e+02 6.600606258818716299e+01 -2.418067471199470674e+03 2.872309750516203053e+02 -3.912385329963512248e+01 7.691561615002456165e+02 1.648955233178964193e+02 2.125233907666334403e+02
5.910133778988529230e+02 5.933060488725853787e+01 -1.526681867572081728e+03 2.876367095001160124e+02 -1.301233435227819513e+01 1.585861879990644411e+03 1.649291608082575920e+02 2.126373555705668252e+02
5.912445071564586669e+02 2.137872225692183648e+01 -1.571905256165121273e+03 2.896414052721621601e+02 1.302959639937279412e+01 2.192582309661343970e+03 1.653176008484642523e+02 2.129337989454158730e+02
5.908612396480135658e+02 8.994120041208892857e+00 -1.415085030823016723e+03 2.917053176688145300e+02 3.109210836654201415e+01 1.270318090614829771e+03 1.657653550893814440e+02 2.131311073566139385e+02
5.901855620936474907e+02 8.597380130803133014e+00 -1.249513716736400966e+03 2.914539589618011064e+02 1.769970831836148051e+01 9.125614871542251194e+02 1.664487951535114405e+02 2.131275129371963430e+02
5.888871127038866007e+02 -1.118859777793530519e+01 -9.747355585876775876e+02 2.905532798879798406e+02 -1.364575801166574465e+01 -6.120350597052117791e+02 1.666476293718975512e+02 2.133059893977971910e+02
5.865278185523515049e+02 -4.013354899428493638e+01 -1.228837449884918897e+03 2.892154637777234143e+02 -2.061458120131951688e+01 -1.197324154217485102e+03 1.669853128345213804e+02 2.138282818754194921e+02
5.841783334977279765e+02 -4.294914179176394953e+01 -1.557426178447358780e+03 2.874440175711134771e+02 -2.574996598939770109e+01 -9.547344502244167188e+02 1.667499177451278740e+02 2.135942370448099723e+02
5.818054798028605319e+02 -4.919212926372475891e+01 -7.769946024276397338e+02 2.866678338829636346e+02 -2.888700215703688912e+01 -3.927207110384567841e+02 1.669315960761927329e+02 2.135578649294591003e+02
5.790330360394841591e+02 -6.033030305729533893e+01 -4.646507318111513882e+02 2.861524832266227349e+02 -7.510300600593505571e+00 4.023525521099235789e+02 1.668269613533285565e+02 2.133481903348015294e+02
5.762116679708765332e+02 -6.869461623692409091e+01 -4.969425744037695267e+02 2.855070619619011723e+02 -1.932968171784015965e+01 1.998673995288750973e+02 1.666584193383821457e+02 2.134326109887090013e+02
5.732532776515936348e+02 -7.231340778616143439e+01 -4.908944364176674071e+02 2.863402187517287985e+02 2.322885719663519311e+00 6.700930902206239352e+02 1.659732868308574609e+02 2.133620838402273137e+02
5.698757995275594794e+02 -7.736593500031153781e+01 -3.978376494113120430e+02 2.894487616265001293e+02 3.363595461013625254e+01 1.039990803400359027e+03 1.661223291208829380e+02 2.136444082143822243e+02
5.648172612758543210e+02 -9.802159919202961191e+01 -9.437466772375697701e+02 2.927527173507963312e+02 5.065439302971300606e+01 2.003622867854690412e+03 1.665522269414792902e+02 2.138524407467523076e+02
5.600292929014494803e+02 -1.084813123859523216e+02 -1.034961209021950935e+03 2.975574129397151637e+02 8.782534691028580198e+01 2.156074275568906614e+03 1.660497944419231260e+02 2.133095981090361022e+02
5.545064393168045171e+02 -1.173342270968256145e+02 -1.115307438208493977e+03 3.018196212816631032e+02 9.501964131857920393e+01 1.697467865755930916e+03 1.657166177894512487e+02 2.129604778204419802e+02
5.485497457116058513e+02 -1.337861971462412214e+02 -8.202129448176400501e+02 3.062369788507086810e+02 9.481503429513010417e+01 9.658097749931921499e+02 1.657101788461843626e+02 2.127669426907996808e+02
5.423411739073284252e+02 -1.396488926312128456e+02 -9.012628027816981557e+02 3.097811619946163546e+02 9.932365008209289670e+01 8.944718087018163288e+00 1.668040761241194616e+02 2.132702757756934773e+02
5.352739616856782732e+02 -1.518943908482430913e+02 -1.020809103845998948e+03 3.112411886088007122e+02 6.566485356635718063e+01 -6.368657273760856015e+02 1.674745615027588883e+02 2.137323516867051580e+02
5.283360824426537192e+02 -1.638658945008841954e+02 -7.162826443149659781e+02 3.142071005965093491e+02 6.422461929818683757e+01 -5.929661939964910289e+02 1.678866567358613224e+02 2.141531391688133397e+02
5.230630210434601395e+02 -1.427878175095170263e+02 9.188320970265081655e+01 3.177031321553423027e+02 7.709400503137534599e+01 -4.667288116460950391e+02 1.683291438480433158e+02 2.139564002925416446e+02
5.175828232392311747e+02 -1.354343406272467405e+02 3.013554163925502962e+02 3.218309395757534048e+02 9.123958751985432514e+01 5.174429047920962148e+02 1.694424874129102534e+02 2.139255301037327683e+02
5.125561375338370453e+02 -1.363729167595452907e+02 6.147710102829387324e+02 3.254637789745740974e+02 8.427474089726682394e+01 4.280850729088936646e+02 1.708901863943804642e+02 2.145465179192027279e+02
5.088578690476226711e+02 -1.149910352241047775e+02 6.902202749781595230e+02 3.274482534290033868e+02 6.658818953109596350e+01 -3.673477173464121961e+02 1.716762281128806933e+02 2.145364200184992001e+02
5.058279587595963562e+02 -9.677084774593288330e+01 8.581584545625333931e+02 3.274683434769627297e+02 4.048873060062183526e+01 -1.233965619581805186e+03 1.727277159075517545e+02 2.151510338867615246e+02
5.044765724239573501e+02 -6.737730083590230379e+01 2.159897868885462231e+03 3.260863785978444298e+02 1.854467386248508931e-01 -1.952976794667393506e+03 1.738158394716525095e+02 2.153865162313439328e+02
5.032217614193884856e+02 -5.731755324121245820e+01 1.519659277070437611e+03 3.255699034475456983e+02 -3.798100172749879211e-01 -1.777544538667895267e+03 1.739534846930922924e+02 2.152772614385003749e+02
5.027747414558174910e+02 -3.702033841002230474e+01 1.520869341101253440e+03 3.254574729590044058e+02 1.090666012694279630e+01 -7.132360787607228758e+02 1.743399458850624626e+02 2.155949264432275072e+02
5.024440855545515205e+02 -2.109979505293177837e+01 1.052094561505698266e+03 3.271646482234210112e+02 2.275910394373191536e+01 4.058097076385301989e+02 1.755972415312144506e+02 2.157903824477773185e+02
5.042527357685807488e+02 5.483530503518116994e+00 1.763996529994097273e+03 3.288926643516437025e+02 2.854694497123672647e+01 8.703759440091700981e+02 1.753795253060993389e+02 2.157180723916895886e+02
5.064443693336296519e+02 3.499877498380730856e+01 1.865726403268792410e+03 3.310755809459114403e+02 3.924630358046051981e+01 7.373164107408713335e+02 1.756316515181810018e+02 2.159908786596145660e+02
5.099475680296153541e+02 4.966581898248674065e+01 1.713420434051128495e+03 3.334180297600321978e+02 5.252546117449696084e+01 7.819623119555827770e+02 1.756086018169343959e+02 2.160499244759058115e+02
5.135197753412838892e+02 6.820046099144306595e+01 1.420687708425333312e+03 3.345372174161981320e+02 3.159750231754669159e+01 2.757703990304118520e+02 1.765290522060070089e+02 2.163529970918813206e+02
5.164039020041445838e+02 7.624333767077979473e+01 8.243328587071748643e+02 3.358696672514613510e+02 3.472322263295170330e+01 -1.218884643004172403e+02 1.778429117450024251e+02 2.167694332051624144e+02
5.198402435528851129e+02 7.400202666207295010e+01 5.375792339860007587e+02 3.373147020044791589e+02 4.360414534499193451e+01 -8.958552944601711943e+01 1.784269284332628729e+02 2.170932011033634694e+02
5.223767561322815709e+02 7.236574980183800676e+01 1.207779753557538527e+02 3.382189337622719449e+02 3.543514450337346489e+01 -1.353642076135485595e-01 1.785305709379384211e+02 2.171710432777433368e+02
5.229702354244095659e+02 3.867656334367395488e+01 -7.544689434048631256e+02 3.392302288489433977e+02 3.007542912075986052e+01 -1.148862511647142384e+02 1.785606513369305901e+02 2.171926107068491092e+02
5.217862484374790029e+02 1.424114644798928531e+01 -1.544225450803018930e+03 3.400949862593115540e+02 2.706995511159472301e+01 -2.043670439685670885e+02 1.791053527277132957e+02 2.173778239744989662e+02
5.191615338189116073e+02 -1.985485067552320615e+01 -2.472200152781344514e+03 3.399067265562080138e+02 7.970151326236794453e+00 -5.125237457164329271e+02 1.807206609537336703e+02 2.179642892207081388e+02
5.168555103452674757e+02 -3.704974997190513619e+01 -1.888573285178405740e+03 3.392433475911967662e+02 4.341963806774395529e+00 -7.056883861445664934e+02 1.822055412483036605e+02 2.184235345427831589e+02
5.131835293761876073e+02 -6.251629495588701957e+01 -2.023970382122994579e+03 3.389810559737922517e+02 2.344582124807160106e+00 -6.815346142907312696e+02 1.821613047894639692e+02 2.185033061391831382e+02
5.107808574109065489e+02 -7.214557483304722041e+01 -1.139669351656401204e+03 3.384868879523398277e+02 -7.246898602913081966e+00 -5.028354200635773168e+02 1.826034260094149033e+02 2.186167340386379578e+02
5.091063232977508051e+02 -4.322722878547646985e+01 -1.589304952048134965e+02 3.374735523564484652e+02 -5.169773857001742634e+00 -3.266042057683800977e+02 1.833781571234417243e+02 2.185973368792881217e+02
5.083039270432295780e+02 -3.433007162279679392e+01 6.546695766393319218e+02 3.370872691328362407e+02 -1.797456906611546401e+01 -4.820281112895829096e+02 1.834015032993789305e+02 2.185356087285900912e+02
5.091451742390993900e+02 -1.423284191311297242e+01 1.560800717359545615e+03 3.373604928513144046e+02 -5.227361996915246500e+00 -2.145361828054894033e+02 1.833388472153120006e+02 2.185394026095505069e+02
5.107570369397720924e+02 2.788970113096178594e+01 1.448392919492879173e+03 3.372843649705993698e+02 1.236110775319096522e+00 5.849506180782378095e+01 1.830138452926527748e+02 2.182422431466138448e+02
5.130202443810555906e+02 3.510887654930915858e+01 1.749827660440566888e+03 3.374343596959573688e+02 -8.700280105627322680e-01 3.109004568227808818e+02 1.830333109864245387e+02 2.181523490153614659e+02
5.168191602214247951e+02 5.909452377400645418e+01 1.858275735885295944e+03 3.393779823841856569e+02 2.749408833856247014e+01 9.990965040651697109e+02 1.826588352910766559e+02 2.180563100583330822e+02
5.214993667090237750e+02 8.522060867275909857e+01 1.410235250752668890e+03 3.423464482265612219e+02 5.181563233026837878e+01 1.192399487580864843e+03 1.822143535609751268e+02 2.180534553004214615e+02
5.250793094499541667e+02 8.166446887002608435e+01 1.092446331523746721e+03 3.462603340976986601e+02 6.859594217472513833e+01 1.781346954910895874e+03 1.812134451025033286e+02 2.175627972266534869e+02
5.301600792173807122e+02 9.830103008158170041e+01 7.931991260469383178e+02 3.494120204424327767e+02 7.339707430337641370e+01 8.741273180342776641e+02 1.802095049983037995e+02 2.169696560211468181e+02
5.348933474041186855e+02 1.079720087203397156e+02 5.932676083546286918e+02 3.532598797818987464e+02 7.631702776399417587e+01 7.151523213742468670e+02 1.791798291838810826e+02 2.166353038811280385e+02
5.407469045531736356e+02 1.199384275812255396e+02 1.246739180288847365e+03 3.564697017934211658e+02 8.853893501328279569e+01 4.232052498365977158e+02 1.789705789970178671e+02 2.165690426572034255e+02
5.475002716262844160e+02 1.521436823482816294e+02 1.265461287817563289e+03 3.593638799873512539e+02 8.014341531284532039e+01 2.724322312264553148e+02 1.793352669749800157e+02 2.168220505906620588e+02
5.540666795848106858e+02 1.456203015718147924e+02 1.078714541518143506e+03 3.628257866131560263e+02 8.103227987957160394e+01 3.718414266495339149e+01 1.800650083223377749e+02 2.171118766436334226e+02
5.610138561770174874e+02 1.587478150969209878e+02 8.375477796659118894e+02 3.639487771486325869e+02 5.773497320637677888e+01 -9.363862460634511535e+02 1.801109457857078553e+02 2.173873962877280235e+02
5.673294539746075316e+02 1.620387428152661187e+02 3.143884499418012979e+01 3.652015770610192362e+02 3.728440094221853940e+01 -1.031477030611313012e+03 1.802700065977004726e+02 2.174117649224638456e+02
5.739588001555802066e+02 1.572559305923627164e+02 3.562001361110062021e+02 3.669170901132195013e+02 4.327148262380618604e+01 -9.332556153225544904e+02 1.813362203701440762e+02 2.177574713228322025e+02
5.803061829741267275e+02 1.622275877700550097e+02 -4.702861922605924150e+01 3.689392792665997831e+02 5.474526262022085632e+01 -1.238665158969345157e+02 1.814878295968500481e+02 2.179638094521291123e+02
5.863215735915148343e+02 1.523287632292222042e+02 -3.880451589082495047e+02 3.720288209769988157e+02 6.149603352305133086e+01 3.598038624911394550e+02 1.816105850343311374e+02 2.180071620594900992e+02
5.916967142143367937e+02 1.505291388144077018e+02 -2.908139587164185969e+02 3.762067742807506079e+02 8.291808688339999378e+01 1.031372971385135315e+03 1.821129032140069341e+02 2.182194355632979352e+02
5.960362257325408564e+02 1.270808453411347614e+02 -8.126514591607194689e+02 3.806806380695356324e+02 9.785403524903642847e+01 9.433750300120716474e+02 1.829819379590870483e+02 2.185347482131258516e+02
6.023663552661632821e+02 1.474912064307952733e+02 -1.609717491966623868e+02 3.856211486596945406e+02 1.084703537731090677e+02 1.003850878287695082e+03 1.833066519849708698e+02 2.188237604729897612e+02
6.081738612282405256e+02 1.495684141773319880e+02 1.050328878041994624e-01 3.911009040872024798e+02 1.214744693020312525e+02 7.714982333236475824e+02 1.835430651893805702e+02 2.190265065333163932e+02
6.142694982072430321e+02 1.402563331323425757e+02 3.191059795946189297e+02 3.950607680292685586e+02 1.108874210640493914e+02 2.769184290511693689e+02 1.830980699974512618e+02 2.188424182464902401e+02
6.197851216729046655e+02 1.480161080242395997e+02 -5.762062585596855513e+01 3.985837255281894045e+02 9.016171251954635579e+01 -3.684256295613927250e+02 1.823259444045701798e+02 2.184852228046826212e+02
6.248385102690377835e+02 1.346177769499547878e+02 -6.363045404828353639e+02 4.008609713307046150e+02 8.776250599890333604e+01 -9.596690484508410464e+02 1.822672389701287159e+02 2.182952266299436701e+02
6.305799013360816616e+02 1.361214736211364027e+02 -5.149810023883583199e+02 4.014741201195116673e+02 5.870478876108611388e+01 -1.318321819719075620e+03 1.830396723175034879e+02 2.186092665297266819e+02
6.358222682695242156e+02 1.347993131093294323e+02 -3.982631965626401325e+02 4.033526951344795748e+02 3.685404932195582006e+01 -1.333375857788277017e+03 1.836960715210896069e+02 2.185909236763331194e+02
6.411288341758685192e+02 1.402640745559498896e+02 2.297809771181371161e+02 4.059577431642829310e+02 7.016374349934828558e+01 -6.498519263651928668e+02 1.835840149233042382e+02 2.186079833404024555e+02
6.457694869921316467e+02 1.340719660295280278e+02 -3.548680952027181945e+01 4.077315690766012040e+02 5.293294812343908262e+01 -1.926451433089958982e+02 1.831748859456556886e+02 2.186351416264870409e+02
6.486276035891239644e+02 9.314726837231553702e+01 -1.144437948821155715e+03 4.095322060423687844e+02 4.514899335970489602e+01 2.506173051318090188e+02 1.820938607416030095e+02 2.181017115023652764e+02
6.488507093450575667e+02 5.954307970532866534e+01 -1.926748152940906266e+03 4.100262634250788096e+02 3.388532574795204511e+01 -1.226635423462337258e+03 1.812974084990656820e+02 2.177415808674369089e+02
6.481050770851782090e+02 2.279922062390274817e+01 -2.975437722579841193e+03 4.119741394597443218e+02 4.087149857287224819e+01 -3.015424157531082301e+02 1.819229132312153467e+02 2.179873066237973944e+02
6.489342444353574137e+02 1.787121867616409432e+01 -1.698638104007545735e+03 4.117693737375757337e+02 2.928280222176139702e+01 -6.905482812973903037e+02 1.814973343893461788e+02 2.177543524707166966e+02
6.499281908310740619e+02 3.876020685135533483e+01 -6.533389496466292030e+02 4.110318582177284270e+02 -7.977270260108585420e-01 -8.370045601570362805e+02 1.819808243166019111e+02 2.180609613034551728e+02
6.525107500979212318e+02 5.106374419823141864e+01 7.951102312900060269e+02 4.097818106906108255e+02 -6.897659255460222738e+00 -1.120016330537484464e+03 1.824478841561314084e+02 2.183854945124367930e+02
6.545758443347369848e+02 4.463115270262613166e+01 7.143507735835875110e+02 4.086660765816951653e+02 -1.778602150099880319e+01 -1.323329974872760886e+03 1.820902326139873821e+02 2.182098114957384212e+02
6.543020596458605951e+02 2.184387567483470605e+01 -5.360081152844262533e+02 4.086017801377071237e+02 -1.823643926796812664e+01 -2.791338164912380080e+02 1.809032690768476357e+02 2.178129383417750944e+02
6.546625286548194254e+02 1.654928819029516163e+01 -9.738677013391437640e+02 4.101788957783186902e+02 1.751476986450841622e+01 6.648312213262599926e+02 1.806801978200774101e+02 2.177298297725723160e+02
6.543126092086509971e+02 5.212331085666472852e+00 -1.102764151162416738e+03 4.136057222745614013e+02 4.731801199304153727e+01 1.538219209369856571e+03 1.802702851672963504e+02 2.172932435025754501e+02
6.549269570373909346e+02 4.685872293580373160e+00 -5.623263973524752828e+02 4.182456825607270616e+02 7.620086782008894488e+01 2.458067938350372060e+03 1.794865913103958235e+02 2.168292501448750045e+02
6.541516061513121940e+02 4.165888974671920764e+00 -1.045388796077782985e+02 4.249582349909425147e+02 1.108819994141363452e+02 2.194412927772790681e+03 1.795862676429514977e+02 2.167855695951540156e+02
6.529761757015863850e+02 -1.933099006946101639e+01 -4.739023683425610329e+02 4.310479923839627077e+02 1.324629011262595668e+02 1.983394919312404454e+03 1.797415678221749999e+02 2.167849879827735151e+02
6.491973631496808821e+02 -5.031777348240083114e+01 -1.573979191297412399e+03 4.370058028438652400e+02 1.325481971523486493e+02 1.469503221888629923e+03 1.800419036756449600e+02 2.169189742577170534e+02
6.457973100759552381e+02 -6.776559535253124977e+01 -1.636317101715440685e+03 4.431437084304133123e+02 1.351160651621202078e+02 8.380698032938494180e+02 1.799791068811505284e+02 2.167986193956657530e+02
6.430713612026299870e+02 -6.346121961984647442e+01 -1.160438437544366707e+03 4.487543605618458287e+02 1.500278861639371826e+02 6.606821898665347135e+02 1.794253065027570244e+02 2.167378600839796263e+02
6.406661799653038543e+02 -6.121818219156232743e+01 -4.177585219369481138e+02 4.532019093173926194e+02 1.289964579648325582e+02 -2.946069845523661002e+02 1.791428591833837345e+02 2.166418088107878077e+02
6.368904629068689474e+02 -7.605952407448067731e+01 -5.717682654631396417e+02 4.571818254328452440e+02 1.118033899371639990e+02 -4.270815048609733253e+02 1.789392953814520979e+02 2.166083806081282717e+02
6.345335586080309440e+02 -7.791489758892281259e+01 -2.871994081220291832e+02 4.606898075897244667e+02 1.039418269527353971e+02 -1.272750073700304256e+03 1.788865306177398793e+02 2.165948347846809838e+02
6.320558329162436166e+02 -6.596658462213373753e+01 6.263238555196861235e+00 4.612521757520997880e+02 6.598042067451834214e+01 -1.730665653663809280e+03 1.780316052401159084e+02 2.160839022141524879e+02
6.291916670052706877e+02 -7.134474565646999622e+01 8.450214102687533568e+01 4.609266850152233701e+02 2.331676222810789767e+01 -2.277565206093330289e+03 1.773329597233517632e+02 2.157478336614835257e+02
6.280307497232575997e+02 -5.012596820286206878e+01 7.925849235663532681e+02 4.604694789133473023e+02 2.518057113318558393e+01 -1.994183717778225400e+03 1.771392487442769550e+02 2.157241077952295711e+02
6.278198359155931030e+02 -2.468043559216692628e+01 9.988338043595617819e+02 4.597896818641902428e+02 2.509408954878702414e+00 -1.645424658396673749e+03 1.775703972884709287e+02 2.157893756539772880e+02
6.286358593934716055e+02 -7.051265148484362477e+00 1.759616959998104903e+03 4.588524063669994462e+02 -9.566600972733876773e+00 -8.130645392391626274e+02 1.780213726684513063e+02 2.158241820088120448e+02
6.306938960420570766e+02 2.566771041957730048e+01 2.099321534206736487e+03 4.574320511804871217e+02 -1.946293702178405383e+01 -1.050187687463255315e+03 1.780817512048094216e+02 2.158119389507160975e+02
6.334347646668019252e+02 4.128471369991883222e+01 1.828759326741712130e+03 4.557651363553043780e+02 -2.687836246514467220e+01 -6.012708720198161245e+02 1.777834608771271121e+02 2.156119829928918818e+02
6.369761295274391841e+02 6.185094869426552577e+01 1.814495018286973846e+03 4.513461931665914904e+02 -7.017256357473760886e+01 -1.538405768778885658e+03 1.776042136410456180e+02 2.156067039528969644e+02
6.402788623399452490e+02 7.305729123234847577e+01 1.350538700489360735e+03 4.466153306929164728e+02 -9.486777001929340258e+01 -1.781344949564175522e+03 1.772492745461611889e+02 2.154743441568749915e+02
6.433499941978664083e+02 6.633529211765183220e+01 7.884791130094690743e+02 4.387499769722600149e+02 -1.361639989124732324e+02 -2.890979268822491576e+03 1.778426662241920155e+02 2.157985581203102470e+02
6.480778702871252790e+02 9.304303504885469067e+01 9.454019096359220384e+02 4.302734725861872676e+02 -1.739980898721891265e+02 -2.547977540105694516e+03 1.774321550857475245e+02 2.155488252736524828e+02
6.522363977001115245e+02 1.108507925604159823e+02 7.309833051618696800e+02 4.235996535024077048e+02 -1.679282553345094300e+02 -1.726290483568571062e+03 1.764077297217575051e+02 2.151540564107016849e+02
6.570708522382083174e+02 1.093099332833010067e+02 1.092095918879357669e+03 4.161385696850484806e+02 -1.718509289457901161e+02 -7.724341368448917819e+02 1.750459994499067307e+02 2.148058999982574733e+02
6.607227702703978593e+02 1.000762071928323849e+02 -1.318764040412416989e+02 4.090390324314382156e+02 -1.803836260498564172e+02 1.087277525156489872e+02 1.746010416041090991e+02 2.145452052087772472e+02
6.652510714353987851e+02 1.096145538186828361e+02 -1.502278822396467035e+02 4.019066274223905566e+02 -1.799504647398088935e+02 -1.727295228311855340e+02 1.735172961388500710e+02 2.141516673967492181e+02
6.700629138802182752e+02 1.171096523744933791e+02 2.692235354106890668e+02 3.941130867410328733e+02 -1.837426870396342338e+02 -3.682537716235086123e+02 1.726268727100830063e+02 2.138576507319684765e+02
6.754380984982251448e+02 1.255457534647367766e+02 5.152846957931031966e+02 3.886296376589702959e+02 -1.604904330566010628e+02 4.501918097876063598e+02 1.715833971493948127e+02 2.136151924315838642e+02
6.789449331403080805e+02 1.059382488140816605e+02 2.775098258350033475e+01 3.842762396692130551e+02 -1.344410345284519224e+02 1.293545167664584142e+03 1.718735877510590626e+02 2.136706944340073164e+02
6.820210774378838323e+02 9.303604416998165050e+01 -5.936286162041551506e+02 3.806762933425376332e+02 -1.221360551579450373e+02 1.735851982527194650e+03 1.727474529541047161e+02 2.138410620249913450e+02
6.844615163236793478e+02 8.315908242285820506e+01 -9.066277567370639190e+02 3.781197889519391424e+02 -9.220885254980383650e+01 1.466461086608442201e+03 1.733650843237629431e+02 2.142098322376901365e+02
6.856185055094973677e+02 6.538719837773052745e+01 -1.201653433620880151e+03 3.745023443830051519e+02 -9.893812804976855091e+01 1.125014613807064734e+03 1.738583081797650607e+02 2.144706312104774781e+02
6.865439717455068376e+02 3.276145217586042691e+01 -1.353418725603037274e+03 3.707594998538186246e+02 -9.639652150106921624e+01 5.280875160206660439e+02 1.739834912696965432e+02 2.145428731106738951e+02
6.873872540918072218e+02 2.656740110186878212e+01 -1.544017975209903170e+03 3.675205990754119512e+02 -8.584617067692656178e+01 2.368333908256275890e+02 1.735213299690398401e+02 2.144623389192962009e+02
6.866299717239530764e+02 9.147359682543653392e+00 -1.533343877720223190e+03 3.651877235171086795e+02 -7.867449097151103388e+01 6.685544949020833201e+02 1.748561380688726956e+02 2.148403123177861858e+02
6.869109780184542160e+02 4.746262492954304690e+00 -9.315432504831519509e+02 3.630991873443852000e+02 -6.301256142760552592e+01 6.714343830199247805e+02 1.757585731731178385e+02 2.153310875207790502e+02
6.862468306817727353e+02 -1.740347103471885815e+00 -6.174614868832957200e+02 3.606877327438011775e+02 -7.154405114250677400e+01 4.475842559870138757e+02 1.758156490221490742e+02 2.154739641170546918e+02
6.866060470982225752e+02 -4.830903163519624233e-01 1.364551993126715956e+02 3.593044674630932036e+02 -5.120431876767528223e+01 6.506249631423530673e+02 1.756960651779241118e+02 2.155279231095978218e+02
6.858413431334264487e+02 -4.010758278335852189e+00 -4.086690190345062206e+02 3.588716284768296418e+02 -2.713502804319691819e+01 1.061791493737107430e+03 1.759856487468220791e+02 2.156373210642923652e+02
6.837858052882770608e+02 -3.758308731953835746e+01 -8.148089778000182832e+02 3.580065008193007543e+02 -2.518052277370847136e+01 9.188138956252479375e+02 1.769641043566685426e+02 2.160133352515243530e+02
6.808151885798008607e+02 -4.796881772163369817e+01 -1.258192417425920667e+03 3.573821211222615943e+02 -2.401747164245011490e+01 6.897686590264369215e+02 1.781856341819332386e+02 2.164990449113665534e+02
6.765129416969770091e+02 -7.399731753956348257e+01 -1.937611485526921797e+03 3.568854617625394781e+02 -1.827732959042708671e+01 1.542614658053323069e+02 1.791885092088005251e+02 2.168914396929367854e+02
6.714341484166349119e+02 -9.661966250687919455e+01 -1.628014330760326402e+03 3.575734060413650468e+02 -5.043579422535180434e+00 6.779533881450053059e+02 1.805400423286729676e+02 2.173960781031913143e+02
6.664669496635377755e+02 -1.045702165262509595e+02 -1.498174023878236085e+03 3.593268615357442286e+02 2.029746473127718431e+01 8.792693554071553308e+02 1.814505714056513170e+02 2.177674024892421585e+02
6.602857073161333119e+02 -1.287405343051071895e+02 -1.593361245467621757e+03 3.612395346861922008e+02 1.859260820441899398e+01 8.983929099586395068e+02 1.819049641562779129e+02 2.180483483040554802e+02
6.536467519505912378e+02 -1.392188997202658811e+02 -1.162566517112415568e+03 3.608487566784036176e+02 8.801075508316349882e+00 4.491396117270799095e+02 1.827346021394190814e+02 2.184498552409403658e+02
6.465473617202327432e+02 -1.568179758529070114e+02 -1.280032904839662933e+03 3.590343842229270876e+02 -1.353869459380300455e+01 -9.467009835474774491e+02 1.842615361648182954e+02 2.191361609814357223e+02
6.382357936417123483e+02 -1.688246652371640835e+02 -1.128274971215126698e+03 3.574904239295664183e+02 -2.550789895342950686e+01 -1.220834079441775430e+03 1.859774853229411917e+02 2.197266193767065374e+02
6.321657220565562056e+02 -1.801545434998644453e+02 -8.074026838429305144e+02 3.570286980093619604e+02 -1.190316149619164499e+01 -4.996224624396961644e+02 1.863520891089805218e+02 2.198573924950825074e+02
6.247605883192044303e+02 -1.626214432129258398e+02 -3.059698836974833966e+02 3.574504198328747862e+02 -4.000391389074290593e+00 2.205868435286045894e+02 1.874542500111077459e+02 2.203011849102347810e+02
6.183626331614353830e+02 -1.680985884624579114e+02 -2.027463660959060689e+02 3.573177267393662646e+02 -6.355502860142919097e+00 4.019403127503217661e+02 1.890589962454702686e+02 2.209449926414602601e+02
6.126749853110065942e+02 -1.561418926188897274e+02 6.072987315068592125e+02 3.577080033290949928e+02 -1.692213550670273126e+00 2.175839576362287744e+02 1.901756392567065177e+02 2.213356304438717075e+02
6.069345338878355278e+02 -1.464984215266088370e+02 4.298220945276414682e+02 3.573038007426870308e+02 -9.312225311316678855e+00 -5.633384225863892425e+01 1.920608532895745100e+02 2.219783803142071008e+02
6.023154170271824341e+02 -1.385258627760274521e+02 8.117755046286544029e+02 3.580056270308347734e+02 3.822549050636020684e+00 4.599467577952155466e+02 1.931279240134878705e+02 2.223328179068532222e+02
5.978449662415920329e+02 -1.250297568914969730e+02 6.596587187807732562e+02 3.593352952721863289e+02 1.582296679443968834e+01 5.245478390018236041e+02 1.939026007881143983e+02 2.226028516556397392e+02
5.942602867174385892e+02 -1.170322200654822922e+02 7.953287112560382184e+02 3.611909019093274651e+02 2.325457069938511268e+01 8.476405048855563109e+02 1.956824501748205307e+02 2.232701165597851798e+02
5.914792728027269959e+02 -9.241463429896653281e+01 1.114937676320095761e+03 3.623110753967092137e+02 2.048353447433738239e+01 5.607390664531003495e+02 1.972267423717007944e+02 2.238517234251557113e+02
5.878619484845726220e+02 -9.258746169221527111e+01 5.760101703351227798e+02 3.646680545194921024e+02 3.719143760863669712e+01 6.386376117523448102e+02 1.996144253917459821e+02 2.247961389962524379e+02
5.853577958267341046e+02 -8.012498482696169333e+01 8.836381036649770522e+02 3.679362288499044666e+02 5.866616520229951703e+01 5.506185532513200087e+02 2.010420974636053586e+02 2.254557975047531500e+02
5.824585218992680211e+02 -7.661815465077167175e+01 3.085896985816301026e+02 3.732020067786123718e+02 8.485905824294268029e+01 1.520176284352734683e+03 2.023257314361394492e+02 2.259985213333634135e+02
5.811324048701263791e+02 -5.669811909387303217e+01 9.481100189312987823e+02 3.794186318859598259e+02 1.242510137940935522e+02 2.266661350386634695e+03 2.043696711616067603e+02 2.267071631169361297e+02
