5.225000000000000000e+02 0.000000000000000000e+00 0.000000000000000000e+00 4.745000000000000000e+02 0.000000000000000000e+00 0.000000000000000000e+00 1.245000000000000000e+02 1.895000000000000000e+02
5.210069126223780813e+02 0.000000000000000000e+00 -7.302325632946200795e-02 4.739085940844343554e+02 0.000000000000000000e+00 1.656977684619156677e-01 1.246038654043953358e+02 1.895691995431284624e+02
5.205001944802024809e+02 -2.390392899031629881e+01 -5.972959393842634199e+02 4.736585515751835942e+02 -1.586071005038587423e+01 -3.964571054505536267e+02 1.245527658685788737e+02 1.895802664446025858e+02
5.211345574824246114e+02 6.217719032514997579e+00 1.558589053963133892e+02 4.721096050115337448e+02 -2.506435869422283247e+01 -6.265034031357151889e+02 1.243745105418593511e+02 1.895075126242514614e+02
5.221528292400794271e+02 1.129841838527932474e+01 2.824604596319823031e+02 4.699526692906563312e+02 -3.648745317220470241e+01 -9.121863293051194432e+02 1.243946601710539284e+02 1.895546184489853090e+02
5.247827926079935423e+02 4.964678446718205151e+01 1.584319674364846833e+03 4.695224828855322130e+02 -3.327005081604841052e+01 -4.234303362414863159e+01 1.237611272308708124e+02 1.892496929714175451e+02
5.273522072160291145e+02 4.671402117411261656e+01 1.214448900483923808e+03 4.684870463073110614e+02 -1.216945477973830769e+01 5.009166504251356145e+01 1.238174114868177469e+02 1.892975967504380321e+02
5.300954114823396139e+02 5.993665103721163234e+01 8.974428932071197096e+02 4.669081752427184711e+02 -4.177284205129193850e+01 -1.633366696603590924e+02 1.238147535402592894e+02 1.893405852264700684e+02
5.333417009793848820e+02 7.008739992829356424e+01 1.635659559849374034e+02 4.630999537350696755e+02 -6.791643229710466301e+01 -1.101530189094540447e+03 1.241110239349961262e+02 1.893901541969438256e+02
5.359443434307584084e+02 7.357064646897320870e+01 8.344287112740900056e+02 4.561475451908071364e+02 -1.088385659574898341e+02 -2.349800498356383741e+03 1.240890466147227045e+02 1.893477100020335229e+02
5.380177850610737096e+02 6.310696058315608070e+01 -9.324546191929961481e+01 4.477367593249682614e+02 -1.738477041566296748e+02 -3.039944666622763634e+03 1.251132533900600379e+02 1.899431466838246934e+02
5.390910697842258514e+02 4.132842424430081252e+01 -6.133349880949235740e+02 4.378852747834276329e+02 -1.996845299304919195e+02 -3.393111916783531797e+03 1.257122383855457457e+02 1.902651724776142999e+02
5.401868972734820318e+02 3.143768454321116224e+01 -8.706038111157025696e+02 4.274972449853435705e+02 -2.394293134234561933e+02 -3.060042814865846140e+03 1.260089037951450877e+02 1.904143749964378287e+02
5.414190165869750899e+02 3.068322990231802194e+01 -7.994705670325703295e+02 4.215791558276055184e+02 -2.075326248471932047e+02 -3.699943346585055792e+02 1.259200998288824422e+02 1.903486869844976468e+02
5.427773084884817081e+02 2.671877617992049991e+01 -7.902353416968712736e+02 4.144210401734504785e+02 -1.962471333622831935e+02 -1.433819077577861094e+02 1.257730980486406196e+02 1.902058621105448992e+02
5.453748551079444269e+02 5.014190454401831687e+01 3.184727469185945665e+02 4.067836906339749135e+02 -2.152627681829088715e+02 1.315421572030906191e+03 1.254857103167086194e+02 1.901478203481947844e+02
5.485475094758915020e+02 5.945553254994076298e+01 6.779427146094639056e+02 4.011387642066031276e+02 -1.794272653976030085e+02 6.744661952621997898e+02 1.251974469318254393e+02 1.900055943222141082e+02
5.525593417686367275e+02 7.328650606350916519e+01 1.075770646627963743e+03 3.981232222982362146e+02 -1.302509660663050113e+02 1.201311053077254201e+03 1.263594206981142065e+02 1.904300711254034866e+02
5.556714259739055706e+02 9.376500530144144818e+01 1.173576431056046886e+03 3.967160257640124428e+02 -1.031614630478482582e+02 2.928274725829243835e+03 1.276375694083585870e+02 1.909232582325891201e+02
5.591150997042351491e+02 8.433306581008774572e+01 5.351999454655986028e+02 3.970687764692904693e+02 -6.470594895016796499e+01 2.978680509807790258e+03 1.274620222930401923e+02 1.909246815217159110e+02
5.632705027628863945e+02 1.054475838234726695e+02 1.039432986206114037e+03 3.987816083780305689e+02 -2.723114074747422464e+01 2.635707249237729684e+03 1.275017625845343332e+02 1.910844047510290693e+02
5.664672344971834264e+02 9.293464624474432867e+01 -3.323799328563366089e+02 3.975811527147860147e+02 -2.689309205453013973e+01 1.983013422277185555e+03 1.277381170507536297e+02 1.912661048492525993e+02
5.706373656304372162e+02 1.031301897169839918e+02 7.428331616954234278e+02 3.965009553076804991e+02 -3.384872571242539863e+01 7.729530271011168452e+02 1.280489511184509865e+02 1.913507356688459708e+02
5.747648565150550439e+02 1.022033170037166059e+02 -1.339067510337501403e+02 3.937154400249222022e+02 -5.609318083692639334e+01 -5.174807291799331779e+02 1.285896849019978845e+02 1.915749305232646691e+02
5.807019837600728351e+02 1.200888815463873698e+02 7.277293873097163441e+02 3.881718557830203054e+02 -8.597317191801238323e+01 -1.435989891883610881e+03 1.288918804645714715e+02 1.917629073777451367e+02
5.869194767180279086e+02 1.403841098640760379e+02 7.353965509473051725e+02 3.843090767247959434e+02 -9.788086160033380168e+01 -1.439167123811731017e+03 1.286498602133277132e+02 1.917162870944639224e+02
5.936240582276248006e+02 1.459983914067924502e+02 1.255265294383963464e+03 3.795162205466428418e+02 -1.058956937492785073e+02 -1.271566992373904213e+03 1.286158074855412963e+02 1.918784220003557550e+02
6.010995884725734868e+02 1.744199415480089215e+02 1.146504050785635854e+03 3.735804449549763717e+02 -1.302302875823566239e+02 -1.450734931370317781e+03 1.285676372985274156e+02 1.919005091303536403e+02
6.091251633119201188e+02 1.940336855790393429e+02 8.560162131471198563e+02 3.688355141433302720e+02 -1.396930748992921281e+02 -7.401525076404768697e+02 1.289822622704832895e+02 1.920644432269788808e+02
6.176788104756262783e+02 1.942844309282617985e+02 1.215187314383009834e+03 3.657278911611885519e+02 -1.048386520159922384e+02 -2.543990821853927855e+02 1.300059793347216441e+02 1.925685908438566116e+02
6.248687467222407577e+02 1.940951802193409605e+02 5.262470104648103870e+02 3.636471081416318043e+02 -8.141757301688070925e+01 9.643412041523157541e+02 1.302708838725754674e+02 1.928652790599977038e+02
6.317090827380483233e+02 1.867104920956485046e+02 -1.194380760659260403e+02 3.605129293317339148e+02 -8.351767131395324384e+01 1.349164798883453614e+03 1.318065074198001128e+02 1.938542548902124452e+02
6.396353629964271477e+02 1.772532733343165035e+02 -3.156795404683420543e+02 3.580876297390053082e+02 -8.084253920998268939e+01 9.943839231827701042e+02 1.328601217208455409e+02 1.944244226564704263e+02
6.485494520621693937e+02 2.050228795573685545e+02 5.890363145602677832e+02 3.573550925133133660e+02 -5.221055036050822196e+01 1.091478291244981619e+03 1.342990971443199442e+02 1.951943987853868521e+02
6.553347045750274447e+02 1.833527565018150938e+02 -8.726916758266095542e+01 3.559630996272871357e+02 -4.286057504722845835e+01 1.024190117789207761e+03 1.353587656642167474e+02 1.959042339553860188e+02
6.599443575063944536e+02 1.370453850939740050e+02 -6.732720575396597269e+02 3.538677455364338016e+02 -4.205537669378114884e+01 6.321099360591878167e+02 1.355082548662288104e+02 1.957826851064727407e+02
6.620316939495216957e+02 1.040278289652742529e+02 -2.437029327191298762e+03 3.505931700312956423e+02 -5.962605082219271679e+01 -5.612643751802344383e+01 1.367859248815584010e+02 1.962216318825569772e+02
6.627160763580812954e+02 7.074858864298933270e+01 -2.931675278429330319e+03 3.457124263436684259e+02 -1.000380221674231080e+02 -1.214443187487130899e+03 1.373651662988983162e+02 1.962687685767336063e+02
6.601430715259173212e+02 4.352934694356236811e+00 -3.443891253847908501e+03 3.388854966754759062e+02 -1.379374212452602535e+02 -2.367695137743383839e+03 1.375026602396472981e+02 1.963465142114187927e+02
6.578150170857084049e+02 -1.500530632509585871e+01 -2.984561947210541803e+03 3.297910662769842247e+02 -1.802210964560776461e+02 -2.655890398263173211e+03 1.374551122925535083e+02 1.960363785832898031e+02
6.552956037297329885e+02 -4.189723976604447131e+01 -2.487552970025665218e+03 3.193861248798813222e+02 -2.063718165973581335e+02 -2.833662953573481900e+03 1.366556059353406454e+02 1.958397151329381245e+02
6.535362152061348979e+02 -4.160761379522286774e+01 -1.374095884421364644e+03 3.122364048991775007e+02 -1.946100854593319411e+02 -1.346569502321873415e+03 1.382872215451644138e+02 1.967144270473592371e+02
6.516290702015637635e+02 -4.436529778996714413e+01 -6.846540174337998224e+02 3.059290861157476229e+02 -1.763081795848327147e+02 4.564160624966876298e+02 1.394243918722403350e+02 1.974744925251771122e+02
6.506476115851846771e+02 -4.593473364424131233e+01 -8.367641829445406643e+01 2.990564662120785897e+02 -1.771360764398890240e+02 2.434106002523549250e+02 1.389700476824346822e+02 1.973156297647972508e+02
6.510222665211431377e+02 -1.944224950529700990e+01 9.254836425294192850e+02 2.932728571024424582e+02 -1.726166911077691282e+02 4.874478826871561523e+02 1.391528879416893574e+02 1.974264732880900226e+02
6.520788800819682365e+02 2.615906730837588068e+00 1.574410954546742914e+03 2.867791317013512185e+02 -1.613788461784369019e+02 3.843669425591119193e+01 1.397725248065471817e+02 1.978364474755910578e+02
6.538190863256326111e+02 1.724522753256755436e+01 1.530045385400311261e+03 2.807121144132611903e+02 -1.669133403637510469e+02 3.225842359193646871e+02 1.409519326781725965e+02 1.984113507151280089e+02
6.547202908415085858e+02 1.238117947056611534e+01 1.113858091301593959e+03 2.760364593373735147e+02 -1.425222153014052822e+02 7.437431304774186174e+02 1.401213103072822150e+02 1.979748555527261260e+02
6.562637208089920478e+02 1.579733709492085225e+01 3.151190749397861737e+02 2.720044669222842231e+02 -1.311507353171918169e+02 6.882707957508000618e+02 1.396958918822636520e+02 1.977873672470403221e+02
6.593635570334375871e+02 4.958532585864100639e+01 9.890363162485159592e+02 2.708411432444567595e+02 -8.984320973968999624e+01 2.313238447202720636e+03 1.406013826251784167e+02 1.981292736066462226e+02
6.634411465760183546e+02 8.011298558298423700e+01 1.891649784128662304e+03 2.716240981524475160e+02 -2.295823684010860433e+01 3.021388056871162007e+03 1.406209009204458482e+02 1.980188166362470099e+02
6.671270059869520992e+02 8.159465402255304411e+01 1.549342728748536274e+03 2.748915357539552815e+02 -6.177820678983870550e+00 3.390146379688885190e+03 1.414316735311672915e+02 1.982370155575308672e+02
6.710059374561266168e+02 7.971181595283131571e+01 6.106762870582483629e+02 2.791583233067212859e+02 6.042315522610660139e+01 3.686633880879719982e+03 1.416442825078142960e+02 1.983130519633548658e+02
6.736670826127497094e+02 7.282868303943692467e+01 8.478343027325786352e+01 2.826657468431631628e+02 8.575502140121403727e+01 2.903330443498942259e+03 1.419266875887361152e+02 1.983442991993659632e+02
6.749298627015116381e+02 5.227476859835561385e+01 -6.036791581689998338e+02 2.859986642817331699e+02 6.642646872824290938e+01 1.431055090016746362e+03 1.416647851706256347e+02 1.984863841851343125e+02
6.765415001955924481e+02 5.097486881538728198e+01 -6.456881956456142007e+02 2.884105146885880231e+02 7.083979381318229684e+01 -3.317867536910497961e+02 1.412838799612582648e+02 1.983983463606947453e+02
6.757251463043701278e+02 2.123861760870575566e+01 -8.655559400769608374e+02 2.913091488433371978e+02 9.118582789713114778e+01 -2.605471532883703389e+02 1.407921146335222886e+02 1.984423424554546500e+02
6.751284646918178396e+02 -9.220596011234500011e+00 -1.679911382691955623e+03 2.932859347325480712e+02 5.390379709111228124e+01 -5.294771438779480377e+02 1.403709582891845571e+02 1.984449473426870156e+02
6.746873659821567344e+02 -2.076233943308340102e+00 -1.338040885320666575e+03 2.930679211689017620e+02 2.717734372415918287e+01 -1.250428490208657877e+03 1.393442126013360678e+02 1.979399193818896094e+02
6.749111172382479253e+02 -1.591394125722909614e+00 -5.250337797203177814e+01 2.939198179801289825e+02 3.540130153699361415e+01 -1.193924435030105315e+03 1.387539956080651393e+02 1.977912905868395228e+02
6.771301664421825990e+02 3.086426890142303492e+01 1.417114740421756778e+03 2.959299035794608699e+02 3.842088176205595573e+01 -5.852713023318791556e+02 1.386369343265022849e+02 1.977317322010139549e+02
6.799118702252796993e+02 5.160785382010372047e+01 1.140615406303068767e+03 2.984948126952452867e+02 5.545425694631399693e+01 4.686938652251318445e+02 1.392790093303422054e+02 1.979191615113130069e+02
6.809195214648851788e+02 3.841472541523948792e+01 8.569334641360812839e+02 3.013607058144899042e+02 6.520513441615291583e+01 3.579830320274459154e+02 1.391626386378160021e+02 1.977575599027387625e+02
6.809845343055585545e+02 1.759793643890965242e+01 -2.528183876409170523e+02 3.030175810600086379e+02 5.055596458742702737e+01 4.276555027178987416e+02 1.391886828016467348e+02 1.977119418423347383e+02
6.812998640462833464e+02 1.782978499137972506e+01 -5.036712659835644672e+02 3.020247826548744570e+02 2.826621963724207731e+01 -7.854279826999306806e+02 1.394922342178549854e+02 1.978088792000850447e+02
6.818259311246234802e+02 3.146497808016760267e+00 -9.412202467947934110e+02 3.007929118147779377e+02 3.929718082512145827e+00 -1.790783583580851882e+03 1.383282565181595771e+02 1.970427781354947001e+02
6.823932854930061467e+02 1.999293022114462204e+01 -6.187542282020982043e+01 2.995016923721123021e+02 -5.776491467213083375e+00 -1.131814092565568899e+03 1.385460038601279678e+02 1.971926629900040950e+02
6.827063502696736350e+02 1.038810624932083648e+01 -2.279093203406562793e+02 2.990734384397638337e+02 -5.260871170150259069e+00 -7.221856164101408240e+02 1.382923229004692871e+02 1.970572741508721606e+02
6.812210868990999870e+02 -1.267649973821636777e+01 -1.836394456392631866e+02 2.987069292665543685e+02 -6.038423362588524412e+00 -6.747605099164849207e+01 1.387368839613281466e+02 1.973434122016757328e+02
6.796855452323966347e+02 -3.474715113147416190e+01 -1.087120980065781850e+03 3.006957012036609171e+02 9.204011085398610348e+00 5.663165198509769880e+02 1.384255247218176805e+02 1.973822396592190955e+02
6.776300455817788588e+02 -4.046987917989613237e+01 -1.261712690138809648e+03 3.038631234471470748e+02 4.209530553622634130e+01 1.460690796230526075e+03 1.379634766016698109e+02 1.974191700833449090e+02
6.754047717617902435e+02 -3.575287335744252459e+01 -2.513297011059631814e+02 3.071071066298600840e+02 7.022712917339211458e+01 1.647366386909269977e+03 1.378645546051829172e+02 1.975044762583821125e+02
6.728086749677974012e+02 -5.302741673630993091e+01 -6.734466688252783797e+02 3.125839723058836057e+02 1.064928668107120586e+02 2.051602923905169519e+03 1.373206771263329244e+02 1.973607590008471675e+02
6.656070750702814394e+02 -1.075465112650096415e+02 -2.250898660595949423e+03 3.164594806172869426e+02 9.037103793071597124e+01 1.717661393186811893e+03 1.374834383622609835e+02 1.974965653376769694e+02
6.569050036299310023e+02 -1.720770672117228912e+02 -3.231731770288186453e+03 3.171753141259202380e+02 5.554807104685130525e+01 -6.170577819319915989e+02 1.377314708087225767e+02 1.977492271016920711e+02
6.494633997107558798e+02 -1.627735870813451413e+02 -2.622621413359467169e+03 3.161926033193067838e+02 1.483656360885743730e+01 -2.147974448916550045e+03 1.380906009823592342e+02 1.978370720766590978e+02
6.423369481113384154e+02 -1.799620055018688447e+02 -1.933522057572509311e+03 3.137929018079084358e+02 -2.398066880237756848e+01 -2.540665116412528278e+03 1.383954042147060193e+02 1.978925133836696375e+02
6.377525839704715054e+02 -1.497072045929014052e+02 7.525556065537903123e+02 3.113808497383370195e+02 -3.463608876556407523e+01 -2.067268482450187093e+03 1.390138893981659294e+02 1.981935933142033264e+02
6.337036993762311567e+02 -1.307204985224772713e+02 7.244299489657781805e+02 3.104041620072081855e+02 -3.242160518327357011e+01 -1.381608707311105718e+03 1.382342871259453716e+02 1.979146175370075014e+02
6.311843427004070008e+02 -1.029155787503576818e+02 1.911922267141660541e+03 3.092922117736052883e+02 -1.831617519572831299e+01 6.148347482926642016e+01 1.388729364460358795e+02 1.981200004169797921e+02
6.288013487184298356e+02 -8.164786089848611539e+01 1.923794554441072250e+03 3.078731569983407894e+02 -3.267323822898055141e+01 -2.392211148638432405e+02 1.378937400497922283e+02 1.976116963155986639e+02
6.263595825627817248e+02 -7.566976242941531439e+01 1.344297813090352747e+03 3.063335846681549128e+02 -3.173690245468985438e+01 -4.298789036401113322e+02 1.374559642100055044e+02 1.974529574585761225e+02
6.222155226124510818e+02 -8.760845932658413915e+01 2.204368028122468388e+02 3.057413784284540270e+02 -1.568098293594647963e+01 -8.655171241446332431e+01 1.369623400879378607e+02 1.971836373106767155e+02
6.170685765868031467e+02 -1.081799444477623808e+02 -6.191431704400526996e+02 3.066622349098039990e+02 -1.524123909367463270e+01 7.787898062651778446e+02 1.369637602082183605e+02 1.970333264608091781e+02
6.130028698611782829e+02 -1.036863233916138967e+02 -9.541654680585706956e+02 3.071703195503306461e+02 7.515010760025832681e+00 1.159376781426544539e+03 1.375350080903606340e+02 1.973626695980215970e+02
6.079357755609700007e+02 -1.129981236268429257e+02 -7.243837993665554222e+02 3.074200252605809851e+02 -1.086462227969032845e+01 2.657054023375076781e+02 1.380064881630739251e+02 1.976608609233900893e+02
6.020296092443015823e+02 -1.343125299361026350e+02 -5.620299219782057207e+02 3.082869640689003177e+02 2.683794387175850105e+01 9.189094726578814516e+02 1.383214493063674695e+02 1.978392206410352969e+02
5.979025631416365059e+02 -1.221509644892448279e+02 -4.898572433426355133e+02 3.128809290483217751e+02 5.741399053867430524e+01 8.930957898013614340e+02 1.386086263156086886e+02 1.979646100124811596e+02
5.945256100087510731e+02 -8.758629785812564705e+01 5.814066816592932128e+02 3.169811734940558381e+02 8.756341289156694074e+01 1.890984791434412500e+03 1.383177891252429674e+02 1.978339812044304153e+02
5.915699708268939503e+02 -1.095731353153848602e+02 9.884590120566417681e+02 3.215709709021566596e+02 9.118485065636815534e+01 9.313911414363290078e+02 1.378659197617116376e+02 1.975348275707683854e+02
5.897588470501267466e+02 -7.885919761110356774e+01 1.126488949436458597e+03 3.231650605592162151e+02 8.276907199658995751e+01 1.036150064770002359e+02 1.376029569375766641e+02 1.973023874195550604e+02
5.887955465446935932e+02 -4.260746373724855829e+01 7.714050873403326705e+02 3.221318667887391598e+02 2.429106407822554559e+01 -1.431691440654399003e+03 1.369129015175307984e+02 1.969767388112691435e+02
5.873046295232603597e+02 -5.535763992291732194e+01 1.590918793751447311e+03 3.248365319924211008e+02 4.757456056143593059e+01 -6.871339501285477809e+02 1.352334870096879342e+02 1.963309629643635503e+02
5.854878127581901026e+02 -5.329657770445347609e+01 7.296717188216044860e+02 3.262859644139097099e+02 5.913460768550190494e+01 -6.089258116243833001e+02 1.351565736539957925e+02 1.963580336871357872e+02
5.827138710552904968e+02 -6.346461647746551193e+01 -2.110993149852672843e+02 3.301680312485377726e+02 6.651039184665474124e+01 1.115363210736939891e+03 1.342732172140348439e+02 1.959805843675688095e+02
5.783520496595450595e+02 -8.800069796814184997e+01 -4.900990264021322673e+02 3.352591325244893028e+02 1.031599130145517904e+02 1.570343055378351210e+03 1.337623840411247613e+02 1.957676429614702727e+02
5.710963719217839980e+02 -1.338300324299221131e+02 -2.413992918349758838e+03 3.405103735530230438e+02 8.646308122023940257e+01 1.506610803027804423e+03 1.334250720299019974e+02 1.956350227394125909e+02
5.628831641860255104e+02 -1.692529079515082913e+02 -2.663964136137085006e+03 3.475529336706251797e+02 1.477996747516901337e+02 1.835710823107139959e+03 1.329108986244978041e+02 1.954822740204766092e+02
5.533271023981748158e+02 -1.883715285166431102e+02 -2.530336100410473591e+03 3.537645717589489891e+02 1.328386617015035540e+02 1.308866285131219229e+03 1.336023548040956825e+02 1.957144240163601978e+02
5.420037582710275501e+02 -2.418168884987517515e+02 -2.945140406943884955e+03 3.588024203340903000e+02 1.170598646527023732e+02 9.306531672606619168e+02 1.347309823835840064e+02 1.961557861600286401e+02
5.287460934235937202e+02 -2.843442070721809500e+02 -2.789989541255346012e+03 3.627528217241144830e+02 1.216737994238509799e+02 -9.204222075220551460e+02 1.352662611572794731e+02 1.964077426697086253e+02
5.155434461056321425e+02 -3.063647420734724847e+02 -2.789381870195246393e+03 3.650748753382746372e+02 8.367815095939288028e+01 -7.371670428134377744e+02 1.354156102371987060e+02 1.966128825320011231e+02
5.016641080514189639e+02 -3.111093406462156281e+02 -1.622633001266464134e+03 3.667110549971032469e+02 7.857697196207180923e+01 -1.491658217304540585e+03 1.353716838123071398e+02 1.969276655950041288e+02
4.887961250558399229e+02 -3.213036940204052598e+02 -7.864725288823748315e+02 3.663942632102834409e+02 2.082059594069403374e+01 -1.908723833935042194e+03 1.355747100425106169e+02 1.969841428120242313e+02
4.775851701249566759e+02 -3.092603974681628074e+02 -2.314940741403273989e+02 3.659722240666039852e+02 1.076457817336033784e+01 -1.974513884268865240e+03 1.354215562468299083e+02 1.968414403056091828e+02
4.679888085123353676e+02 -2.715065952184357911e+02 6.305167206872179122e+02 3.646839984148118674e+02 1.355188592488446453e+01 -1.756003061508610699e+03 1.350308710125133302e+02 1.967444350976505802e+02
4.598845374808323641e+02 -2.394845240164377458e+02 1.720351955399599774e+03 3.651762010779506795e+02 5.941056350593371782e+00 -5.118789789714022618e+02 1.352377551326003129e+02 1.969559783886684841e+02
4.528251569109824572e+02 -2.099307564626883789e+02 1.989091150144550511e+03 3.661425785320339514e+02 9.063670254978255514e+00 -2.329684731026407576e+02 1.349983776525900794e+02 1.970946330340561019e+02
4.486545944399560426e+02 -1.713238792593185167e+02 2.676596303103895025e+03 3.659123847192840344e+02 1.485978841183473875e+01 -2.302359623004878983e+02 1.358049968709080986e+02 1.976266804683823466e+02
4.447515969781634908e+02 -1.310842024273813138e+02 2.546904182871247485e+03 3.614321699326725934e+02 -4.578346040103527059e+01 -1.600255317308976828e+03 1.362120672701462070e+02 1.980235503115382301e+02
4.425753131749813178e+02 -1.134953737472690136e+02 2.336003067425994686e+03 3.544129086480979822e+02 -1.197944384676413989e+02 -3.280683201202904911e+03 1.363127581744054169e+02 1.982790674498615431e+02
4.412862402293352488e+02 -7.071785746531642758e+01 2.772683527605993731e+03 3.444116461249736858e+02 -1.567693157832992199e+02 -4.777278634313237490e+03 1.368402676583126265e+02 1.986706149109536454e+02
4.398316961230180482e+02 -5.372701007623630431e+01 1.919779092225549903e+03 3.353448617437717871e+02 -1.904611234342179102e+02 -3.712917462550331493e+03 1.373881689303316591e+02 1.989598681675113880e+02
4.387898540853137774e+02 -5.533200043488783848e+01 1.359282608624604563e+03 3.260738082451705964e+02 -2.194626790741273510e+02 -2.394561990946831429e+03 1.373999689811276994e+02 1.989903548770707857e+02
4.374379259207111659e+02 -4.535685733943036979e+01 5.829629004790838280e+02 3.172216187649051449e+02 -2.121603149159272448e+02 -1.344582427206659304e+03 1.380371432272580705e+02 1.995447409341862510e+02
4.364707586882113333e+02 -3.820552583682064096e+01 4.281121017306039676e+02 3.097466567779842990e+02 -1.940940313784018940e+02 -5.467661188873631772e+02 1.373571997864508205e+02 1.995040308644413471e+02
4.353748550212575310e+02 -3.784281040457365464e+01 3.490841841651480877e+02 3.040009645904738704e+02 -1.905495270009164130e+02 5.706336008068172987e+02 1.369636708373715521e+02 1.994493643852214575e+02
4.343765231322269074e+02 -3.442263546209177605e+01 4.986319168969397424e+02 2.987068095882947318e+02 -1.525658778810422405e+02 1.303734338651577900e+03 1.360902377645006140e+02 1.992190722763567976e+02
4.329974027208532448e+02 -2.621183295947424696e+01 4.418775104723966365e+02 2.944278821538910051e+02 -1.389429443807890436e+02 1.699687225760096226e+03 1.360190009900308610e+02 1.992211551232891225e+02
4.330649450175174024e+02 -2.744059212144343007e+01 2.736066930778933397e+02 2.913220194916479500e+02 -9.669227259246842721e+01 2.422909196359593807e+03 1.372299319606375434e+02 1.997586335042755650e+02
4.359858748286521859e+02 2.706971332676260289e+01 1.435240728769097814e+03 2.918568239583645436e+02 -3.228074553816606596e+01 2.668554015710121803e+03 1.378260220362704445e+02 2.002130033211116142e+02
4.428816304881048040e+02 1.015681579178934868e+02 3.357393601592640607e+03 2.944254497988264347e+02 4.551784634872016788e+00 3.601262684327837633e+03 1.382060369696034172e+02 2.004504635847001737e+02
4.509221572762018582e+02 1.446097498146305611e+02 4.074789892521250749e+03 2.983067047438078134e+02 4.252172340152228003e+01 3.911993176521081750e+03 1.381155380179180554e+02 2.004779486006550826e+02
4.575377187642206422e+02 1.410346368410818627e+02 2.707302565529940239e+03 3.057960906165218944e+02 1.027186292459388142e+02 2.912914546877600060e+03 1.376861091494795915e+02 2.002739986623178083e+02
4.627818120114644103e+02 1.309474448161307691e+02 8.470000947013572841e+02 3.110811172095391726e+02 1.234643925515364913e+02 3.141179601632261893e+03 1.388475266405550315e+02 2.007495921018555123e+02
4.641656426232390800e+02 9.610023103296103386e+01 -1.554357180186854976e+03 3.178768628746171316e+02 1.352538073881074467e+02 2.607840192476690390e+03 1.405045588638433856e+02 2.014525024461019882e+02
4.633754522728486336e+02 3.580538388115185455e+01 -2.739576803769577509e+03 3.250537892926600989e+02 1.618087190417438705e+02 1.065660058050698808e+03 1.404137445388651884e+02 2.014731853087577917e+02
4.619068075152468396e+02 -2.804718439783751016e-01 -2.847695021742169047e+03 3.323984405108183751e+02 1.545086060193777655e+02 4.813224156651949102e+02 1.410876232048922816e+02 2.018793290961000650e+02
4.594216946049071453e+02 -2.382152581162503324e+01 -2.830918935314947248e+03 3.362147400982586305e+02 1.305098001482061534e+02 -1.905525213085875578e+02 1.414338502733658061e+02 2.021356767307343318e+02
4.566243469087887092e+02 -3.202789260501512558e+01 -1.638577788962178829e+03 3.379141090114774215e+02 8.927709662501985122e+01 -1.910937371595031209e+03 1.415536097972046434e+02 2.020114074866190208e+02
4.547930428719253086e+02 -3.864557119247596262e+01 -7.553863978202286944e+02 3.386841186228479614e+02 5.968207198597220042e+01 -1.919818187737961352e+03 1.423084421323389108e+02 2.022674863962127745e+02
4.541223718185875668e+02 -2.604121346676009452e+01 3.828000898033436101e+02 3.399186106794558668e+02 4.186580589054494794e+01 -2.137948914720766879e+03 1.412263883041234749e+02 2.017287562051342888e+02
4.560616199443894061e+02 8.243092457497771974e+00 1.142336750883858713e+03 3.413355310798420419e+02 3.327621783903934727e+01 -1.134991628421918449e+03 1.409680972815085056e+02 2.015733524408198889e+02
4.597270096747897696e+02 4.532729767948730171e+01 1.885066682571234878e+03 3.414086887119900098e+02 1.942759396627623758e+01 -1.285308754550900858e+03 1.410349870552459493e+02 2.016799460513936992e+02
4.624587889198581365e+02 4.404694414320909601e+01 1.859295584650796400e+03 3.400669254680135509e+02 7.535304949678330644e+00 -1.198382362453959104e+03 1.412580362679087784e+02 2.018225618157341330e+02
4.650773430267550452e+02 5.935579225410115356e+01 1.185541377988995691e+03 3.390418477704828319e+02 -1.481568452477901765e+01 -1.055729171692403725e+03 1.416901253152885829e+02 2.021335347697870759e+02
4.686876978791991064e+02 8.000369902630484376e+01 4.694458975465045683e+02 3.392531130302011775e+02 -5.857130170270463232e+00 2.011146532861338585e+02 1.427719899433357682e+02 2.026557208930103968e+02
4.723119169368636676e+02 8.931070775769816805e+01 1.077829324084803375e+03 3.401928556702539481e+02 -6.661613874493267140e+00 3.815179615856983020e+01 1.432583227547139302e+02 2.028936745019798309e+02
4.772416216445259920e+02 1.095592216922893698e+02 1.375607454004712963e+03 3.403937493191327235e+02 6.813161853586363392e+00 6.763737264751020462e+01 1.429382601787415581e+02 2.028313994192204746e+02
4.838744813354045959e+02 1.365935411419788466e+02 1.325657279082122159e+03 3.390884714557527673e+02 -1.291486427076145915e+01 -2.669382659877466608e+02 1.428203823629353337e+02 2.027697956757919542e+02
4.919241271215047391e+02 1.619148633635840895e+02 1.903510424235604432e+03 3.370123845865632006e+02 -3.241859355797466691e+01 -2.345649985825697570e+02 1.426639779609446066e+02 2.025700507549869940e+02
4.997973953077062106e+02 1.726691549830534029e+02 1.502665590501318547e+03 3.362683208788002958e+02 -1.939875169638465380e+01 -6.026556124458394379e+02 1.415089588412782291e+02 2.020223761502332991e+02
5.091511801799676959e+02 1.932525533345980477e+02 1.319760105626960012e+03 3.353900277509756620e+02 -2.487586119270605778e+01 -5.448964988621936527e+02 1.401350438985910785e+02 2.014443376350255051e+02
5.187318377020028493e+02 2.114382050734647294e+02 1.125576835492685177e+03 3.332066381423722419e+02 -5.121009020794154765e+01 -5.711799525489742564e+02 1.394962658296092286e+02 2.012237923078793642e+02
5.287949803137429399e+02 2.258182885052004565e+02 1.298414211290971025e+03 3.298895891743373454e+02 -6.889460916945120061e+01 -1.265769939425152415e+03 1.387450898488417010e+02 2.009234903033984097e+02
5.400473306754183795e+02 2.560251404989878665e+02 1.566407898273409955e+03 3.273669490578668047e+02 -6.833123926602158349e+01 -6.982064614733513963e+02 1.382855888521640395e+02 2.006527562194316943e+02
5.504134146121817821e+02 2.635125283879460198e+02 1.194522698007471035e+03 3.246394423499594382e+02 -8.098699226085514624e+01 -3.825088617993501430e+02 1.391419536302313702e+02 2.009599126825324049e+02
5.585265964803078305e+02 2.447840285957906872e+02 3.252302102508480743e+02 3.245264855128669410e+02 -4.606619768408926063e+01 1.152505821224445299e+03 1.409721682670378868e+02 2.018338503051681698e+02
5.647075641258562655e+02 2.076309624502040379e+02 -1.079027554029413750e+03 3.246688022975956756e+02 -2.119987089867553820e+01 8.172145423449561576e+02 1.425335161268023967e+02 2.026625389378711475e+02
5.691739153229713111e+02 1.616804212505832083e+02 -2.490079739220017473e+03 3.202268604063482371e+02 -7.511991771765865167e+01 6.953165409714088696e+01 1.431245535495947934e+02 2.031586941438033875e+02
5.722445283328291907e+02 1.267899913438665465e+02 -2.897720624891713214e+03 3.162364474871174593e+02 -8.755855391521532738e+01 -1.218752971607530071e+03 1.447201019031688247e+02 2.039404492709606416e+02
5.728767475085846854e+02 8.898216785734965129e+01 -3.337335506582204744e+03 3.148932771590947937e+02 -5.923387832658603713e+01 -8.706921465090977108e+02 1.457808008412451386e+02 2.043986338806161314e+02
5.733750076283718045e+02 6.064438555019273025e+01 -2.622387912406010855e+03 3.134469904855529876e+02 -5.322130077766348677e+01 2.541065519940283366e+02 1.469266343705250790e+02 2.048822314794470572e+02
5.746233952957003339e+02 4.368873875598499978e+01 -1.964823460094252596e+03 3.135258561170638245e+02 -3.772906560611578186e+01 1.416047239466241308e+03 1.482624608006447886e+02 2.054276118590138367e+02
5.746060497486463419e+02 2.240704220045853390e+01 -1.694317351558446944e+03 3.131420435705088039e+02 -3.063071428499761950e+01 7.339925355601262709e+02 1.490420676008751286e+02 2.057796940159792598e+02
5.723651984249125917e+02 -1.632636456731418662e+01 -1.740147351792960762e+03 3.128891683316026615e+02 -2.052121550613205869e+01 6.861623971771454080e+02 1.490817713645358253e+02 2.056404111106681398e+02
5.695782743628734579e+02 -2.894252752622623959e+01 -1.949550331989031065e+03 3.139487478672479028e+02 -1.331283812709060399e+01 5.197053704542472587e+02 1.494099917685115315e+02 2.056182348313120372e+02
5.675008503959172685e+02 -5.136702828674187771e+01 -1.931872396582693227e+03 3.122937007072068809e+02 -5.932754276827892248e+00 3.358691617723408740e+02 1.506210858569831430e+02 2.061173290818398414e+02
5.648930671046207408e+02 -5.033286748010613820e+01 -9.897889492321596663e+02 3.111304361951798683e+02 -1.799051708522444315e+01 3.875059380119737966e+02 1.514172268107425907e+02 2.064693533317900460e+02
5.626907103455271226e+02 -5.446180084383988884e+01 -1.092886319043803496e+03 3.101416635551935883e+02 -2.308505487046977223e+01 -6.459009478967220730e+01 1.515710817015056762e+02 2.066033641156981560e+02
5.597169851960311462e+02 -7.334190295484987132e+01 -9.071365791900133217e+02 3.099536681506044715e+02 -1.135553181365559183e+01 2.872608801970920922e+02 1.516776629368235660e+02 2.066645785307366339e+02
5.565275896622426899e+02 -7.709896783125284969e+01 -6.178361505092198058e+02 3.099328429426188336e+02 1.095623164234605795e+01 1.026234225545182881e+03 1.520945730350205167e+02 2.070105229728285678e+02
5.526461865091729351e+02 -7.954303312359532185e+01 -2.664664049359377032e+02 3.097688111576925394e+02 -2.367495656567056628e+01 1.166080291330084862e+02 1.518046233545906318e+02 2.069375772548885095e+02
5.482487464881415917e+02 -1.009033717895830478e+02 -8.892604900119905551e+02 3.113133861103347044e+02 -2.351254049683737968e+00 7.688172602994711724e+02 1.512700179659201467e+02 2.066618255651625589e+02
5.430388483255455867e+02 -1.216978241966247083e+02 -8.079058945299877905e+02 3.120277268486559592e+02 8.899891486018351117e+00 2.024094504081220407e+02 1.504561721838352639e+02 2.063678134426697852e+02
5.367352922716896728e+02 -1.350554344979919961e+02 -1.427802600907416945e+03 3.147249730950474600e+02 8.776543453999476441e+00 1.383084290117554929e+03 1.509238264783875252e+02 2.066107910652103499e+02
5.329511356348524487e+02 -1.124951703604315156e+02 -1.410023504074283380e+02 3.172615558284936128e+02 4.204382782313373923e+01 1.368919005652016949e+03 1.506740590003540206e+02 2.065224782062243776e+02
5.288166688826906920e+02 -1.078452551575624341e+02 -2.760360019562599021e+01 3.222087055283894301e+02 8.835361419409071004e+01 2.334930601929834211e+03 1.512379083481530699e+02 2.067380854424032179e+02
5.237280919927757168e+02 -1.233940804562052733e+02 1.688728266922770729e+02 3.264708397864295080e+02 1.070223181426497092e+02 2.055457643298879248e+03 1.530764921029292509e+02 2.076457360661201221e+02
5.187375997570692334e+02 -1.365222181385008753e+02 -5.237180032963764234e+02 3.291392930611840484e+02 7.650325397460414933e+01 8.739043494485533756e+02 1.534985850058261576e+02 2.079661464785244220e+02
5.130356649397282354e+02 -1.278539542894883567e+02 -5.944498512231409677e+02 3.309792949286347152e+02 6.049218991192767447e+01 -4.584960689065876522e+02 1.533815422782685403e+02 2.080024233630711024e+02
5.063997244533067033e+02 -1.526577687078679446e+02 -5.433731266169061200e+02 3.318370374197893398e+02 5.354642836034346942e+01 -1.361509325568049917e+03 1.532646876694702769e+02 2.079781179680441028e+02
4.999329047992938513e+02 -1.638761827994529483e+02 -7.187419209248840843e+02 3.351452062693074367e+02 6.332942709832410344e+01 -3.378375556749802513e+02 1.541701083827755667e+02 2.083273393983851065e+02
4.949011980471961465e+02 -1.254909396575049669e+02 2.674244703820755831e+02 3.388056656575608372e+02 8.697206968869230082e+01 7.311198268100094992e+02 1.541445802134240637e+02 2.084324625278170515e+02
4.900937431312349872e+02 -1.191531635129549898e+02 7.568994592170412261e+02 3.423431388461070810e+02 7.160682603966452575e+01 1.055836137195131869e+03 1.549455609133543135e+02 2.090027976038004738e+02
4.868065393360615190e+02 -1.063977833545887677e+02 1.334718872259714772e+03 3.435920838064686222e+02 6.400051524460354813e+01 -2.987736847831348541e+02 1.554014822582875297e+02 2.092994766562823656e+02
4.839497350664913711e+02 -9.667931191745233832e+01 7.160188289584901895e+02 3.433257503595700086e+02 2.090814204693332101e+01 -1.275276429520908778e+03 1.574124385279107230e+02 2.100858041384713317e+02
4.813265623547529231e+02 -8.254321296507023931e+01 9.324172245326757320e+02 3.413877204264658189e+02 -5.014438792067170692e-01 -2.173265563056797419e+03 1.586999332260286337e+02 2.105272824282629927e+02
4.797422054842490411e+02 -7.229193967072033900e+01 6.224939394899712397e+02 3.409857497721804407e+02 -3.274744493109791321e+00 -1.728902367040432182e+03 1.600144613167456669e+02 2.110651365511113227e+02
4.769929762354072977e+02 -7.902128265005990215e+01 4.964590797048757622e+02 3.412506326819337232e+02 7.965540200234691781e+00 -5.079414637862050199e+02 1.607937513917501633e+02 2.113948861431538262e+02
4.759973218109390132e+02 -4.034698859257365910e+01 1.137771592970649408e+03 3.425209639408778912e+02 2.831332837119882129e+01 8.603100404039392970e+02 1.606494840796494543e+02 2.113243201079199878e+02
4.761744245390015067e+02 -2.734044456449197469e+01 1.320884617316665071e+03 3.426764620842348563e+02 2.166295063729062420e+01 8.627616228539833401e+02 1.615223235015868397e+02 2.117358888348898347e+02
4.767380846613768881e+02 -2.318568739256571121e+01 1.870429678684532746e+03 3.442213996334659214e+02 2.274443570118471669e+01 4.731125143568258409e+02 1.624769717085999616e+02 2.122230623443910531e+02
4.783786466974021891e+02 1.018400108430401119e+01 1.260792668100045148e+03 3.452795108557265849e+02 4.003493804826938174e+01 1.049363570779974708e+02 1.625596315899169895e+02 2.124650367278248382e+02
4.819562289966781918e+02 4.705833969152364915e+01 1.800117709944011949e+03 3.466395834552133124e+02 2.922927602483928666e+01 3.852975485760031802e+02 1.619782987345750485e+02 2.123585531500778245e+02
4.848560949880365456e+02 5.386605329971300193e+01 1.511955536042439235e+03 3.471699522767799522e+02 3.565303699757606637e+01 3.873360348972997969e+01 1.622914268603620656e+02 2.125297113127985540e+02
4.862365934484152490e+02 3.522996639455396917e+01 8.726467587695059365e+02 3.494776468078447351e+02 5.134220420570477472e+01 -5.144088954998255048e+01 1.619395487210121587e+02 2.122913115964331894e+02
4.870332541457551656e+02 3.329997971780201738e+01 -6.652203457614729132e+02 3.528371850800699008e+02 4.961617819994992118e+01 4.365592000060788109e+02 1.624818468062279351e+02 2.126097216533827918e+02
4.870669538359950366e+02 2.513903249686279295e+01 -7.102635673597837922e+02 3.541342664930177193e+02 4.753576097222680374e+01 1.423865983037525780e+02 1.633955852632213066e+02 2.131498973511543511e+02
4.841108346310518300e+02 -2.822887471634608758e+01 -1.980610139189937172e+03 3.554404109269424907e+02 5.033302367156675672e+01 6.954710413623230636e+01 1.638603865774643964e+02 2.134576050127695339e+02
4.807505064994867894e+02 -6.996745272636998436e+01 -2.287450121640525595e+03 3.554795741372946054e+02 3.558769913993773315e+01 -6.552650645830409530e+02 1.659852552215065771e+02 2.143487368888326614e+02
4.752715302250857690e+02 -8.732829744175880649e+01 -2.945646099766345287e+03 3.547771634925824742e+02 8.176519056847540767e+00 -1.280079643421291848e+03 1.669546498223877506e+02 2.147585457706997261e+02
4.700598758934424950e+02 -1.160121331541001126e+02 -2.344712455432170373e+03 3.541816576172124655e+02 -7.069673757597655595e+00 -1.380057070218012086e+03 1.659862557870749527e+02 2.144744614932155287e+02
4.679197918192570569e+02 -9.110364981779606808e+01 -6.535776441484499628e+02 3.531375199222609353e+02 2.669362761016929930e+00 -1.156943745070680734e+03 1.652746930399674739e+02 2.142471919486950185e+02
4.663486026166127658e+02 -5.415302429357356573e+01 4.118802813207649365e+02 3.523549885595116393e+02 -1.352404176484250975e+01 5.162261500583309726e+02 1.655345693655243622e+02 2.142498901405823801e+02
4.657016025940417308e+02 -6.307447401799059605e+01 1.192909607059920063e+03 3.509405077885191986e+02 -1.524551651519134410e+01 -1.568197802753837067e+01 1.661442242347181946e+02 2.143428484978113033e+02
4.660073580698689852e+02 -3.626999142888138294e+01 1.515642601610258225e+03 3.503461439148400132e+02 -1.455570546611734706e+01 -4.686010454710987005e+02 1.661451416005465092e+02 2.143091193772911822e+02
4.667670705052322546e+02 -1.010005321113403021e+01 1.154396483796528173e+03 3.500639421397895035e+02 -8.517273056364178530e+00 3.495285730166446569e+02 1.668477220936039771e+02 2.145758696364653417e+02
4.680059634664016812e+02 -1.679310533342144030e-01 1.231621374948206494e+03 3.524572390065594050e+02 2.713213596956988738e+01 8.983733746679195065e+02 1.678122573209945188e+02 2.149269116701103997e+02
4.721348795354594472e+02 3.855148495698669819e+01 2.129978717842002425e+03 3.568857148355072013e+02 6.853598564708917706e+01 1.948982170318318822e+03 1.695547916819751890e+02 2.155756812774654634e+02
4.750201842822213507e+02 6.370766391955719143e+01 1.944510530345452480e+03 3.630513465946589236e+02 1.013000809175097316e+02 2.740129571212523388e+03 1.694189018691853335e+02 2.155527475077655311e+02
4.782252864079945880e+02 7.581196746450432045e+01 2.117573355308827558e+03 3.686817231048656822e+02 1.137754830823043477e+02 2.204754617641664936e+03 1.690366841199874273e+02 2.154741230312615130e+02
4.818060619074719284e+02 7.884016372356542490e+01 7.872320557356122208e+02 3.720249226381184826e+02 9.554350836638413114e+01 5.216576631600592009e+02 1.687309665948848760e+02 2.154312280672259021e+02
4.877884236733744387e+02 1.191406130135356136e+02 1.491021504691327436e+03 3.761948403514509778e+02 9.542550621629804652e+01 -6.238696878699274748e+02 1.684237758839624632e+02 2.153993926613411247e+02
4.931040998421638051e+02 1.200933680550970450e+02 1.159757100058938249e+03 3.800340515172205755e+02 1.025282064533949011e+02 -6.621432675919021449e+02 1.677208855362877387e+02 2.151492123574731465e+02
4.989018157700167535e+02 1.280233247136874297e+02 1.074222881088662916e+03 3.848511991515241562e+02 1.056660524897205704e+02 4.599222904802805942e+02 1.674482274771567347e+02 2.150854428759805330e+02
5.041537250742551919e+02 1.294066765053756285e+02 5.761571181949703941e+02 3.891788745121895090e+02 9.614854779457461120e+01 2.968043431961786638e+01 1.673092317242118270e+02 2.150622476537838281e+02
5.104859068000223488e+02 1.356828267848026712e+02 2.372968871993122093e+02 3.903740523493707428e+02 6.832661849817597499e+01 -1.471008922935767941e+03 1.666025573060902047e+02 2.147324222802869542e+02
5.168353213523083696e+02 1.586735180268051408e+02 4.892400848160627902e+02 3.914104486591940031e+02 4.351630503307568176e+01 -1.524294689141824847e+03 1.668920108024342710e+02 2.148181421517363390e+02
5.230572655421789250e+02 1.511673368142140532e+02 3.965812554679270079e+02 3.929106585212156233e+02 4.561844245404433451e+01 -1.120890110666750388e+03 1.680801253202672285e+02 2.153029759790424293e+02
5.297063761632238084e+02 1.513808186589244258e+02 5.472241486955006167e+02 3.945175471857179446e+02 5.550580595217802937e+01 -1.544689189611702318e+02 1.672637107403818675e+02 2.150518975470804435e+02
5.376181098272534200e+02 1.789339156755114004e+02 1.021301581136527830e+02 3.970394732785984502e+02 4.651301580197747398e+01 -3.075329172279720638e+02 1.669918601213684326e+02 2.150652926741454678e+02
5.447290330239843570e+02 1.588375829907421632e+02 -1.821412325301486419e+02 4.004667453199537590e+02 7.398606406836969995e+01 8.031885030115822701e+02 1.664970111016381509e+02 2.148363331145855852e+02
5.500861977521013841e+02 1.432269721988152753e+02 -5.100101007952311249e+01 4.050850598685749446e+02 8.665406808135890060e+01 1.246165475601052776e+03 1.652590915356276753e+02 2.143448022314433388e+02
5.555802119278566806e+02 1.532736845378515511e+02 -9.218836654282649761e+02 4.098450070461262840e+02 1.084750476010700027e+02 1.215176964773734881e+03 1.660575080321218877e+02 2.147277638192859683e+02
5.607465608059088709e+02 1.382093564197176363e+02 -6.493690966142432899e+02 4.148176833311304676e+02 1.235595596695243756e+02 1.596729316736591954e+03 1.678368676315963341e+02 2.154448064046144395e+02
5.659419232649380547e+02 1.361543249491082861e+02 -1.953822693856753006e+02 4.187842375114715310e+02 8.063986341111414902e+01 -2.123100738052641816e+02 1.679706595804235292e+02 2.154801418436202596e+02
5.714453963422946572e+02 1.381737401277704862e+02 -2.551766602417405920e+02 4.215840386194690268e+02 8.082183111618834914e+01 -5.403769263932638296e+02 1.692417130712249502e+02 2.160926388461007548e+02
5.764797947527964652e+02 1.358911373574155164e+02 7.484614700944395338e+01 4.229791296454108078e+02 4.853746866644623736e+01 -1.755318404161859007e+03 1.682153772453048646e+02 2.156762479274498787e+02
5.808199163195926076e+02 1.211689310516228346e+02 2.798699383852762139e+02 4.239789560017178474e+02 2.689905469986618414e+01 -1.537955653372445568e+03 1.673050580999505144e+02 2.153532913633608246e+02
5.856050730048452806e+02 1.293117595798513548e+02 1.484222846196187220e+02 4.240677022278060235e+02 2.998650179913057912e+01 -5.123854864561781142e+02 1.661639257592618719e+02 2.149473793570515454e+02
5.906302196640066313e+02 1.305261881136070770e+02 -2.477996833449522640e+01 4.260857914843744538e+02 4.096494593377353510e+01 -1.282210685894193603e+02 1.651697637782237393e+02 2.144580067301559154e+02
5.962016488611978957e+02 1.296788111523453040e+02 2.738118585300107384e+02 4.281909759545656584e+02 4.133341923995689626e+01 2.359748525202028020e+02 1.653093529039410328e+02 2.144803152959684951e+02
5.986443165954501637e+02 8.373044038747899265e+01 -1.554185549985357738e+03 4.286489280196009304e+02 3.462196835727570488e+01 -3.786570998161749912e+01 1.658790779087003102e+02 2.147221764401381847e+02
5.993173894594050353e+02 5.985134812941922888e+01 -1.713006423675096357e+03 4.294254090541479059e+02 1.820456467301117698e+01 -5.594469681951732127e+02 1.654371939646214571e+02 2.145615621878054640e+02
5.999220179587980510e+02 3.438925915946590806e+01 -2.224242318761790557e+03 4.310762460240702580e+02 2.095414053395099785e+01 -8.081823915121792652e+02 1.650058857919134425e+02 2.144468258499155695e+02
6.003961969684798987e+02 3.127053379493118612e+01 -1.450892020079675603e+03 4.293546407853185656e+02 -9.960635863238572085e+00 -9.368852075247716584e+02 1.642151251628056059e+02 2.141441113468195567e+02
6.019563950144055298e+02 3.780314062243000706e+01 -5.659902709467021396e+02 4.261027331577292330e+02 -4.042381524045825358e+01 -1.198655972786706570e+03 1.653324754380520858e+02 2.146285672606307173e+02
6.035826964009669382e+02 3.623337691932918858e+01 6.031637016490500969e+01 4.251818346362236412e+02 -2.459033258240429021e+01 -8.486076841677888751e+02 1.657389525196143438e+02 2.149018716033571650e+02
6.050176691651992087e+02 4.858057390119352448e+01 1.525511790778523959e+02 4.244924384953721983e+02 -7.662805869468139797e+00 3.403855305746394606e+02 1.655351183903712524e+02 2.147440614979220470e+02
6.081269115813563531e+02 5.074288298561056365e+01 3.980085233452776379e+02 4.251807748365896487e+02 -1.421213558985971837e+01 6.324358353665347749e+02 1.659387696034594342e+02 2.148586484664025420e+02
6.103505359732740772e+02 4.688322085478974799e+01 3.294126605158747907e+02 4.276091069036283443e+02 3.613287006190052608e+01 6.345082404387172801e+02 1.653790662487034808e+02 2.145228480607901247e+02
6.106558383780744634e+02 2.181093662745330164e+01 -6.980113299295796878e+02 4.307180953915484451e+02 5.259995697705716111e+01 1.475656114073561184e+03 1.646575205574549159e+02 2.141861367958140079e+02
6.104668157265525679e+02 1.673235178060524220e+01 -9.030473908941386298e+02 4.344773561401231632e+02 6.739521203262907534e+01 2.000699380941782692e+03 1.643863683143162007e+02 2.141317152762259468e+02
6.089711099831780530e+02 6.035597850566289946e-01 -1.271140203147569991e+03 4.402593677250703195e+02 9.132050388138418384e+01 1.437646450450125485e+03 1.656617671521280215e+02 2.147738050219539048e+02
6.066077446873086956e+02 -4.036582649577459847e+01 -1.603874312505375656e+03 4.465305060263227688e+02 1.149752405491413896e+02 1.551142190275188113e+03 1.659356694744722063e+02 2.149224968827345492e+02
6.035661221274983745e+02 -4.308419321756149145e+01 -1.057030251925822768e+03 4.526050265552673864e+02 1.221621399072750478e+02 1.662403423779184095e+03 1.653506455488513041e+02 2.147739156909276232e+02
5.995667817048753250e+02 -7.856839805157000001e+01 -2.061579618632184975e+03 4.574730561691075081e+02 1.165041807077323313e+02 1.403507723192083745e+02 1.645695201353707944e+02 2.144164517518340745e+02
5.954859778874672429e+02 -8.680911082417556202e+01 -1.495052367930699120e+03 4.624989130850613037e+02 1.259032663182994298e+02 1.942920191498970439e+02 1.645295976668845128e+02 2.144552410115830128e+02
5.911584195977765148e+02 -9.818635359834850362e+01 -8.655600252843069029e+02 4.659963030810711189e+02 1.204268482345100182e+02 3.494476439828329717e+02 1.650689851539563620e+02 2.147241215858699661e+02
5.872049580401702542e+02 -1.045017083518050214e+02 -8.262708084790696148e+02 4.704120290608778419e+02 1.115842623962983708e+02 -2.461695017515597215e+02 1.634285789056393696e+02 2.141243802064255988e+02
5.837961247418885478e+02 -9.310310915847153979e+01 -3.288080781947164155e+02 4.728489340273386006e+02 1.020242426879269857e+02 -9.973591020278931865e+02 1.626681722679842892e+02 2.137623720856567218e+02
5.796555222913953003e+02 -9.744583842570138188e+01 5.358145228590131381e+01 4.728963503803714730e+02 5.915049067334820165e+01 -1.458263574593789144e+03 1.620432737053199901e+02 2.134752059778135447e+02
5.742908533730113732e+02 -1.082657918089472275e+02 3.597945886324208118e+02 4.711248635350764857e+02 -1.025497959122946945e+00 -3.305519739349408610e+03 1.629708064179324936e+02 2.140182520837634002e+02
5.716195704781083577e+02 -8.049492842579662977e+01 4.424656026122099206e+02 4.704199631610485426e+02 -1.263093367977663473e+00 -2.390418650143612467e+03 1.631126049796026507e+02 2.142728868337659947e+02
5.708581477320115027e+02 -4.403186858710341056e+01 1.441425251353570957e+03 4.680353808602192203e+02 -3.350432535278201129e+01 -1.961293850079143795e+03 1.628080791441820168e+02 2.142035389355453106e+02
5.737305889327826662e+02 4.859440305035786167e+00 2.707905529412133546e+03 4.658336548579587770e+02 -4.006343828789071893e+01 -6.141850443559270616e+02 1.629411305815073376e+02 2.142807264662994839e+02
5.774191251150749622e+02 4.068689079203426928e+01 3.194572467303125450e+03 4.629814123452837293e+02 -5.663092598410822376e+01 -1.807020830234794857e+03 1.627161779466740938e+02 2.143491620659290788e+02
5.821676293422788149e+02 7.381944353084243460e+01 2.935681603403189001e+03 4.589768039394664925e+02 -7.635637953575592007e+01 -6.475397185325317650e+02 1.621753807253221566e+02 2.140952438566313560e+02
5.871808845254544167e+02 1.025326036749709715e+02 2.471256604975824303e+03 4.539692092306462428e+02 -9.691671445599233436e+01 -1.285350299595133492e+03 1.621084090932239121e+02 2.141146902686230931e+02
5.916148594740940325e+02 9.991845394381435597e+01 1.278647322829607447e+03 4.479988847203209161e+02 -1.090197712440575941e+02 -1.500078576429480790e+03 1.630411696284004393e+02 2.145447205382215543e+02
5.954309633336681600e+02 9.914497873425884222e+01 6.221609725850551058e+02 4.396192256584621987e+02 -1.693774345888571702e+02 -2.172014052317044388e+03 1.631549556652513786e+02 2.145546147530949099e+02
5.984331115875273781e+02 9.695860098552526551e+01 -2.519602791373488415e+01 4.335656118216842856e+02 -1.604028207608816103e+02 -1.454929883506438273e+03 1.650437361928750875e+02 2.153515042432407540e+02
6.013156270666177079e+02 9.102736707879017786e+01 -2.890693891009561867e+02 4.263148945817254116e+02 -1.598554421807026813e+02 -1.555134901015106152e+03 1.643989905215381100e+02 2.151459770788399339e+02
6.039177075701958302e+02 7.601804764129093428e+01 -5.535955522935793169e+02 4.182082138610849711e+02 -1.906785749104249987e+02 -4.361554783606680417e+02 1.647121542742947042e+02 2.153992958438242340e+02
6.068322739510361998e+02 8.866234625108596390e+01 1.261211804318765957e+02 4.117140380662432335e+02 -1.849820174980231116e+02 -5.110183938838909512e+02 1.648544581427648552e+02 2.154562466656397532e+02
6.110500611391546499e+02 9.081771812983014058e+01 8.439743550081800549e+01 4.039795271297509203e+02 -1.886426477888947772e+02 -7.142024339557192434e+02 1.652351143540182647e+02 2.156732102406043623e+02
6.151097079092039621e+02 1.070168853566995182e+02 6.585881472017084661e+02 3.966710075372221809e+02 -1.894405637147137611e+02 1.930147228058023927e+02 1.646801080286336116e+02 2.155841778630075112e+02
6.203663653462660932e+02 1.190096583325842801e+02 6.791388603651085987e+02 3.897348728525790875e+02 -1.862051814835330674e+02 -2.733898955789892398e+02 1.647537149501101226e+02 2.156671415225536919e+02
6.238114866097020013e+02 1.046036215929773050e+02 4.805945315200125947e+02 3.843759661634676945e+02 -1.568796123592526328e+02 1.050682307716162086e+03 1.659444795936380501e+02 2.161612640329858834e+02
6.267964353814442120e+02 8.427091229158136798e+01 -6.956186399560111795e+02 3.795261178540705487e+02 -1.439760738453360602e+02 2.533038105265000297e+02 1.670362379826453605e+02 2.166229535389010437e+02
6.271456126460006999e+02 4.381470475765172523e+01 -1.682815327804299841e+03 3.758308645148639471e+02 -1.228135531912666920e+02 1.317181627658885873e+03 1.657463980655186617e+02 2.161069793395622014e+02
6.287232146231568777e+02 3.180785732304547153e+01 -1.671388022089010065e+03 3.727808509253425768e+02 -1.119781039744387101e+02 1.562573925736079900e+03 1.659820696521206003e+02 2.162444574760893659e+02
6.286703713395999102e+02 1.782365397007223962e+01 -1.243013816170386917e+03 3.695180903060366973e+02 -1.165289292132997190e+02 7.014697148826895727e+02 1.677477812477963539e+02 2.169808952419503214e+02
6.272801202432726768e+02 -8.534578665429338074e+00 -7.877227442298553797e+02 3.679300685271223870e+02 -9.568724942137176015e+01 5.248080913491758110e+02 1.683299786427386096e+02 2.172121862950952789e+02
6.259057447353559382e+02 -1.666799368887864929e+01 -1.048410730179274651e+03 3.649403290307994894e+02 -7.877639455760255771e+01 1.116477487061573129e+03 1.687473732742403456e+02 2.173349693100307150e+02
6.245071120875619499e+02 -2.473455738166290629e+01 -7.169419013731994710e+02 3.628901532325690482e+02 -6.904482909741686569e+01 9.681278346771202905e+02 1.689744787915893767e+02 2.173633333834033863e+02
6.205147237955229684e+02 -5.226719566090274327e+01 -1.604337862934302166e+03 3.613712928093814298e+02 -4.353431313289485161e+01 1.456361696462626014e+03 1.696729063154533037e+02 2.176708593539138690e+02
6.186646011330078636e+02 -4.965691857542586973e+01 -1.510892978376771907e+03 3.610745028425611736e+02 -4.006845348569705578e+01 1.199153466147299014e+03 1.690675884737970875e+02 2.174572403458512611e+02
6.167428124346481582e+02 -2.995986820089840208e+01 -4.920871405539442094e+02 3.610062306709104973e+02 -1.779059871983902497e+01 1.493412885088836902e+03 1.687158326358546390e+02 2.173065864969697145e+02
6.150148267141586302e+02 -6.343686553314118726e+01 -4.012379824302915949e+02 3.610189450327682721e+02 -7.054501620378574422e+00 7.419188474165925982e+02 1.689931661101794305e+02 2.174275482185380213e+02
6.109988437117734748e+02 -6.761548391217564813e+01 -1.399773738130645597e+02 3.617160066590548695e+02 -3.938056842283939041e+00 7.122968881953955815e+02 1.694602783819574370e+02 2.177467894702030264e+02
6.048556824693285989e+02 -1.067453774157883828e+02 -2.020375498438757404e+03 3.631786381150788543e+02 1.761850630572126164e+01 8.253359451910662301e+02 1.699981658197220327e+02 2.180531135389508677e+02
5.990408078613615999e+02 -1.250288694204294444e+02 -1.429621437007686154e+03 3.647698566522441297e+02 2.574130581336828172e+01 7.517126670410882525e+02 1.703232217851349617e+02 2.181814058619697505e+02
5.928837425291617365e+02 -1.369376770135085337e+02 -1.843603567692824527e+03 3.668509316395586666e+02 4.215080160886858351e+01 9.464168084911229926e+02 1.698791693283653217e+02 2.179262871353648450e+02
5.863430209393859514e+02 -1.579998577864675156e+02 -1.330849270221453708e+03 3.687919867274015360e+02 4.199386322080279399e+01 9.024810147999768333e+02 1.708787123120648914e+02 2.182444446137778300e+02
5.809763851967791197e+02 -1.595924761377044376e+02 -9.787181660297633243e+02 3.685024132680922548e+02 1.301420305225552987e+01 -2.227271026115691086e+02 1.733399842439166605e+02 2.192386010777799754e+02
5.725976736615867821e+02 -1.644951375136809020e+02 -4.020922684392509723e+02 3.667492596308960628e+02 -1.264986902962990989e+01 -1.294774981831266587e+03 1.751297942044311640e+02 2.199049811594215100e+02
5.649087013370883597e+02 -1.986616742469541066e+02 -1.049327859707445214e+03 3.662025673191443502e+02 4.654682159059470692e+00 -8.623442625230289877e+02 1.762777179247790684e+02 2.202623506499237180e+02
5.558974121378737436e+02 -2.102238626513881172e+02 -9.830759917025200139e+02 3.664127874215856195e+02 -6.646173977590442483e+00 -4.072449110371688903e+02 1.771868426343259273e+02 2.205882006700072964e+02
5.476403666412712710e+02 -1.958055438686950822e+02 -1.350714010611436379e+03 3.688337828310592386e+02 2.854770021421239079e+01 1.382617915285966092e+03 1.763318603343429061e+02 2.203303405047462888e+02
5.403454630985228277e+02 -1.895416666734724629e+02 2.247774401123237169e+02 3.720831520449332857e+02 4.987592492660366617e+01 7.564401372712943612e+02 1.765725737638923363e+02 2.203952570415628713e+02
5.329504357106965244e+02 -2.048942534327782141e+02 6.640748949320044403e+02 3.736298662834244624e+02 2.420423700245834553e+01 2.474598771120379865e+02 1.775101400576407684e+02 2.207709773675464362e+02
5.263535263341607333e+02 -1.666726539977507855e+02 5.855329443728793422e+02 3.729854388243959988e+02 4.409796792563932755e+00 -7.399718461762407742e+02 1.788271104194554368e+02 2.213025353495784771e+02
5.224400047704524468e+02 -1.443504965215210234e+02 6.446984854670722598e+02 3.714107359505322279e+02 -1.395612939925269380e+01 -1.355932377109500067e+03 1.793151619153750573e+02 2.214322769804645930e+02
5.180388785338839170e+02 -1.282104119015626225e+02 2.002921224341243260e+03 3.715181108852067950e+02 -6.334843670793135484e-01 -9.942355303599772469e+02 1.808807630392178396e+02 2.219278644973096277e+02
5.103285351745011553e+02 -1.567967506980313317e+02 -1.619609249599122052e+02 3.720267030861556918e+02 8.639714444645949953e+00 -1.029855204299965550e+02 1.827592197959091607e+02 2.228691216248700471e+02
5.054476538994344992e+02 -1.421231691075302308e+02 1.732679611206272909e+02 3.743467473222540889e+02 2.781766108152163852e+01 1.022086775065925849e+03 1.832703241602038418e+02 2.231874169267868808e+02
5.003804533239291459e+02 -1.364649605711359470e+02 -2.741471158945100797e+02 3.741655381991199647e+02 1.015242629108768391e+01 1.869036901544697002e+02 1.840502705889348931e+02 2.235133225278983105e+02
4.954983261227141043e+02 -1.353640191001751418e+02 2.483267971297010490e+02 3.757042518215664586e+02 1.368438005699136717e+01 6.207673189512796625e+02 1.853813660155178127e+02 2.240174505554997779e+02
4.919224767860680458e+02 -1.189702604486069930e+02 7.012344047011266639e+02 3.807233024860796036e+02 7.549106661253502182e+01 1.411196374529917421e+03 1.857214572185078794e+02 2.241230213259184438e+02
4.879861079810324895e+02 -1.017179039638209730e+02 9.774125498300587651e+02 3.863408235296269595e+02 9.882264789323888010e+01 2.161301435119311463e+03 1.871929768977497872e+02 2.247900635692790843e+02
