5.225000000000000000e+02 0.000000000000000000e+00 0.000000000000000000e+00 4.745000000000000000e+02 0.000000000000000000e+00 0.000000000000000000e+00 1.245000000000000000e+02 1.895000000000000000e+02
5.212382371049910716e+02 0.000000000000000000e+00 -1.946504002559532598e-01 4.749388557932782646e+02 0.000000000000000000e+00 1.267305544452168031e-01 1.245519744260896573e+02 1.895544455072803771e+02
5.206597437574846481e+02 -1.460410629396963067e+01 -3.652264518756024927e+02 4.738724812606171213e+02 -9.939293086260740040e+00 -2.483743657371536244e+02 1.248721186387690523e+02 1.897024670244499589e+02
5.219997049834724976e+02 6.158693267374438562e+00 1.537969929205806352e+02 4.723670204007903521e+02 -1.859060071956484705e+01 -4.649554363786310773e+02 1.246456616945026639e+02 1.895502614938015427e+02
5.251003021944736702e+02 3.834062169807661746e+01 9.585155424519165308e+02 4.701615749083072728e+02 -3.731557478219636437e+01 -9.328893695549102176e+02 1.243269085957614237e+02 1.894297016233705619e+02
5.274910468240911996e+02 4.120145924107406188e+01 1.862679665394421363e+03 4.681322777955936090e+02 -4.169000985731619835e+01 -9.958362453019641407e+02 1.251498659817520576e+02 1.898618237858516125e+02
5.298963581899023438e+02 4.015559319815355366e+01 1.242315027667455070e+03 4.663462640737394054e+02 -3.212447024432788112e+01 -5.084003347623071249e+02 1.258449362220244723e+02 1.901533995600960907e+02
5.327366760710501694e+02 5.001882043808534206e+01 4.069928019047993644e+02 4.640138073641203960e+02 -6.506805973156176037e+01 -3.745292373378474053e+02 1.270571960607073265e+02 1.907652153253701783e+02
5.351229528718462234e+02 5.794374652861521469e+01 6.364673110043826227e+02 4.611386427323711246e+02 -5.841785869233497408e+01 -5.010375789166043887e+02 1.273600408929764285e+02 1.908364008305688913e+02
5.366379193001465637e+02 4.769613344142349121e+01 1.356604830603911012e+02 4.557063069168441984e+02 -8.862479751945363660e+01 -1.495546356156369256e+03 1.265544108369146556e+02 1.903963452455738548e+02
5.373175321826352047e+02 2.965484789268738197e+01 -1.243086690186641761e+02 4.486257648661880353e+02 -1.425066731027151548e+02 -2.302254538062781648e+03 1.271572664736047216e+02 1.907231426889427439e+02
5.370110745668624759e+02 1.888537701817776338e+01 -9.266415289444111067e+02 4.375394962618981936e+02 -1.899912067455805982e+02 -3.567088110749771204e+03 1.268263990112449022e+02 1.906613270872800001e+02
5.389363681581864967e+02 2.250615312506227994e+01 -2.339701041344186478e+02 4.300853989156991588e+02 -1.815636254248972534e+02 -2.446198489153496212e+03 1.259774233527024734e+02 1.903523090622597067e+02
5.414620425803798298e+02 4.801198637516832690e+01 5.299331250947365106e+02 4.225426960042418614e+02 -1.943866125449864910e+02 -1.204610272281484413e+03 1.265307583425982614e+02 1.905913617228925148e+02
5.441850653217492209e+02 5.658210587831983673e+01 3.977728610949869221e+02 4.164430473187370012e+02 -1.829336220073508059e+02 6.814874433720889328e+02 1.271244280761244880e+02 1.908825754766464513e+02
5.470619019863000858e+02 6.100077694907456305e+01 8.077769236203324681e+02 4.094023154337610890e+02 -1.690833988298626309e+02 8.824945448324277208e+01 1.265402582791596444e+02 1.905750216037723987e+02
5.490658536808653025e+02 5.178697057678353133e+01 2.641863703769471172e+01 4.037335549713855585e+02 -1.812763345058096434e+02 1.630882503824800835e+02 1.272652661812418557e+02 1.908168168794513235e+02
5.524951477340673591e+02 8.486111965993772799e+01 4.336751885320677502e+02 4.007332824043634787e+02 -1.172688365088720275e+02 1.900819926756140603e+03 1.280058269702259395e+02 1.911475220375469632e+02
5.559885113878110587e+02 8.341983280829968805e+01 3.894519330150586143e+02 3.990326304294183046e+02 -8.224759279912558441e+01 2.397637159091936155e+03 1.287105315514917265e+02 1.914432308035758581e+02
5.609093630190091062e+02 1.061781874544776088e+02 1.348228969700534208e+03 3.981483315395364571e+02 -8.850958226729268574e+01 1.993904501608046530e+03 1.298299138056949005e+02 1.918422139686707339e+02
5.648295167694715246e+02 1.022157408828539360e+02 1.276115180131928639e+02 3.978905156624967958e+02 -2.934395882797243971e+01 2.668595842468409046e+03 1.303502658605024465e+02 1.921034168308107724e+02
5.676872956227456370e+02 8.352640688943836267e+01 -3.254159115664604940e+01 3.975902728037247016e+02 -1.770153271214227075e+01 1.331805949424891651e+03 1.314417593451338178e+02 1.926152658398528956e+02
5.719075262463865101e+02 1.086404418808094761e+02 -1.832872009466262000e+02 3.958511065479266335e+02 -6.048606088250483737e+01 1.308163910586068141e+03 1.316184389509552375e+02 1.926510079948523071e+02
5.768543128424823863e+02 1.190144177803655055e+02 6.529599916050906359e+02 3.914611483218324679e+02 -7.399388912421837006e+01 -8.997089486220006620e+02 1.336145478349068014e+02 1.935074775415329498e+02
5.826939986014922397e+02 1.208150061486459492e+02 9.011838135665902882e+02 3.877296873403278141e+02 -7.998259662052052477e+01 -1.266380560520246945e+03 1.343469583776754632e+02 1.938804336445483614e+02
5.889894584804492297e+02 1.317404875465557552e+02 7.134890628120537031e+02 3.834382820773996627e+02 -9.998127803679908254e+01 -1.244638221952630829e+03 1.355329464060606313e+02 1.945711325945942747e+02
5.949007979557907220e+02 1.483952953954442080e+02 6.527903087078543649e+02 3.780838826767027854e+02 -1.175121860063203769e+02 -9.954250778975158482e+02 1.360023904676585857e+02 1.948609094107478938e+02
6.002472408021994852e+02 1.262735338068059576e+02 2.423548772806951774e+02 3.711937098857598016e+02 -1.512214751027412660e+02 -1.837649621921572589e+03 1.374600889872237417e+02 1.955326917188391462e+02
6.062954952239289241e+02 1.361048784183869031e+02 5.733399276565505716e+02 3.657353179671499674e+02 -1.394788942449800402e+02 -1.283417034383682449e+03 1.390638893049050466e+02 1.965134688618491907e+02
6.132123825639671395e+02 1.705386933799132976e+02 6.595022757228081218e+02 3.644225656769951343e+02 -9.084322778094575312e+01 9.502137592375401027e+02 1.405659075045715554e+02 1.973065419243173437e+02
6.219085587479507922e+02 1.912404670341180406e+02 1.399493006142508420e+03 3.623323050856734540e+02 -8.231899528341288885e+01 1.545921277658473400e+03 1.414421329157257219e+02 1.978709694082259887e+02
6.294354326897985175e+02 1.686861408464325507e+02 1.221297777705845647e+03 3.602728332762629293e+02 -8.440139126982889195e+01 1.749453157884749771e+03 1.422965164491640451e+02 1.982917879931104039e+02
6.382039101028971118e+02 1.946028935007545329e+02 6.541774602065720501e+02 3.575937952421487580e+02 -6.430716664765159862e+01 1.046736568298269731e+03 1.433563500259274406e+02 1.985128264187953562e+02
6.441990369248845809e+02 1.899017449196527707e+02 1.292322649334539619e+02 3.576622884954459778e+02 -3.967846446550988304e+01 1.465386146057622454e+03 1.442685032830419232e+02 1.988602069149656018e+02
6.505282480564879961e+02 1.598815563730326232e+02 -9.360717673687948093e+01 3.581015952581931856e+02 -2.326861552823402590e+01 1.323194829149116686e+03 1.437436892398097825e+02 1.985542604950556154e+02
6.548222649352585449e+02 1.530616442625970421e+02 -1.595203645462248232e+03 3.579696689875568723e+02 -1.739441259868124234e+01 1.146362695928218955e+03 1.441993534947621356e+02 1.989516717519081794e+02
6.578228643186462250e+02 1.251502912891358363e+02 -1.577835742482780688e+03 3.568305373649757257e+02 -1.904346001517496845e+01 4.598009895033633825e+02 1.460741235585151969e+02 1.996076093557059039e+02
6.572218201874428587e+02 5.770038717857625699e+01 -2.796709070932893610e+03 3.517211871007199875e+02 -8.134164949354276075e+01 -1.786600580336144503e+03 1.472999115214662993e+02 2.000763402220462126e+02
6.552880841524764719e+02 1.114028431332127766e+01 -3.563310785192004460e+03 3.445207478431628942e+02 -1.220463517571716494e+02 -2.889561399325447837e+03 1.476776560428745029e+02 2.003018122070882328e+02
6.525253797939784590e+02 -2.840157610973902536e+01 -3.634826538053039258e+03 3.371767089126861379e+02 -1.484466033411543435e+02 -2.514268544678750004e+03 1.485346574199243719e+02 2.005875909589007620e+02
6.488351734077598394e+02 -5.369806474863167267e+01 -3.043628357407204930e+03 3.297388952559999780e+02 -1.598771297300389449e+02 -2.274847344969942242e+03 1.482816253964314228e+02 2.001935087488031400e+02
6.457393785186324067e+02 -6.064296556621044232e+01 -1.501406582338405769e+03 3.219738530518146717e+02 -1.644420333346369318e+02 -1.059010742015869482e+03 1.474293577719516293e+02 1.996216433262778764e+02
6.447449092156909956e+02 -3.163938352725440240e+01 2.417229690787540903e+02 3.157977375425958826e+02 -1.707891545692203579e+02 -4.803781970510011092e+02 1.462324381816781624e+02 1.990127181604508166e+02
6.453841770477868067e+02 -1.650987386543944524e+01 7.276407761153793672e+02 3.094443517834403679e+02 -1.683956642720512491e+02 2.921517004955203447e+02 1.460877343201609619e+02 1.992436170475597237e+02
6.465985336938088039e+02 -1.610028259332703726e+01 1.073568725671904758e+03 3.042359575005056627e+02 -1.590670856184798367e+02 5.049630893486419154e+02 1.456855427041597011e+02 1.993054888217337179e+02
6.479936096431961232e+02 2.428959239548508009e+01 1.196843370533731331e+03 2.978805707026434106e+02 -1.511091495168604695e+02 7.038642693675595865e+02 1.463371408084640564e+02 1.997354882432722150e+02
6.480255716790451288e+02 2.886521865152437805e+00 3.780485962391667840e+02 2.934581757358123468e+02 -1.472689618535062550e+02 3.764499705529194671e+02 1.471292029894025006e+02 2.000875225903618571e+02
6.497548380186245822e+02 2.416427966958267248e+01 9.969605960417426331e+02 2.880382770568462547e+02 -1.445500578901364861e+02 6.432123237328761434e+02 1.478561511306641592e+02 2.004965579465063001e+02
6.528426751377832034e+02 5.309097366799054640e+01 4.711943324233897101e+02 2.836590395888345029e+02 -1.260844164951465558e+02 5.063098032911090058e+02 1.486828954101359272e+02 2.007245609157183992e+02
6.562690184055073814e+02 6.724644402923381392e+01 1.884926400270662953e+03 2.826896140112735907e+02 -8.161268635860092502e+01 2.236111911830655572e+03 1.492691700207928136e+02 2.009265432820114086e+02
6.599811783955129840e+02 7.395873147068608944e+01 1.396574348806123226e+03 2.852278369619322689e+02 -1.251109115694213259e+01 3.323554771142135451e+03 1.489148003263639737e+02 2.006810350268510490e+02
6.640669458443887834e+02 9.598209251268760056e+01 1.487659662881922713e+03 2.889150125949357744e+02 3.546573950552821231e+01 4.081290923908130026e+03 1.485939126405838522e+02 2.006620786609590255e+02
6.684359680699296860e+02 9.726555213664411781e+01 4.806661336972726986e+02 2.921559633238073275e+02 3.620049244346547113e+01 2.805630703686021207e+03 1.495892892342414200e+02 2.010387861073959641e+02
6.709826547154776790e+02 8.713267625062627530e+01 2.702792126620243494e+02 2.950932051383532553e+02 5.447608447990020153e+01 1.214620942724171073e+03 1.498625680734866137e+02 2.008020081618527115e+02
6.727131436621821194e+02 6.531412317884971230e+01 -1.176343578079082135e+03 2.982220372849986347e+02 6.697267407976434583e+01 5.907572727282913547e+02 1.509742287096473206e+02 2.011478717815558639e+02
6.736038531302669981e+02 3.657237673196772221e+01 -1.265113838456150006e+03 2.998669862827903785e+02 5.652002177356126822e+01 6.498052279227810004e+02 1.510760829568842212e+02 2.011824078513668326e+02
6.731001003843088029e+02 1.340269342557981602e+01 -2.046594541525651721e+03 3.015606466983554128e+02 3.560873677809007631e+01 -1.214047857916357543e+03 1.508765660565606197e+02 2.011893913177595721e+02
6.737297079828258575e+02 8.986936847877901258e+00 -1.142347510118890341e+03 3.009994934019153447e+02 1.248438519554155235e+01 -1.346423696016417125e+03 1.512609260716307347e+02 2.014900043795718148e+02
6.734764701946910463e+02 1.319370575932846812e+01 -9.004120642826278527e+02 2.996457017282357924e+02 -6.281430682477801675e+00 -1.989254759208359246e+03 1.517656810300798327e+02 2.017371940161622206e+02
6.760221232914735765e+02 3.338380504679010841e+01 4.561259675281825707e+02 2.998572709511180960e+02 -1.431551805944077715e+00 -8.351195558126767082e+02 1.516098868691098858e+02 2.017536215502875052e+02
6.784522216863623498e+02 4.923189278052561946e+01 9.603371653227055731e+02 3.004874782767436727e+02 1.357428792390975580e+01 3.720568976726139709e+01 1.519136850149302234e+02 2.019889898682314993e+02
6.813025442191182037e+02 5.315974217355142883e+01 7.404646177559359330e+02 3.030060738210041222e+02 3.303549650642715818e+01 9.712673210434047633e+02 1.507431135344538404e+02 2.015381605278954851e+02
6.823910349649092950e+02 5.192182288486684882e+01 3.244829333646525811e+02 3.051697012730701317e+02 4.809586000699734143e+01 1.738611476204170231e+03 1.509104284423916340e+02 2.016239096053963067e+02
6.830326707915692168e+02 2.100115775203467194e+01 -6.977028470970644776e+02 3.078221710470826338e+02 6.369051024580514309e+01 1.754252649989787415e+03 1.506850425904532358e+02 2.015767677897320880e+02
6.827247061855215406e+02 1.663607843145454979e+01 -9.468932900186246115e+02 3.079105130937167587e+02 3.681164386616989503e+01 3.025480314813406153e+02 1.510409999758488482e+02 2.016084278955975719e+02
6.823338719036422617e+02 1.386003702414048533e+01 -1.601127692387625757e+03 3.079612028416215139e+02 2.432637662741997442e+00 -1.334820366932525531e+03 1.512075699825913375e+02 2.016100036749073752e+02
6.836634938228592091e+02 2.010138679452630228e+01 5.419102829428633186e+02 3.087958747324906881e+02 1.266413428610696101e+01 -1.223092631808318174e+03 1.503392791639305415e+02 2.011918031137227274e+02
6.845054632327312447e+02 2.871099285348395469e+01 2.165786069894874686e+02 3.090424606742459446e+02 1.095222694303166122e+01 -6.678135619089241573e+02 1.505244561466061270e+02 2.013836027419050367e+02
6.844552318163222253e+02 1.097267335923397980e+01 -2.709269336930234431e+02 3.114727337938076630e+02 3.416588824948389913e+01 6.955615808386677372e+02 1.510587366939513458e+02 2.016516051209373188e+02
6.823368903326010013e+02 -1.055578611557390900e+01 -7.179434230485957187e+02 3.130154476536751531e+02 4.168318427696576833e+01 1.297827212983624747e+02 1.511047461821393085e+02 2.017484333367470697e+02
6.800316332807205981e+02 -3.981003067229713821e+01 -1.743213541574307328e+03 3.157272494926846207e+02 6.025180180181492062e+01 1.248729789067411275e+03 1.505347744544777413e+02 2.017256883550576276e+02
6.775451736370888511e+02 -3.455382747485980843e+01 -9.181444778497174184e+02 3.189211546020936794e+02 7.300203313634133906e+01 9.939907358297017481e+02 1.506009840528873269e+02 2.019746387751983434e+02
6.743955420981953921e+02 -5.324704408215553286e+01 -9.104080422118995557e+02 3.234227690976106260e+02 8.053163212576752983e+01 6.618758890889797613e+02 1.511592063478469186e+02 2.020947347203152731e+02
6.675093543920730781e+02 -1.138069857193360548e+02 -1.769853577423468778e+03 3.261417180521627870e+02 8.724009912596312688e+01 2.488517862174972493e+02 1.517551292372217233e+02 2.023250759432445136e+02
6.611419888434750192e+02 -1.368579729404878549e+02 -2.244182039894019908e+03 3.250961535520449388e+02 2.646636300000174913e+01 -1.160392142346530591e+03 1.521473269986504988e+02 2.025045221658213563e+02
6.540393579456261932e+02 -1.514823829695918960e+02 -2.636046429083879502e+03 3.215272220971822321e+02 -2.055965105535699067e+01 -2.308845076579264514e+03 1.534535238781563748e+02 2.029269948409641700e+02
6.482343255790107150e+02 -1.529715120664915275e+02 -1.427467312230074185e+03 3.165493904724496019e+02 -5.692155018666037591e+01 -3.549583583530576561e+03 1.537510520630031579e+02 2.030926184914646910e+02
6.446593559838865986e+02 -1.263148212293038881e+02 5.054425991285904729e+01 3.131162775191396008e+02 -6.347816799653178776e+01 -2.093274181547406442e+03 1.540097456220897811e+02 2.030074623546143755e+02
6.405054190213428456e+02 -1.114757823163720758e+02 7.361575958566464806e+02 3.116203665403705259e+02 -5.285862297385819630e+01 -9.408467082924569240e+02 1.538980174592901733e+02 2.029863144843556313e+02
6.381441304365429232e+02 -9.316943112365596846e+01 1.138924842089777712e+03 3.101793205188049569e+02 -3.449004225593959916e+01 5.395161515250969160e+02 1.537508168062171308e+02 2.030242614499566116e+02
6.357390994267782389e+02 -8.626265113204131296e+01 1.022078979193184978e+03 3.078677878456932149e+02 -4.309992637960379369e+01 7.889281146916636089e+02 1.546355602303641774e+02 2.032699694532226147e+02
6.323933040827718060e+02 -8.822426624526542582e+01 6.223607874819244898e+02 3.055106535619551664e+02 -5.264623234849292999e+01 1.193218501487317269e+02 1.547343594704874761e+02 2.031724884848586896e+02
6.287724195378596050e+02 -9.307089328956949714e+01 2.585885799384690031e+01 3.038534850570322874e+02 -4.032930964793127515e+01 -1.678735532289516925e+02 1.558445767654299061e+02 2.036536866801244230e+02
6.245189000265303321e+02 -9.493363597456210812e+01 -1.972881686910428982e+02 3.017777407480238026e+02 -4.064633665181131761e+01 2.333480937661668975e+02 1.574515087062779060e+02 2.042268925994332847e+02
6.185569316440962666e+02 -1.254711492444520928e+02 -1.176867043610525116e+03 3.014320889624980282e+02 -4.151658023957690347e+01 5.162114305535225185e+02 1.591490274383227757e+02 2.051277040989848501e+02
6.128794982807396536e+02 -1.426626326337095918e+02 -7.789870999520018131e+02 3.018213485499351805e+02 -4.100313640068941723e+00 7.163315308640670764e+02 1.600053335620679320e+02 2.055341696699302645e+02
6.062420783370959043e+02 -1.445708170690628549e+02 -1.509307829321933241e+03 3.038237219353263754e+02 1.693967233306969078e+01 1.692085473330899049e+03 1.597621579279280013e+02 2.054899991336574203e+02
6.014578615886043735e+02 -1.340973230648331196e+02 1.140870506724319711e+02 3.077923379143219904e+02 4.453520823044539867e+01 2.229157035056485711e+03 1.598185532458040541e+02 2.054348949154686466e+02
6.000299745020837463e+02 -8.443607234931772609e+01 1.513034054432008588e+03 3.117063208638387550e+02 6.132322507716387605e+01 1.835601457611526257e+03 1.598627574565633722e+02 2.056898513593025370e+02
5.976098958054366221e+02 -8.326908603674563381e+01 1.337565514655917241e+03 3.161197900497451201e+02 9.004254521367779773e+01 2.019269944107684523e+03 1.598289783721925517e+02 2.057939444429929949e+02
5.969265067943405256e+02 -5.673065634989539774e+01 1.992262107084806985e+03 3.205222663108574466e+02 9.453927781681493059e+01 8.982824786249685758e+02 1.590490362291477595e+02 2.055176138302002755e+02
5.959786574310477363e+02 -3.922533346287702471e+01 1.179924216593470646e+03 3.218880941093997876e+02 5.893439210905694381e+01 -3.699426052994549252e+01 1.602229403999614021e+02 2.059161610770705977e+02
5.944845905520268161e+02 -4.728611413901144545e+01 8.947923499051662475e+02 3.241662693417261494e+02 4.828828637563379544e+01 -2.208521584799804032e+02 1.614389479330125425e+02 2.066556857447770881e+02
5.938058314850928809e+02 -4.147685093873514006e+01 5.395956252443681933e+02 3.257965630078120967e+02 5.256788566007140417e+01 -1.143003841837623895e+03 1.614830759091989592e+02 2.068466559329051506e+02
5.917279708150505257e+02 -3.608710587592183572e+01 -4.671729135673685391e+02 3.279106732650359959e+02 4.244661700856936903e+01 -1.094839113012609886e+02 1.610630705934562457e+02 2.065182560760293313e+02
5.880243080718261126e+02 -7.595238933643324231e+01 -1.227338086615304974e+03 3.317891231868471777e+02 5.834708094808696899e+01 6.507204151988307217e+01 1.616586706611914508e+02 2.070102466124418470e+02
5.825657410592283441e+02 -1.114969441663753997e+02 -1.492346458689223255e+03 3.353666083367184569e+02 6.362602428484083106e+01 4.314963611258493188e+02 1.617368375030236507e+02 2.071834645723201618e+02
5.761873829578430559e+02 -1.377254914957415792e+02 -2.891415668362816632e+03 3.402555559574013841e+02 9.906070188779585806e+01 1.570591002905674941e+03 1.606537354081289948e+02 2.069407900677754810e+02
5.674788328661436481e+02 -1.710917981393688194e+02 -2.443185174928000833e+03 3.449572867566515129e+02 9.990256884397138037e+01 1.255921067203352550e+03 1.621442855801820428e+02 2.076463353786509174e+02
5.561704232163675670e+02 -2.230121192513321660e+02 -2.800937418675049230e+03 3.486403012655033535e+02 9.852258927083235562e+01 3.372324271990108286e+02 1.626965484758856917e+02 2.079833580473388110e+02
5.441789645890956990e+02 -2.678756425807439427e+02 -3.058551639839921336e+03 3.515661512910047577e+02 7.010144706104503598e+01 -1.274952647457165767e+03 1.625968437446865096e+02 2.079132501220456106e+02
5.315706579145182786e+02 -2.854300731146373664e+02 -2.757596444819759654e+03 3.542371030752474326e+02 8.187715932989920020e+01 -4.707071842292244810e+02 1.625935312131271644e+02 2.078563231721669240e+02
5.191186811389765126e+02 -2.898803804034271820e+02 -1.739523783809271663e+03 3.539223507878789974e+02 4.443604500165049132e+01 -9.502245078775649745e+02 1.640529695002408630e+02 2.083916567520779779e+02
5.083070899083869563e+02 -2.910879796539674658e+02 -5.889085632300900670e+02 3.524583189863207053e+02 -3.011318987323564400e+00 -1.733016733160104650e+03 1.652621816321872643e+02 2.086991646273209255e+02
5.006085690370055659e+02 -2.460964899147177221e+02 7.294490776394774230e+02 3.513049175713142631e+02 -7.459731799873572378e+00 -2.790504024837542602e+03 1.664355555365734176e+02 2.091459744760477975e+02
4.938957066845265444e+02 -2.287828374111798269e+02 9.993495802264526446e+02 3.508602186900610604e+02 -1.554064565553043309e+01 -1.492911945993725567e+03 1.674064236734521955e+02 2.094607616466311413e+02
4.887865018463355113e+02 -1.934851090166434062e+02 1.998063632838637204e+03 3.493005173488268724e+02 -2.330668599070180136e+01 -1.116589580848653753e+02 1.677214691223719001e+02 2.096115804606513393e+02
4.843019663491536448e+02 -1.474796905605011830e+02 2.754499251348060170e+03 3.507181368048823629e+02 2.876022687896755414e+00 -3.730832065740767689e+02 1.686510775631637387e+02 2.099636777647928625e+02
4.817160257263411154e+02 -1.238540311839467307e+02 2.714210308141976839e+03 3.510036864619440280e+02 2.067479678109694063e+01 4.411894142238249970e+02 1.695278833063046022e+02 2.103551068320890636e+02
4.789626949994303118e+02 -1.048204864716784783e+02 2.200296327420803664e+03 3.458151178946784512e+02 -6.973759429660691467e+01 -1.650776626468162021e+03 1.701847669804259056e+02 2.106350980222983367e+02
4.771541323912900907e+02 -7.847387302627414840e+01 1.795990727089754955e+03 3.371901085495944699e+02 -1.560856210419072738e+02 -3.373898551742738618e+03 1.709746331648827891e+02 2.109346466961789588e+02
4.768800850837055805e+02 -4.743163928705053678e+01 1.386173766608443430e+03 3.270610868265883937e+02 -1.720624683326420552e+02 -5.089920223272501062e+03 1.710584831277119520e+02 2.109452145418180748e+02
4.755800731328286588e+02 -3.541169485197021771e+01 1.148579620545731359e+03 3.188366218244647143e+02 -1.870955395899808877e+02 -3.018398841076970712e+03 1.722027614972461720e+02 2.113957223553851748e+02
4.756563552483515878e+02 -3.378369185434640087e+01 1.489730214779635162e+03 3.104286896481567624e+02 -1.865318314438874268e+02 -5.702711941182121791e+02 1.718864339329842323e+02 2.113523242261210271e+02
4.760136465688299268e+02 -4.605363339722017280e+00 1.286462506645863868e+03 3.002719985160222791e+02 -2.257207977664598957e+02 -1.024305450105907312e+03 1.728677642858820320e+02 2.116880902604612515e+02
4.759286434829336372e+02 -8.632862325023044292e+00 8.002294541195359443e+02 2.916140045023473704e+02 -2.296437415074425417e+02 -9.099458934887272790e+02 1.729358124630012128e+02 2.117443735783322154e+02
4.747988107630435479e+02 -1.114778113657914460e+01 4.340546151329304507e+02 2.842933870005980452e+02 -2.182442127469269337e+02 -1.064143300964002492e+03 1.730484126807359075e+02 2.118600883023140682e+02
4.725956571719447084e+02 -3.620018674938665981e+01 -1.095636864121538792e+03 2.793700310525103419e+02 -1.727137321052313155e+02 1.193927454412139696e+03 1.735521015700614669e+02 2.120498689932065304e+02
4.707285264873925144e+02 -4.983625875509216030e+01 -9.590800220154062572e+02 2.753202583224637010e+02 -1.349106210589589807e+02 1.730312699707788397e+03 1.726913255580270743e+02 2.117712574902668052e+02
4.711584366292897812e+02 -1.108395466241451466e+01 2.521534647683665753e+02 2.726726430555306706e+02 -1.089920116846152638e+02 2.558977497575024699e+03 1.734736028230494753e+02 2.120790061491649112e+02
4.761614510229509847e+02 3.979722464406068383e+01 2.452194802528616037e+03 2.728284186095678479e+02 -6.337897290842467157e+01 2.720997229188194979e+03 1.747732742270140420e+02 2.126352744234887950e+02
4.820443174257018768e+02 9.124811524799778795e+01 3.552983852860583738e+03 2.754786032021072515e+02 -8.070152800871454701e+00 3.314764376480894043e+03 1.754791390070595867e+02 2.129262253803923670e+02
4.896111821736602110e+02 1.375285136774745638e+02 3.653026238055589147e+03 2.780741709368531360e+02 2.020721246450846564e+01 3.065211053435104986e+03 1.766695697003219721e+02 2.133274702629267381e+02
4.966952393357826736e+02 1.600112494626168882e+02 2.967846478399717398e+03 2.813799652807637131e+02 5.104561399441183767e+01 2.566162491587560453e+03 1.772755696987033218e+02 2.135712340039891899e+02
5.031641265453311576e+02 1.439807579677333536e+02 1.692521246608741876e+03 2.857100789470060818e+02 7.221082222865589983e+01 2.176047848482687641e+03 1.778237059515126930e+02 2.137186528685752478e+02
5.086568041910679199e+02 1.596367708950034512e+02 2.959841009058703207e+02 2.910939140277758952e+02 1.101633937984931890e+02 2.341592261382540983e+03 1.797432877183167079e+02 2.143810484853530625e+02
5.107792218217452387e+02 1.143420524360430051e+02 -1.704823764388436985e+03 2.961628595239287733e+02 1.128435974751719897e+02 1.977314302944388373e+03 1.794514267298330594e+02 2.142629736119141342e+02
5.118737686957941264e+02 5.444512649220671108e+01 -1.746151362127712900e+03 3.008099464565131029e+02 1.110461062918112844e+02 1.473205335840129237e+03 1.797308713637901008e+02 2.144385523231541697e+02
5.127714642380752821e+02 7.795079019823614885e+01 -1.921145881961091391e+03 3.053638081286337638e+02 1.332064468037988263e+02 1.969053265087552234e+02 1.799680921327489216e+02 2.145313077310305516e+02
5.133653689012613768e+02 2.605673854522393285e+01 -2.008878798843941013e+03 3.080336344303090641e+02 7.936480019598971580e+01 -9.841215918529666169e+02 1.812915330826598677e+02 2.150416499465104607e+02
5.130351073308860350e+02 1.185693273135206205e+01 -8.166025295323460114e+02 3.093297849209897095e+02 4.891591104972306425e+01 -1.233149797909444942e+03 1.813361453449782630e+02 2.150682291393582091e+02
5.137658509437793555e+02 1.718083711505395073e+01 -5.252282454878940143e+02 3.106541324837002662e+02 5.926681776909317279e+01 -1.936916888352154501e+03 1.825578430899250577e+02 2.155193963711464278e+02
5.161610248611734733e+02 4.007028441492212067e+01 7.663093515226935892e+01 3.093779691653187456e+02 2.881008965860879201e+01 -1.460218337899802464e+03 1.818463687704867766e+02 2.152877872498033582e+02
5.204235348875300815e+02 7.447516945599464577e+01 1.550104133267689122e+03 3.085403834719995189e+02 -9.997841203510913211e-01 -1.849694577527441652e+03 1.824069062774394467e+02 2.154469983314242540e+02
5.235515958978118078e+02 8.351997898009021526e+01 1.635615130736153333e+03 3.080213699458938095e+02 -2.736133651604476746e+00 -1.523899173400261589e+03 1.821327210673623824e+02 2.153958787242997062e+02
5.267962477576865012e+02 6.702621068792738868e+01 1.191572752533697440e+03 3.085588285661046939e+02 2.648614604886306978e+01 -2.831239805006993606e+02 1.826778651378214136e+02 2.155946900104874260e+02
5.310618146601760827e+02 9.008890103330162447e+01 5.070138243153217559e+02 3.093146080663477733e+02 1.468984780945265456e+01 1.093116949315261905e+02 1.834037685128519684e+02 2.158985383658005617e+02
5.358975456027941391e+02 1.183603649855157443e+02 1.025311439951453394e+03 3.086576952731734309e+02 1.860014305395444323e+00 4.396665948471719503e+02 1.835728036797444815e+02 2.159799947941399125e+02
5.419743583809226948e+02 1.322987655071771087e+02 1.709300635532659953e+03 3.080993536669500372e+02 -5.785495498524362290e+00 -9.029655397222111333e+02 1.834186501321858884e+02 2.159146597076534420e+02
5.486650701827879857e+02 1.505686810464498819e+02 1.278996197486364053e+03 3.071077970508815156e+02 -1.612827170945269017e+01 -3.093324946206735149e+02 1.833484618099292334e+02 2.159196345843713800e+02
5.568006073133290101e+02 1.729461129443727145e+02 3.263817346039568861e+02 3.062402347324101015e+02 -7.841961565444012017e+00 -4.059518922592660601e+02 1.839008483995502559e+02 2.162026817938635759e+02
5.655165581368908079e+02 1.952312824105979132e+02 8.209176764729210163e+02 3.054517463304580929e+02 -2.504133861377727399e+01 -1.102868439540609700e+02 1.824773817697492859e+02 2.157017576750497483e+02
5.738567488126822127e+02 1.945020706166536684e+02 1.211658178079482241e+03 3.040647472227311141e+02 -3.262241313293087330e+01 -6.536793524480830797e+01 1.813858556848221895e+02 2.153095175754471597e+02
5.829234365783020166e+02 2.017893468861370252e+02 1.104295192622276318e+03 3.019842366196248236e+02 -2.163367089392408360e+01 -4.503928558242072455e+01 1.800718894841498070e+02 2.148843014125528157e+02
5.915124828594279052e+02 2.204964936158260969e+02 7.387386099487838464e+02 2.995535670041196568e+02 -2.940389244717695405e+01 -1.684681326778331822e+02 1.793692331347259028e+02 2.146148957070068946e+02
6.004735821554100994e+02 2.237059638035041189e+02 1.028654736187910203e+03 2.976851561886698505e+02 -4.995876731489375544e+01 -5.095193931454395511e+02 1.802506514932620121e+02 2.149806179388577618e+02
6.083408224081772460e+02 2.225157863816124291e+02 4.344514734506307718e+02 2.960753964882225091e+02 -4.909764815718629194e+01 -5.428320848493459749e+01 1.790833484560494355e+02 2.145604595878379257e+02
6.138265983313546030e+02 1.949668982186701669e+02 -6.171975247578005792e+02 2.964538960763427440e+02 -3.209367664534855180e+01 1.040445057896390608e+03 1.776646462469373944e+02 2.140530757874488472e+02
6.175323639881293047e+02 1.558065412492059920e+02 -1.443194880291004893e+03 2.952234586438506199e+02 -2.613390270371639801e+01 7.493339367486504443e+02 1.780544035965412490e+02 2.141606932780783268e+02
6.206151555647890063e+02 1.159267634943870462e+02 -2.294273099415948309e+03 2.907140624529247361e+02 -8.000116629578664629e+01 -3.267272295173493717e+02 1.767035526626130775e+02 2.136708101915075133e+02
6.234094102180653181e+02 1.038862148040213356e+02 -2.196091244676563747e+03 2.893412019694874857e+02 -3.941256053680579896e+01 -2.031237703318890340e+02 1.766473970249224408e+02 2.136894069359063622e+02
6.249533814323364140e+02 9.385947795669261495e+01 -1.284279570890818604e+03 2.901675495671350973e+02 -2.761914782335997298e+00 -4.215486224034476948e+01 1.768497071700229810e+02 2.137474050945451438e+02
6.274981596678430833e+02 5.688741154462862681e+01 -1.630942109380225020e+03 2.921078378057621308e+02 1.586882511840065746e+01 2.395637822722802412e+03 1.771196665816854079e+02 2.138854131115572272e+02
6.280358768170384565e+02 3.895539526233090299e+01 -1.512273695556372331e+03 2.934135114314295834e+02 1.037721636435128403e+01 1.199850469392447167e+03 1.764220001686262549e+02 2.136763449035353517e+02
6.265908618390171796e+02 9.425698755320302880e+00 -2.379147395717440759e+03 2.952823337495886449e+02 3.146563109375894740e+01 1.139284722965263882e+03 1.754867641893586949e+02 2.133717917121012135e+02
6.264863266438603659e+02 9.556665766016937624e+00 -1.275332264101857163e+03 2.976301335576774250e+02 3.858003693704984016e+01 7.487554528962294853e+02 1.742767458595624817e+02 2.129118613201710275e+02
6.256044035566101229e+02 1.325637734464612549e+01 -7.548348278955448905e+02 2.991693338942744163e+02 4.499444031931671617e+01 4.793414843021196248e+02 1.755087461275567762e+02 2.133475835498723256e+02
6.240567493050710937e+02 -2.138590856464521650e+01 -2.537795813361330488e+02 2.999492922063157039e+02 3.634191136830159508e+01 4.466908262982335742e+01 1.770895232299435804e+02 2.140366597233084178e+02
6.227630917030113551e+02 -2.614011901251518211e+01 -9.260575531695732252e+02 2.990193500662896895e+02 1.321440290904131665e+01 -4.049236237996830141e+02 1.779891732042016201e+02 2.144089407265251737e+02
6.214036292430637332e+02 -1.808671104450150935e+01 -7.103525659180700131e+02 2.988072513323535873e+02 -1.098825046864295807e+01 -1.763528451752040610e+03 1.779202765773193562e+02 2.143873429544801184e+02
6.196792982343014273e+02 -4.556918290211029188e+01 -5.530154542816665071e+02 2.978079189912906486e+02 -2.640733757589403652e+00 -1.333352616773633599e+03 1.780821090119965220e+02 2.144868940339561050e+02
6.165780831566305551e+02 -5.542590025510600782e+01 -8.469043785934217112e+02 2.981045384427546878e+02 1.850165971723602532e+00 -1.690552937046195154e+02 1.785961694976410001e+02 2.146565035772511862e+02
6.132046033340089934e+02 -7.764196166750338080e+01 -1.450253510656018534e+03 2.974545729998238812e+02 -1.068041416720779324e+01 -9.040870405316439928e+00 1.793574894851760462e+02 2.148976888407942454e+02
6.098942363990208833e+02 -7.155846605151573669e+01 -8.175224386791579718e+02 2.991154413403902481e+02 1.035494037227385000e+01 7.378492656383875783e+02 1.799381924621382609e+02 2.151109817886167832e+02
6.069921060650227673e+02 -7.953576012684123953e+01 -1.192173454134277563e+03 3.008554930728153636e+02 3.039078805509537418e+01 5.777273064541982421e+02 1.797845109322357757e+02 2.150485419401584295e+02
6.037731784498270144e+02 -7.398302490625168559e+01 -4.959943236734891769e+01 3.018606065625488668e+02 6.069981809701148201e+00 3.383660429338630138e+02 1.800839453225540012e+02 2.151020336266237223e+02
5.984437545614963483e+02 -1.158357338596372728e+02 -7.270436628398032326e+02 3.032524262560412467e+02 3.940822553494430736e+01 5.714506170914447694e+02 1.799896371589290709e+02 2.150448877888304651e+02
5.939134694523995677e+02 -1.260829886597039859e+02 -1.533841294270269145e+03 3.055447341942456205e+02 4.571280666603313847e+01 6.383217649907028317e+02 1.797808691902210114e+02 2.149725525639707939e+02
5.893469528002013931e+02 -9.930088635234636740e+01 -2.630427889674308517e+02 3.096833050878983613e+02 6.135567291026647752e+01 8.401796376758004499e+02 1.803766178626945305e+02 2.152033059310227827e+02
5.856426592065138266e+02 -1.119408518998352378e+02 4.381234041888728257e+02 3.115785703101032027e+02 4.977063035827073634e+01 6.939281583942128009e+02 1.818943299515751733e+02 2.157000847024509937e+02
5.806272823265278475e+02 -1.242509486992848338e+02 -2.956367292171565850e+02 3.131615634360058493e+02 3.418582202492277133e+01 -4.039864446897575476e+02 1.832899106047757982e+02 2.162124339341546317e+02
5.757185605058535884e+02 -1.183943011209858014e+02 -6.003912678611933416e+02 3.123182255946994701e+02 1.705436336203624492e+01 -9.470134462306518799e+02 1.848012780766659091e+02 2.167852447371136861e+02
5.736578358640499573e+02 -8.395350883886347049e+01 4.491926230802118312e+02 3.144827594134321203e+02 3.243102648177919178e+01 -3.266598714923603666e+02 1.863165137352757199e+02 2.174769797223910359e+02
5.700119565930536965e+02 -8.464559598934538087e+01 2.532621311328711045e+02 3.179749910071182057e+02 6.330214657655798050e+01 3.704980184684049505e+02 1.866259683869418211e+02 2.175910239521191727e+02
5.689771578404539696e+02 -8.388520595408110125e+01 1.115375294409680009e+03 3.208083020053202290e+02 6.565606556554425310e+01 3.606986175980634357e+01 1.875256399826276947e+02 2.178869685844542232e+02
5.661883600001823424e+02 -6.836586439182438824e+01 2.903046902957053135e+02 3.233952208411104721e+02 5.118807414255145716e+01 5.947749762966265052e+02 1.888112376001853931e+02 2.183696226369908402e+02
5.648752990955417772e+02 -6.894143661186430450e+01 4.884071204227332146e+02 3.239801263479000113e+02 2.851609742166513684e+01 -8.496744013264259365e+02 1.876119989127315080e+02 2.180373713636049899e+02
5.640337947410254174e+02 -3.335729842754786745e+01 7.858210192768441402e+02 3.216477740397879757e+02 -2.264276696843071690e+01 -1.540898873512635419e+03 1.861414596059108817e+02 2.175945025312286418e+02
5.651363581390173749e+02 -2.928860973616436070e+01 7.556256153192322245e+02 3.204380850905288298e+02 -2.104168719887627503e+01 -1.977802655742253819e+03 1.869697327774324833e+02 2.177962867126637434e+02
5.664041260737693619e+02 5.183738583253930443e+00 2.147478842820340560e+03 3.205510110822560250e+02 -3.608395197143576816e+00 -1.165966061094253746e+03 1.884529867918792831e+02 2.182759690308931795e+02
5.676454948251829364e+02 2.445713343581663679e+01 1.599423684968210182e+03 3.217955071631073451e+02 1.183836499874867698e+01 7.655445539286344001e+02 1.877790808583735327e+02 2.180517100628954665e+02
5.696968523719333461e+02 3.646823346353944117e+01 1.048299744255131372e+03 3.227130255366927258e+02 -1.987141731550819301e+00 7.609008785900272187e+02 1.875998199608579284e+02 2.179679860030983036e+02
5.719427780875696499e+02 5.287346499323460591e+01 1.062960151164523268e+03 3.235760748547363619e+02 3.110637192688629149e+00 9.493148157362809343e+02 1.884096504976730841e+02 2.183915587184434060e+02
5.754829035914025326e+02 5.933300679376780806e+01 7.012868989064892276e+02 3.236212904695706811e+02 4.860168656287372713e+00 -1.552282149443489345e+01 1.893798982086293563e+02 2.188306936139124730e+02
5.792525971099192930e+02 7.767865872940255656e+01 1.019629240920294706e+03 3.246058157774523920e+02 -3.069077844679656053e+00 1.511385658211261784e+02 1.907668597792622052e+02 2.192441525082094245e+02
5.821830238250876164e+02 7.839206442377930273e+01 1.299144786234001856e+02 3.247924559086282557e+02 1.092479048180548773e+01 3.125510265834290635e+02 1.903550853566772503e+02 2.190539914811990627e+02
5.845070414419050167e+02 8.145088535244831007e+01 -3.961552942773586778e+02 3.244434516846818610e+02 -3.660696206330004809e+00 -4.093777941493249841e+02 1.911072438617214857e+02 2.193553380948608265e+02
5.869790940512043562e+02 7.382831712174041172e+01 -6.050301049985112201e+01 3.242276559183624727e+02 -2.898348393790959321e+01 -6.675332939773509224e+02 1.914696218701588464e+02 2.194219691062629920e+02
5.886295801958081029e+02 6.873248790708653644e+01 7.410541323505852063e+01 3.237418592161207016e+02 -1.567787442633242634e+01 -5.669537227459395581e+02 1.928023174667225135e+02 2.198870949968631976e+02
5.895185850584124410e+02 4.672995502657411038e+01 -7.321471740491555238e+02 3.231870081354637136e+02 -1.030626600410746185e+01 -6.520777564656668801e+01 1.932358653991763617e+02 2.200938898838730324e+02
5.882657523145041978e+02 5.021485778564692914e+00 -1.774232213418070160e+03 3.213522496096617260e+02 -2.685955857742223074e+01 -2.487888195174734278e+02 1.953075652182612600e+02 2.209965941005984291e+02
5.865913828116731565e+02 1.405064226237541680e+00 -1.725043028883152374e+03 3.219033128679133142e+02 -4.008360882576811335e+00 3.669665695928644027e+02 1.972483351426893989e+02 2.218234186135356083e+02
5.858884514191064454e+02 -1.485752415656097547e+01 -1.631050893266653475e+03 3.224936522714634179e+02 2.071982000604984719e+01 5.534187931048275004e+02 1.988891776786220191e+02 2.226084945067353260e+02
5.862220597359753356e+02 7.596079296121452273e+00 -2.748411116133689802e+02 3.236688962257609319e+02 3.420126917343741191e+00 9.504428454829464954e+02 1.998487339259962710e+02 2.229764493804076437e+02
5.850527395722784831e+02 1.755938324131796691e+01 8.154938441906318758e+01 3.245809261837188728e+02 1.670083778805859609e+01 9.430752203294526907e+02 2.007832221598555975e+02 2.232152835011312959e+02
5.851357645837267683e+02 -3.866380542076919724e+00 1.154306763227663737e+02 3.245631784018556232e+02 1.014226350382030795e+01 -6.667849532915790967e+00 2.002537748932911086e+02 2.231152407569030345e+02
5.872475771408180663e+02 3.226334674425188354e+01 5.063157057942262327e+02 3.235034451810004157e+02 -4.055375970185370882e+00 -4.114212773409853412e+02 1.997084621651181635e+02 2.230519255522155220e+02
5.902056492729234378e+02 5.627061182214738722e+01 5.993562269774884044e+02 3.240011406814462021e+02 2.170842243699754981e+00 -5.849125534798938588e+02 2.011662567155715635e+02 2.235839831246259166e+02
5.928915197143431897e+02 5.051768870132010392e+01 1.156428150622448129e+03 3.266673040263190160e+02 4.081257445435640818e+01 5.448707817845574937e+02 2.015276220538270024e+02 2.238070941144657127e+02
5.979433214806542765e+02 8.389139883234180672e+01 1.593485450384087471e+03 3.278853362566317742e+02 4.156116667307733792e+01 1.496973963639728481e+03 2.027351191859748951e+02 2.243043399808911431e+02
6.028012757280880578e+02 1.016795779021928752e+02 7.752396345993985278e+02 3.293816579327224758e+02 4.004706749130608046e+01 7.918609773033296051e+02 2.034639249034399313e+02 2.245464157270462238e+02
6.064226746035612905e+02 9.308915762763962221e+01 1.537382759005940443e+03 3.325150196115855010e+02 6.836666611693220830e+01 8.888441476819901936e+02 2.043137923883196265e+02 2.248065927318250203e+02
6.115524398372037922e+02 9.191448923181648922e+01 3.063544278914815209e+02 3.358747278589117968e+02 6.480475552606918654e+01 1.085667763474562889e+03 2.036129728117657862e+02 2.244740166817115039e+02
6.159608872037675837e+02 1.291255988878839105e+02 1.002611467960503774e+03 3.390337025630469725e+02 8.927258969208207873e+01 1.397460994878918882e+03 2.043387803649352179e+02 2.248562814120018913e+02
6.198517138413463954e+02 1.105624338073895530e+02 4.023951079921004634e+02 3.430809605870177847e+02 9.369787640584938515e+01 8.280603629289511218e+02 2.056645268202157126e+02 2.253047286962415114e+02
6.264141751588462057e+02 1.475091290659463255e+02 1.256197490840291721e+03 3.457354393739015563e+02 6.245323325045871599e+01 2.096389739286187748e+01 2.066616765590723048e+02 2.257881033765160339e+02
6.344190624414516151e+02 1.830036353734635384e+02 1.381375019836332513e+03 3.488708272583082817e+02 8.690304029094414773e+01 -3.401115920046195811e+02 2.076992818848894728e+02 2.262306479644097976e+02
6.406727844658111053e+02 1.543383566815483618e+02 1.375571393110555164e+03 3.517299670321117446e+02 9.421172899269669188e+01 -4.369635254359775445e+02 2.080823812735183367e+02 2.263504115464389486e+02
6.447647232925564822e+02 1.446667153053222137e+02 -6.120640648369142127e+02 3.544673299714631867e+02 6.039044248438414542e+01 -1.702251713154429069e+02 2.092127012040997727e+02 2.267255612112652443e+02
6.488938416932293194e+02 1.391475479883846162e+02 -1.242077793741479582e+03 3.562719877608921593e+02 6.773620030019390015e+01 -6.857067849646822424e+02 2.101018924662540712e+02 2.271719845564179820e+02
6.534767056373195828e+02 1.472181511799145994e+02 -2.368778628963814867e+02 3.574787817301233872e+02 5.310917727813403388e+01 -8.422265371033844303e+02 2.100670382276638861e+02 2.272086049196956594e+02
6.597904803575320329e+02 1.454836587475549265e+02 1.697977447193777607e+02 3.595490047084020375e+02 4.535061492782090653e+01 -4.811469824968060607e+02 2.111518965598928901e+02 2.275310259260855332e+02
6.649455699735044618e+02 1.510844432784622597e+02 -1.226717533842371068e+02 3.631055826288065873e+02 6.171372667144051150e+01 1.165308447431858951e+02 2.111974708712299105e+02 2.275251823607246422e+02
6.694250642901006358e+02 1.404153463281210179e+02 -6.303707229251077138e+01 3.668176241766933003e+02 8.168835513181360852e+01 2.030776063603663601e+02 2.116857279258479423e+02 2.276890570588959122e+02
6.747889969750427781e+02 1.562778704878602412e+02 3.202110652913294757e+02 3.702066961665181566e+02 8.620328064496798959e+01 5.781600585638291250e+02 2.105636006856721281e+02 2.272572617634566825e+02
6.813497446751715643e+02 1.634898578305771650e+02 7.435522038529359179e+02 3.733161925551831928e+02 1.015097062525436087e+02 7.192764098608026870e+02 2.113138683577758741e+02 2.274499109925556013e+02
6.876095270957988532e+02 1.618584685750991241e+02 4.430993523210673288e+02 3.753469173819779598e+02 8.306123713736559466e+01 -3.560466337748861179e+02 2.120118900197417702e+02 2.276265658453323226e+02
6.913045889892218838e+02 1.328913334511206301e+02 -9.361422622693415860e+02 3.768082027427299181e+02 5.755642109868696110e+01 -5.591937403944468770e+02 2.111888352354388303e+02 2.273831949789343412e+02
6.954101642509458543e+02 1.231986114802525094e+02 -1.208883419394283919e+03 3.766247424112070803e+02 4.232641047318388416e+01 -1.498260324432644893e+03 2.111877500639347716e+02 2.274166582266843477e+02
6.984303868494273502e+02 1.003811678859452172e+02 -8.428827195530880090e+02 3.757937571107461849e+02 1.255999250538296863e+01 -1.728682174262955641e+03 2.107289961327864205e+02 2.273335284342559532e+02
7.035991724386499300e+02 1.106031376312822943e+02 4.500561815839459356e+00 3.770546413895924616e+02 2.940182545174774376e+01 -8.181130336711078144e+02 2.105198395333783878e+02 2.273090160967504403e+02
7.078784165772374308e+02 1.151784946446306890e+02 9.925890271367835282e+01 3.780657849293193635e+02 2.315192219903417126e+01 -6.049707945367158572e+02 2.105596158862423408e+02 2.274197865343763567e+02
7.118622712289258061e+02 1.122621412656687454e+02 2.224462365382397877e+02 3.783803039458985609e+02 3.735071509463996797e+00 4.834782789638031986e+00 2.100344358508746154e+02 2.272562249158208090e+02
7.131651794779921829e+02 6.634936778010890635e+01 -1.232369878160416420e+03 3.788433655866694494e+02 2.023233801959396416e+01 -5.570234624774490051e+00 2.085189712452622075e+02 2.267373505062422225e+02
7.134444651958377790e+02 3.032477177046529349e+01 -1.920748526963352560e+03 3.811276349090139206e+02 2.652161665279392011e+01 -4.218057199913807835e+02 2.083666969669129969e+02 2.267200999589583716e+02
7.108761732620070006e+02 8.295163045960945780e+00 -3.148830444528555290e+03 3.838624711251998178e+02 3.277665042478112412e+01 1.023491132058768358e+03 2.079086984717688722e+02 2.265334071771509912e+02
7.098291762862597807e+02 -6.194269864004546378e+00 -1.984753906853047965e+03 3.845408813953216054e+02 3.728163187586838490e+01 3.350054959574910072e+02 2.087936097576854877e+02 2.268435211299307923e+02
7.118371221947120375e+02 2.249403743979413051e+01 7.712517043961796048e+01 3.836625554849312039e+02 -8.619831179925698805e+00 -9.181496389379669836e+02 2.082012680496830512e+02 2.267330553866706282e+02
7.144509765888989250e+02 5.662302593040596577e+01 1.335235156624995170e+03 3.828842144018160525e+02 -1.047926142683962603e+01 -9.867824109431851412e+02 2.088962607186511775e+02 2.269495692901155053e+02
7.174231341648160196e+02 6.014083145531959929e+01 1.486987639625684324e+03 3.822268565826185522e+02 -8.274081420889059402e+00 -9.151712991919914657e+02 2.095163667062674620e+02 2.273010298073474473e+02
7.216455687345684282e+02 8.525847540707457028e+01 1.635108753268980990e+03 3.834761950374011690e+02 3.978603975910576018e+00 5.728857794090721427e+02 2.101505111415284546e+02 2.275698432695508586e+02
7.236816513206940726e+02 5.682974097820034842e+01 -6.152349493210246578e+01 3.855901685823967000e+02 1.951720584937736902e+01 8.176332487345874824e+02 2.095768984925836662e+02 2.273584344632969305e+02
7.236487879535097818e+02 2.072620598194761854e+01 -3.825099573195693097e+02 3.885746506049907794e+02 5.069403176919649212e+01 1.586363317121555838e+03 2.109093621027743666e+02 2.279371897668595466e+02
7.233460361511379233e+02 2.074092439859344594e+01 -1.445074040049781615e+03 3.929068444918759155e+02 7.521377048574225910e+01 1.409754300795565314e+03 2.113975147782669239e+02 2.281501519071133828e+02
7.244935185640531472e+02 2.941981961578610338e+01 -2.606281827361279966e+02 3.964292764642157749e+02 7.663522202717365417e+01 1.203885699861186822e+03 2.112397545614668672e+02 2.279822959257580806e+02
7.221384409034742475e+02 -3.507472782719030846e+01 -1.078129556129820685e+03 4.026871863374175291e+02 1.136646686554588115e+02 1.379855129799182578e+03 2.119112396024963516e+02 2.281666873916436202e+02
7.186137165577881660e+02 -4.845250379709217015e+01 -1.734206128037068993e+03 4.080992425351179804e+02 1.193091930176249349e+02 1.067921105241345685e+03 2.138748645806438162e+02 2.287448338311864973e+02
7.160404333373277268e+02 -5.218223344754924398e+01 -2.276076904552282940e+03 4.123259280299435545e+02 9.461178317746093569e+01 2.730647575309102422e+02 2.139147379238818019e+02 2.286337850367972067e+02
7.121376814469629153e+02 -7.862926242100439822e+01 -1.383651045284011616e+03 4.166791020376076631e+02 1.217987469670429164e+02 2.397952910024514779e+02 2.141925182754660852e+02 2.286200278657310889e+02
7.077297312187546368e+02 -8.911604577998299703e+01 -1.292970443466287861e+03 4.205259220818059021e+02 9.548568873945023938e+01 -8.822119472631253529e+02 2.127736417192366787e+02 2.282016538504921357e+02
7.055522744476479602e+02 -8.731387098596808016e+01 -1.014144708355896682e+03 4.234780093585202394e+02 9.977812444601353548e+01 -3.201800106227283038e+01 2.119295426486766871e+02 2.279867907503968354e+02
7.032725618791795341e+02 -6.982598633119965825e+01 1.425247543667473735e+02 4.250299883882033782e+02 7.281076305170645924e+01 -1.410745267649352854e+03 2.123758884891095420e+02 2.280800640291122363e+02
7.002848396525128010e+02 -9.211673739659121907e+01 -3.369561202805461875e+01 4.224445312478782171e+02 5.463915624499975365e+00 -2.555570990030789289e+03 2.120365855940974598e+02 2.280122111684986805e+02
6.985272589036627551e+02 -6.157312057582264231e+01 6.883098056143056738e+02 4.182832855134069518e+02 -5.748962638459626362e+01 -3.218713516402408914e+03 2.107268457054417468e+02 2.276261267979574825e+02
6.958280640461453004e+02 -7.202237916643292692e+01 -4.908866261471266625e+02 4.159301613369108281e+02 -5.576516064862717315e+01 -3.452279463150026004e+03 2.099549637535570241e+02 2.273345870415813010e+02
6.961334726370862427e+02 -4.379240797224242954e+01 1.546286167400241766e+03 4.127533754786134068e+02 -6.872509658758922058e+01 -1.540238813154944182e+03 2.097258458029324402e+02 2.272361342659404784e+02
6.971467603290136594e+02 -1.560755888977737094e+01 1.152198013589965512e+03 4.103962271719513524e+02 -6.753234013533827351e+01 -4.836141896324031109e+02 2.098088220248085918e+02 2.272436720837170299e+02
7.002053664283499756e+02 1.590017080764030588e+01 1.588839566434187645e+03 4.072265645349178840e+02 -6.022720171253606480e+01 -2.080516733892426942e+02 2.112200648909652045e+02 2.277092585191032299e+02
7.020766584202690410e+02 2.537126142276273910e+01 1.982444012756949860e+03 4.031361345141456241e+02 -7.895211062514373168e+01 4.721393994692217575e+02 2.108806619701744296e+02 2.275251673984766398e+02
7.053814634045314733e+02 3.785566346145749606e+01 1.728941422134779714e+03 3.999512928635418803e+02 -8.669181414539609420e+01 -2.545453750342224737e+02 2.097407140854450347e+02 2.271097829601717422e+02
7.070248962658848768e+02 4.633351645818019904e+01 1.137933925781297376e+03 3.953601533516237510e+02 -9.567362265264772248e+01 -5.638183109683941439e+02 2.087365437426780375e+02 2.268924237193577369e+02
7.089086855558866773e+02 5.095109019325416710e+01 4.045470483431238904e+02 3.904267705839478708e+02 -1.047282706382817139e+02 -1.312484300251831201e+03 2.084114109051832031e+02 2.269616723795197970e+02
7.107339607566403856e+02 6.133956919318972467e+01 2.425836656257215225e+02 3.858320427073725227e+02 -1.246866171900515070e+02 -1.204110011196979031e+03 2.079191458763321236e+02 2.269021428721815994e+02
7.119164405364921322e+02 2.935507599029274672e+01 -1.099665965724403577e+03 3.793203786308562826e+02 -1.428629611138155155e+02 -1.119744926848168689e+03 2.079827025373426466e+02 2.268925424815382144e+02
7.145135413308399848e+02 4.392035285630901598e+01 -3.398022344081496726e+02 3.727787700297307083e+02 -1.470604812280401461e+02 -1.055279670223091671e+03 2.097026954517513957e+02 2.275223051675299075e+02
7.171587803781934554e+02 6.247607885957886253e+01 -4.713623116984854278e+02 3.658087565939378578e+02 -1.649241465506004545e+02 -1.040624942493280969e+03 2.091615084224553414e+02 2.273000089874009575e+02
7.198909646061193826e+02 5.984717538696430239e+01 6.959118351758304470e+02 3.593217208398414755e+02 -1.731166965193881708e+02 -1.110537330459192845e+03 2.092589265638200402e+02 2.272969580644103189e+02
7.210213679496866916e+02 5.433565663406060509e+01 -3.195206341395810341e+02 3.543933406068962313e+02 -1.360714793811183938e+02 5.687354239499550204e+02 2.092219145039564410e+02 2.272647603324811882e+02
7.224638469391800299e+02 1.094039413562743412e+01 -5.124309881373335429e+02 3.489377883118635282e+02 -1.344336906782112919e+02 7.993044577728379636e+02 2.112925584166546003e+02 2.279642168088267624e+02
7.247279494232166144e+02 5.253717015919933431e+01 3.756538197334079143e+01 3.436074468390216339e+02 -1.505657736228582166e+02 1.169714633686484831e+03 2.122987590947944909e+02 2.283570500707880626e+02
7.263099527976777381e+02 5.886368436492392675e+01 -2.065311999474652112e+02 3.408631306403321446e+02 -1.116382628676030038e+02 1.068759246018911199e+03 2.135388589402292610e+02 2.288008271885102261e+02
7.292715477977012597e+02 5.345383453832362619e+01 1.255655541012324193e+03 3.375390399496693590e+02 -8.483834486214024651e+01 9.964901042119621479e+02 2.147612705839235332e+02 2.292079988420356074e+02
7.304571905851307747e+02 5.554639216690919312e+01 3.035953983234302882e+02 3.356259811302180651e+02 -8.012948238881612895e+01 1.219207964914080549e+03 2.154593526423108187e+02 2.294408510977713433e+02
7.292123153282923340e+02 1.576161961497050434e+01 -9.872634007688549218e+02 3.309595711393913575e+02 -1.186312232236624880e+02 -5.402545834733271590e+01 2.170162222777157979e+02 2.300124932326471310e+02
7.277604600102672521e+02 1.161803760228100391e+00 -1.814289816453968797e+03 3.272946457022007962e+02 -1.099112738095834061e+02 -1.684706664100585840e+02 2.169413479609689830e+02 2.300001181067576397e+02
7.274623493071427447e+02 4.937167018183695966e+00 -1.116487393533040631e+03 3.279597456474534170e+02 -3.183909012526206439e+01 7.555285768987686197e+02 2.191861650023031132e+02 2.307525238573304875e+02
7.277512647662525751e+02 -4.592808980886957215e+00 -4.134057259720810862e+02 3.265623949780796238e+02 -3.564649518716280596e+01 2.165484719707347267e+03 2.199742722621912776e+02 2.309928901465104047e+02
7.282385016933739053e+02 -4.435303752857344683e+00 -5.728454818695469157e+02 3.267564884558385643e+02 -3.281779420202532549e+01 1.991072426604115208e+03 2.179509411308774531e+02 2.303768383752051250e+02
7.278446226454788075e+02 2.442116382087551774e+00 -7.556413928269035978e+02 3.248245936439575985e+02 -2.773950767774839576e+01 -2.901437047493698742e+02 2.192416272180521730e+02 2.308006513654563605e+02
7.249617695014291030e+02 -3.986347880931548815e+01 -7.644976216947840157e+02 3.246658716152020929e+02 -1.216915937880988885e+01 6.838240889482189004e+02 2.209389370402699910e+02 2.313776966473656671e+02
7.231114662239376685e+02 -3.430584230682956104e+01 -1.056776045842607118e+03 3.252267893384810691e+02 1.004085409928601003e+01 8.564913299997569993e+02 2.222278387628186067e+02 2.317968035108836204e+02
7.178101010434373848e+02 -9.048446745601958696e+01 -2.428042665787485021e+03 3.254455118748783207e+02 4.785953964336857602e+00 4.140850470423862930e+02 2.228260524616435418e+02 2.319867906449227917e+02
7.119822031595147109e+02 -1.015383793542002877e+02 -2.130265894617762569e+03 3.261344343371638956e+02 1.474908488594107681e+01 1.124984724805450696e+03 2.237777594697049039e+02 2.322105830330207539e+02
7.073261976907758708e+02 -1.131157332052977580e+02 -2.239046061176345120e+03 3.265872953069130631e+02 4.919923735416955601e+00 9.474371967856650656e+01 2.237980470444862817e+02 2.322366868349072888e+02
7.033608448305078582e+02 -1.182478070751737818e+02 -9.544372618436952962e+02 3.271239920327419100e+02 2.788819324122698617e+01 5.104772102036168349e+02 2.248547665109747129e+02 2.324961699298489464e+02
6.983769687898544589e+02 -1.354501032620802050e+02 -1.028459623918805192e+02 3.294461801018214828e+02 5.556959630131142092e+01 1.280555575733216983e+03 2.263033029496501172e+02 2.329135964226010458e+02
6.929904335354209479e+02 -1.360695766199750096e+02 -4.615042601418347203e+02 3.313832890550650063e+02 6.188757898078124953e+01 9.614351799218324004e+02 2.279349017910788007e+02 2.334371326498119572e+02
6.845803173953705709e+02 -1.826693563038053014e+02 -1.603967990698551603e+03 3.321596919540578483e+02 3.284366102292019463e+01 2.975073086461834464e+02 2.271275329323050869e+02 2.332012218964911199e+02
6.792235300757855612e+02 -1.608775590486159786e+02 -6.086091738461933573e+02 3.320105644408054673e+02 1.134714877201419725e+01 -8.549307164106498931e+02 2.270436129938318288e+02 2.332455416587402226e+02
6.729144672440645536e+02 -1.344698227899024801e+02 -8.125269289784687317e+02 3.314186376898513799e+02 9.916006551878300712e+00 -1.701938071754863358e+03 2.295962908761460142e+02 2.341862446557046837e+02
6.692241925427039178e+02 -1.363236238143333878e+02 5.800755727141676061e+02 3.307805007254680163e+02 2.554382450883484257e+00 -1.152517556171534352e+03 2.290585462065341176e+02 2.340864396068914175e+02
6.658843269632219517e+02 -1.192494909672181933e+02 1.039096583284891494e+03 3.296491507499185332e+02 -1.608704962485880685e+01 -1.167458858778541071e+03 2.296595158253330169e+02 2.342788408710972590e+02
6.620982011752473682e+02 -1.261080791678624280e+02 2.044640780367094806e+02 3.271313873715645286e+02 -4.905202257019210776e+01 -1.288786020540914024e+03 2.307536732638327805e+02 2.346380776668904957e+02
6.572163425367690479e+02 -1.374699429175912542e+02 7.906009850607509861e+02 3.270272526507646376e+02 -1.853679404678291220e+01 -1.076922729303242022e+03 2.322117338862529152e+02 2.351224185360687216e+02
6.523085842090313236e+02 -1.280233565258681949e+02 -3.501407944771297593e+02 3.259527963395599386e+02 -7.038795509490284985e+00 -1.296439840023842294e+02 2.323200121419338871e+02 2.351786197825864235e+02
6.466307654330021251e+02 -1.372799250665202067e+02 1.195473461851858161e+02 3.264532574622440961e+02 -2.889462650814099121e+01 2.509959272268591519e+02 2.315546631679097516e+02 2.349421831722949037e+02
6.423606561044580303e+02 -1.328000350273710524e+02 2.069618683842785742e+02 3.262574467085559036e+02 -2.840869382104742602e+00 3.526351779184208226e+02 2.311669086190772759e+02 2.348615402642329286e+02
6.393323517612143405e+02 -1.069718156164052942e+02 8.851506453826738152e+02 3.266679122076410522e+02 1.491807070960101811e+01 1.255679811172076938e+02 2.319138248196555594e+02 2.350654836509852714e+02
6.381432286727671226e+02 -8.538392861369192133e+01 1.539512334304275100e+03 3.274549739044522880e+02 7.859131223711318670e-01 1.201768941455661434e+03 2.327909323724712749e+02 2.353795945002134999e+02
6.368426110623407794e+02 -6.690348152505795554e+01 8.213571969565757627e+02 3.292456495591188741e+02 2.382560760784248188e+01 7.665125216597446069e+02 2.333770099974219363e+02 2.355893147210601626e+02
6.368142802426147000e+02 -5.290645533336373063e+01 1.229020305773084601e+03 3.349170129967981779e+02 8.032981804341660848e+01 1.854217114512336593e+03 2.335527707608691799e+02 2.356555884832958441e+02
6.374569968101549193e+02 -2.487432026898797943e+01 2.500598967160071425e+03 3.421438101472074891e+02 1.275043404417880168e+02 2.889369916442955855e+03 2.342050128514499079e+02 2.358406538120674725e+02
