5.225000000000000000e+02 0.000000000000000000e+00 0.000000000000000000e+00 4.745000000000000000e+02 0.000000000000000000e+00 0.000000000000000000e+00 1.245000000000000000e+02 1.895000000000000000e+02
5.210592650597073998e+02 0.000000000000000000e+00 -4.399464690293961727e-02 4.740709051743307327e+02 0.000000000000000000e+00 -2.225237728948893379e-01 1.249190193770930506e+02 1.896976151192486668e+02
5.214058430718655472e+02 2.003178688314553035e+00 4.975982751913071667e+01 4.729492880859791626e+02 -2.906084935996220153e+01 -7.269013717117057922e+02 1.248851739041881501e+02 1.897284809340524134e+02
5.232576258353267349e+02 2.728773768193541116e+01 6.819859508173868790e+02 4.715368340611054236e+02 -3.153078391150789273e+01 -7.886437529131090969e+02 1.250649268154981684e+02 1.898673759419116323e+02
5.250396858221702132e+02 3.295835264119627794e+01 8.239588160299068704e+02 4.708705863090089565e+02 -1.475958169181678059e+01 -3.689895422954187438e+02 1.257320943883929800e+02 1.902262144045513139e+02
5.282655136282827470e+02 4.429965906883469273e+01 1.403753638037419705e+03 4.695832907355211319e+02 -2.241379413947404231e+01 -3.343397918843687222e+01 1.259891394072336084e+02 1.903789679156887473e+02
5.315902317879484826e+02 6.792765645934090912e+01 1.289528271772255039e+03 4.680060348273333943e+02 -3.550443154840054660e+01 7.231415994852434892e+01 1.263599558353848238e+02 1.906009093933713245e+02
5.343106396764230794e+02 6.611021956298166913e+01 8.379327333659385886e+02 4.660463489320952135e+02 -3.527237307967887858e+01 -5.595211980524820774e+02 1.269006693489431825e+02 1.908384702868262650e+02
5.383491849125709905e+02 7.171057585322174077e+01 8.179758677866129801e+02 4.633024790656306209e+02 -5.175691790431977068e+01 -7.388855804095469466e+02 1.279770822363059182e+02 1.913970074012409270e+02
5.418322780216630008e+02 8.701500257018217610e+01 3.786071149762701680e+02 4.576762967682696512e+02 -9.983673658647302318e+01 -1.584163518355511769e+03 1.283436865289602622e+02 1.916686190995189065e+02
5.435690016096796171e+02 6.323463910264980115e+01 -9.003290365102688497e+01 4.498760748253588417e+02 -1.447228097834487528e+02 -2.878293287114203849e+03 1.290729017443659643e+02 1.920093828113300845e+02
5.445362042709429033e+02 3.892468526237711757e+01 -6.551726920027548431e+02 4.381043478440685135e+02 -2.047218133048248774e+02 -3.903716271499089089e+03 1.293682455911522595e+02 1.921968135818963788e+02
5.462035413353446529e+02 4.618986145634194429e+01 -1.047650598375093750e+03 4.287765928097372239e+02 -2.248873466795284628e+02 -2.945252922975656929e+03 1.297337194580447033e+02 1.923573585899971761e+02
5.476031106231961303e+02 4.394075579027006029e+01 -5.096354787995171023e+02 4.209937709442802429e+02 -1.972440544966619314e+02 -1.319309219412703897e+03 1.309216476549926256e+02 1.928883699663582547e+02
5.495996661787120274e+02 5.161407787936498437e+01 2.468669569295610131e+02 4.135944665597938865e+02 -1.897615283141763882e+02 2.522421893225314591e+02 1.315652644605017088e+02 1.933604406334372925e+02
5.517519142717424074e+02 5.093056619092545390e+01 1.323565712096499283e+02 4.074099940312891022e+02 -1.715780870701075571e+02 1.240139187133659561e+03 1.318162660889776703e+02 1.936095196736289097e+02
5.551029517986273731e+02 6.147790137533438326e+01 5.342030889081626128e+02 4.025765546940133959e+02 -1.424592610785172440e+02 1.441608039861701627e+03 1.320610851824082204e+02 1.937865914585306939e+02
5.595029285962159520e+02 8.946880683629295561e+01 8.968184708106417702e+02 4.001250620635923951e+02 -1.102667094448046470e+02 2.186707979127054386e+03 1.313872138118020132e+02 1.934915102276662253e+02
5.636695782997860533e+02 9.863209555751774360e+01 1.035184124938200284e+03 3.994362523582002495e+02 -7.093571208509736437e+01 2.526430135709402293e+03 1.314445562264197633e+02 1.935812392095103576e+02
5.682532267336081304e+02 9.075112199346631314e+01 7.559397117521612017e+02 4.003379656516975729e+02 -2.941372687703604072e+01 2.816832690975668356e+03 1.317699953254929994e+02 1.937226591132244380e+02
5.733110832887033439e+02 1.144723714353825272e+02 6.608275686982524348e+02 4.003448761903566719e+02 -2.191748058565899981e+01 2.227808739496767430e+03 1.321718892193168529e+02 1.938785750030296526e+02
5.775827501570743152e+02 1.195445652600976985e+02 3.345239745571347498e+02 4.002748113624896291e+02 -1.603502942485273053e+01 1.286447529065499566e+03 1.330495844329226998e+02 1.942151818720303424e+02
5.821320705781972720e+02 1.108719396373518293e+02 4.372926153092588493e+02 3.967274697452124883e+02 -4.317915503781557618e+01 -4.607538374988563987e+02 1.334525206304213611e+02 1.942777230554476091e+02
5.879459866974208353e+02 1.227039924534547310e+02 1.029223981518656501e+02 3.927453238784303267e+02 -7.590908161518622421e+01 -1.436662930086362849e+03 1.344882498124471510e+02 1.946149361427127644e+02
5.938323656219009763e+02 1.392529625498659982e+02 4.984969788658312950e+02 3.882772180489625384e+02 -8.511189002235524015e+01 -1.668803426163426593e+03 1.344779886962708702e+02 1.946639512810687620e+02
5.993803840292005134e+02 1.339679233257977842e+02 7.095839085341179953e+02 3.836427993080317265e+02 -9.410041958494953462e+01 -1.109457354464400169e+03 1.346675388670674636e+02 1.947459214102126737e+02
6.053834126799839623e+02 1.396606436529261259e+02 4.418095428380052567e+02 3.778393383476339977e+02 -1.196062220245896981e+02 -1.347451975235590680e+03 1.358765007490457037e+02 1.953425645284665677e+02
6.122990606099361912e+02 1.588790265789775162e+02 2.996893766320467307e+02 3.707472920348693037e+02 -1.403239236737749991e+02 -1.543412840645697088e+03 1.373608510223515395e+02 1.962539784836981198e+02
6.187381310579276033e+02 1.606343044585756559e+02 6.296760451055279191e+02 3.646745236907956382e+02 -1.475293548092608091e+02 -1.321860300947248788e+03 1.377299869010459190e+02 1.965775172408222602e+02
6.263562289088449688e+02 1.637476521218379730e+02 6.080194707957725768e+02 3.608229938513583193e+02 -1.228232829585693224e+02 -1.405348302397916882e+02 1.382001246185656669e+02 1.968319021294161928e+02
6.346349549876460969e+02 1.917776093874909691e+02 8.767603225754538698e+02 3.566803854718561411e+02 -1.058363579007971680e+02 7.251310502392919943e+02 1.391013825886842028e+02 1.974549284851354116e+02
6.421235111594008913e+02 1.905937191467533580e+02 6.148201011943610865e+02 3.523261068200141608e+02 -1.156671637602819231e+02 6.548345146974854742e+02 1.406407349452058497e+02 1.984650489493430996e+02
6.506434298100446085e+02 1.897695682509660173e+02 4.876734765574092876e+02 3.493213943326675803e+02 -9.361720712313469051e+01 7.478342587727611317e+02 1.415225795774495339e+02 1.989438685502856572e+02
6.579726962662743972e+02 1.965814491608499566e+02 1.281792100371475840e+02 3.480420504872762990e+02 -6.507640161185591410e+01 9.045620298873866432e+02 1.425679014186718803e+02 1.994437505796933863e+02
6.642685287954629985e+02 1.730152850343714874e+02 -5.446511303595036679e+02 3.455838115605583880e+02 -6.198985255468901556e+01 1.246043016111680799e+03 1.435360175082341812e+02 1.999545618885014733e+02
6.694622172142707086e+02 1.466441153429049677e+02 -9.062435180627596765e+02 3.438513083667721162e+02 -5.987477394584296775e+01 9.650088897622322293e+02 1.446683923038002604e+02 2.004743439652337429e+02
6.725397021094481715e+02 1.200569670105764288e+02 -2.105977063084738347e+03 3.414111813488459006e+02 -5.735581174371242241e+01 1.920301110153258435e+02 1.450405992300182163e+02 2.007072679969603541e+02
6.731781049127239385e+02 7.038614145234599562e+01 -2.534351024203434463e+03 3.365489531508669643e+02 -8.886273987511292205e+01 -6.399634445511401282e+02 1.465139362884779359e+02 2.011286890553005264e+02
6.717722158177190295e+02 1.635764054476394236e+01 -3.280444735232422772e+03 3.292908261694104226e+02 -1.260733753150122141e+02 -1.741315617947033843e+03 1.478709070366023468e+02 2.016217943050554595e+02
6.693722617983835335e+02 -1.706716411614760176e+01 -3.450595216684991101e+03 3.216651911754863136e+02 -1.558423038395248170e+02 -2.347976400776358332e+03 1.490491976169449515e+02 2.021136870480726486e+02
6.658288281749736370e+02 -4.635705350037873274e+01 -2.865323318983163063e+03 3.135846971787443067e+02 -1.796875217168108918e+02 -2.177274243369431133e+03 1.492376297216994203e+02 2.022340893901767345e+02
6.632970686811431733e+02 -5.482535145113129005e+01 -1.800587218288565282e+03 3.056090475383233525e+02 -1.886354955659460018e+02 -1.472569841556093934e+03 1.500413484893301757e+02 2.027150212611374513e+02
6.613431914975058135e+02 -5.120123687055372841e+01 -5.455882271059772393e+02 2.991577919971821302e+02 -1.736255875009567262e+02 -3.850899799506638601e+02 1.509931728032968010e+02 2.032220834218355208e+02
6.615005280008040245e+02 -2.641507489462965097e+01 5.998176120273341212e+02 2.931880116053795291e+02 -1.569431574104766014e+02 4.219067094512668632e+02 1.509296720595764327e+02 2.032444209450339940e+02
6.620236924344690124e+02 -8.052768736176277864e-01 1.459661558615501463e+03 2.879035623500682846e+02 -1.488528411028755443e+02 8.278465086641832613e+02 1.506704593322620838e+02 2.033001120047507300e+02
6.636444580457730353e+02 1.011386076581914928e+01 1.486092840489109449e+03 2.821137489279205965e+02 -1.547623196464736566e+02 5.806527945534048740e+02 1.510934706810566013e+02 2.034091317520999382e+02
6.642876740144416772e+02 2.336316347561793805e+01 1.310582055977091841e+03 2.765999510107594119e+02 -1.424052087422715829e+02 3.868590547945816525e+02 1.517003749648361577e+02 2.037790070029972753e+02
6.661253004085533576e+02 3.011923466349273681e+01 7.957019869731897188e+02 2.715344247060880889e+02 -1.407619884375413903e+02 2.191980418509720607e+02 1.519069362948490607e+02 2.038587692999338401e+02
6.695179882738874539e+02 5.681033774549604232e+01 1.164178595794670173e+03 2.678950268069899039e+02 -1.186409876479402072e+02 9.686791842000126280e+02 1.523753021111479313e+02 2.040129280134308090e+02
6.741915049422237871e+02 8.332553612682268351e+01 1.558957073451946144e+03 2.670318895488657631e+02 -6.796984922608142199e+01 1.899844361357874277e+03 1.534428619780997280e+02 2.044571794013326667e+02
6.789732293712021374e+02 1.018684638094578645e+02 1.837418045708379850e+03 2.681261391237858902e+02 -2.404115459395005772e+01 2.963603529033526684e+03 1.540277643444463820e+02 2.047997353597745871e+02
6.832467160977220146e+02 1.076352159540538906e+02 1.030472993724471280e+03 2.723474659481869935e+02 3.372617180173446627e+01 3.819476499111611702e+03 1.547057403095503787e+02 2.050831871661602577e+02
6.867360559020327173e+02 9.082044263226880787e+01 3.023458367022408879e+02 2.761293532104701285e+02 6.050164644994747221e+01 3.257201444369155524e+03 1.557071327494775517e+02 2.052625466605426823e+02
6.888747327618140162e+02 7.846833389225405142e+01 -5.160093292071704809e+02 2.797883405998613853e+02 6.254226509611888218e+01 2.192317773685894736e+03 1.565300723084550043e+02 2.054201717388296231e+02
6.899940462696765735e+02 5.435338880213355850e+01 -1.302707734646958215e+03 2.834154654559584969e+02 7.408486737297499758e+01 1.208509706194931368e+03 1.577997608461898835e+02 2.059803989819357923e+02
6.906463243739524387e+02 4.172517313912247516e+01 -1.392823237734079157e+03 2.866755969291224915e+02 7.997812533988738437e+01 5.318907666797103957e+02 1.576945249739006840e+02 2.059728036710345975e+02
6.913791053327718146e+02 3.102642882090397691e+01 -1.060766042899353579e+03 2.882276313049364376e+02 5.959482371262068057e+01 -1.385661201843489039e+02 1.585380705201104661e+02 2.065374309343235097e+02
6.916593877860613020e+02 2.269998817291362414e+01 -9.196632697521088176e+02 2.890895805863478358e+02 4.834188870382653391e+01 -7.754860887887887202e+02 1.587860125349089344e+02 2.067796142494256060e+02
6.924431026536470881e+02 1.488435031623574467e+01 -4.391753213623816237e+02 2.895350420006420791e+02 2.528239013054635009e+01 -1.621671029704780722e+03 1.582949178739199567e+02 2.067185718885566530e+02
6.946435558376940662e+02 4.393107924308380774e+01 2.806580921286423802e+01 2.899072510703869625e+02 2.443433728182012032e+01 -7.332416146259389507e+02 1.583601490456813679e+02 2.066746835470210328e+02
6.961547970527001326e+02 4.472344258233295022e+01 3.657595821399976899e+02 2.911375717164057164e+02 3.591988971068472836e+01 -4.283949626244072419e+02 1.591369653687830237e+02 2.069341929699731395e+02
6.979433879799448732e+02 3.695224165972004471e+01 5.291094418544848850e+02 2.948963790443522726e+02 6.019160875447590087e+01 1.020490835482048738e+03 1.591635500965477377e+02 2.067935534137415061e+02
6.988403915822301542e+02 3.260962660763924248e+01 -2.748803724649817468e+02 2.980841373424955805e+02 6.462443437355656783e+01 7.790349997893200680e+02 1.587381956202132187e+02 2.064977663894443367e+02
6.993224316200738713e+02 2.143616953034704409e+01 -6.427806381655733503e+02 2.983127271672271377e+02 3.323305195884032059e+01 -2.703233319441818026e+02 1.592009537721136212e+02 2.066818389812573287e+02
6.988096552542366453e+02 4.153919235744298888e+00 -7.813013935237001988e+02 2.979285679500984543e+02 1.062699560751734218e+01 -1.437437634338444013e+03 1.584855048895922778e+02 2.063400489184035109e+02
6.985233193154764422e+02 3.822896330334942250e-01 -7.272104223676445827e+02 2.961495540244085873e+02 -4.596752951160198997e+00 -1.839931854161179899e+03 1.578501589993804828e+02 2.061324308194994330e+02
7.001390453541149554e+02 1.818066154465767426e+01 2.995182204956562178e+00 2.950868375090954032e+02 -1.931574497228687903e+01 -1.384810593371598770e+03 1.567685473177676556e+02 2.058534800632712631e+02
7.008520185198073023e+02 1.923870233165407484e+01 4.976601139152489282e+02 2.948022549791181177e+02 1.525246047534780658e-01 -4.778551342944616636e+02 1.563499404633094514e+02 2.057378778839713505e+02
7.003745448709742050e+02 1.458138564980436813e+00 7.144402828127515193e+01 2.958580725287298492e+02 1.085394376597542276e+01 4.695060593287108759e+02 1.559199183809674309e+02 2.057388150823313708e+02
6.996991496887818585e+02 -5.323837784526016748e+00 -4.566609353760223939e+02 2.979641915026127776e+02 2.621999936115058105e+01 1.001838388847587112e+03 1.556588557080377768e+02 2.056337187198511174e+02
6.977881333406452313e+02 -2.219787423404452653e+01 -1.151393325783506498e+03 3.009423573254226767e+02 4.509320205123820813e+01 1.192755151243249657e+03 1.564483481510078207e+02 2.060333657367096407e+02
6.949446981566017030e+02 -4.424854015034594568e+01 -1.032758620448008060e+03 3.035820658485212675e+02 5.725210655039588659e+01 1.264490227816078232e+03 1.564343588625741290e+02 2.061255031036748449e+02
6.905455615019197921e+02 -7.164714448334717645e+01 -1.886922639525874047e+03 3.076940836035640814e+02 7.392296442262363598e+01 1.242641621351388494e+03 1.559161646930216136e+02 2.059100285295697006e+02
6.846200104421296828e+02 -1.129889932340710033e+02 -2.012924999030912659e+03 3.119678246912782811e+02 9.061714841763500772e+01 9.833544279694135639e+02 1.555562766267046584e+02 2.058720598639270349e+02
6.770575421972548611e+02 -1.486507636887375270e+02 -2.731128301225579435e+03 3.135207655239702262e+02 5.950600825913601710e+01 -1.204227899124497867e+02 1.555892649547981819e+02 2.057972053392136331e+02
6.699620819521322801e+02 -1.581917872623573373e+02 -2.340484343047727634e+03 3.125609014474484297e+02 1.762008533452538828e+01 -1.640293959144381688e+03 1.552121419612813895e+02 2.056430797319432031e+02
6.635708509156850141e+02 -1.588756190274459925e+02 -1.189144434350190522e+03 3.102480894950474521e+02 -1.869174848235226705e+01 -2.761421267356320641e+03 1.550530183327832106e+02 2.057450700331403652e+02
6.581764726620850752e+02 -1.501209399323838909e+02 -3.406494686280011397e+00 3.088196061578950093e+02 -2.012919397310340131e+01 -2.037097010789916112e+03 1.547142932600644372e+02 2.056031447081503813e+02
6.547786524018682712e+02 -1.206607015093375566e+02 1.135852037327760172e+03 3.070609837782502041e+02 -2.671244847830881497e+01 -1.098103352256152675e+03 1.541723845534898487e+02 2.051425337380620704e+02
6.524969315835596717e+02 -8.554837293105697427e+01 1.778871463118499150e+03 3.050980479320429595e+02 -4.089572707123322459e+01 -4.980156485161926980e+02 1.537432202981689215e+02 2.049033609339720670e+02
6.492949275072064665e+02 -8.483201340295885018e+01 1.671302508326609086e+03 3.044511804807542035e+02 -3.193270714349083761e+01 -4.304876358710748718e+02 1.540114113978010835e+02 2.050950052482755552e+02
6.457900515486642234e+02 -1.003984902124704490e+02 4.911788056285969901e+02 3.030497817530319367e+02 -2.995097074277018478e+01 -9.300590602996554423e+01 1.543786219855552702e+02 2.052794550348650091e+02
6.416941557967371637e+02 -9.486794490905644750e+01 -2.774289426245193226e+02 3.023548060001321574e+02 -2.773731603320000261e+01 1.696072758148057460e+02 1.549003996653372042e+02 2.055217542118810741e+02
6.369486949494072405e+02 -1.024772294995008934e+02 -4.235703959877654370e+02 3.023206698106762360e+02 -1.566822451441671404e+01 1.298946227315438193e+02 1.563414433345437544e+02 2.062114991071998986e+02
6.313190370448596695e+02 -1.160475083834448355e+02 -2.224158557959725329e+02 3.022944011760137641e+02 -7.381214249414528084e+00 6.721999873082742170e+02 1.578943353813893395e+02 2.071013974564366436e+02
6.269909829669550163e+02 -1.156787223015992225e+02 -6.442416774913160680e+02 3.028529953438702478e+02 5.448178566073736739e+00 9.042524199792402442e+02 1.585843889200578758e+02 2.075816785483540343e+02
6.220487199429973089e+02 -1.213469462081642547e+02 -6.177918432170298502e+02 3.043677098154032592e+02 1.815983524700598295e+01 7.606412750034777446e+02 1.597134565638309311e+02 2.079859275080366103e+02
6.189858813591680473e+02 -1.036701487528056305e+02 -1.913610484171804416e+01 3.075657707268823060e+02 4.667317574152770021e+01 1.324758995420121437e+03 1.608097313315942927e+02 2.081869344857333601e+02
6.158754775237587182e+02 -9.078198590517523314e+01 5.111902191683471983e+02 3.113989887396401741e+02 7.191457723603339502e+01 1.670175648080166411e+03 1.618104007564894005e+02 2.086553660511697785e+02
6.126544532877438769e+02 -9.142859567452487113e+01 8.100688076135936626e+02 3.159415055225850324e+02 8.013017998847962531e+01 1.698753063892649379e+03 1.625999267019123238e+02 2.090428629342935380e+02
6.102588979529939479e+02 -8.218682924593616690e+01 5.449407710334398871e+02 3.177548704427669009e+02 7.320500849086336359e+01 6.611565093545167429e+02 1.627083464338959118e+02 2.091718025986365319e+02
6.096428414594264495e+02 -4.984983855178558088e+01 1.171871587699219617e+03 3.197458149277038615e+02 4.789676302895181692e+01 -7.045984727090287834e+02 1.631357706245885026e+02 2.092637582768497282e+02
6.091847343249047526e+02 -3.368473987071917009e+01 1.358067780557726337e+03 3.220764710298960267e+02 5.127657079351273950e+01 -5.782894986434268958e+02 1.639376666157605484e+02 2.095093927051526066e+02
6.088337912006519446e+02 -2.912432381992374886e+01 1.567423798797949757e+03 3.247526876966797431e+02 6.776380535007352535e+01 -3.626672203295997861e+02 1.640870004545414531e+02 2.095157381405701926e+02
6.072640235597265246e+02 -3.369364085765923988e+01 4.021678894119215215e+02 3.275048575201987546e+02 7.433171146543439534e+01 7.682555756346598628e+02 1.646873679404792483e+02 2.096650760437370025e+02
6.032904178349543827e+02 -7.114520808781234962e+01 -7.061514516936674681e+02 3.319543106041519991e+02 8.890052661973027170e+01 9.569842250072190382e+02 1.652732668610857445e+02 2.096827907530342543e+02
5.967415287083780413e+02 -1.143377449243982085e+02 -2.207906390090354762e+03 3.375097310478223562e+02 1.121391030751942992e+02 1.172591998453201768e+03 1.660912359603844095e+02 2.099405021980241202e+02
5.881065493660387347e+02 -1.619680741600196257e+02 -3.350242541803980657e+03 3.437644724196780999e+02 1.338021313785556856e+02 1.369941095833355575e+03 1.671655705173497495e+02 2.104186923376144591e+02
5.791940888873929225e+02 -1.828115263711402179e+02 -2.828943585662454097e+03 3.486228589643803844e+02 1.299149008506872462e+02 8.910704853306542645e+02 1.683088389287721895e+02 2.107796979087233638e+02
5.680246382863786039e+02 -2.159939238309096083e+02 -2.586770880586973362e+03 3.528992550562523434e+02 1.117720951160720091e+02 -9.697943657386893790e+01 1.706776812468643811e+02 2.115901106419651967e+02
5.560766331865453367e+02 -2.566948911464578487e+02 -2.307296581782333305e+03 3.572961234432406741e+02 1.075906961428778459e+02 -5.670999160673461574e+02 1.729900872822965994e+02 2.126501218476000474e+02
5.444240088097759553e+02 -2.700909320789664889e+02 -2.194406784614737717e+03 3.587863079521418967e+02 7.882133313900045835e+01 -1.406613208596985487e+03 1.755171334650132451e+02 2.137851444536375993e+02
5.323205748415132348e+02 -2.806249131101330931e+02 -1.434494955496854345e+03 3.599393411454491911e+02 4.663718877507802318e+01 -1.658305258441805336e+03 1.768103560564013037e+02 2.143936132366624463e+02
5.211549809734864311e+02 -2.814963076961276442e+02 -5.987359112585147614e+02 3.595541458009732878e+02 2.257955877902486819e+01 -2.290160095627299597e+03 1.777532859953207094e+02 2.148960380773974634e+02
5.112958216921614962e+02 -2.620934350846824259e+02 -1.341598119503984243e+01 3.594492002938604287e+02 1.256332150468306352e+01 -1.317784333508781856e+03 1.798941453905514436e+02 2.158470909333498753e+02
5.037547839092771937e+02 -2.362608606376060436e+02 1.239579162513945448e+03 3.588760953003016425e+02 -4.265111609891605177e-02 -9.623185953126775303e+02 1.801038622613654923e+02 2.158399569624243952e+02
4.970949585341518286e+02 -1.985121445269183482e+02 1.946268926893127627e+03 3.583223380636001139e+02 -4.747979995367131778e+00 -8.295214377881364953e+02 1.820610979580896469e+02 2.162801315075835760e+02
4.917238719909820475e+02 -1.779514362954723197e+02 2.460668706662004297e+03 3.585185677477734885e+02 8.171343965402700249e+00 -2.213257656421295962e+02 1.828399486364497761e+02 2.168477291625557086e+02
4.871716221469661718e+02 -1.471578665752348911e+02 2.135081766098254775e+03 3.586676597176495989e+02 4.093112725416519382e+00 1.881152905966704054e+02 1.843411150438327013e+02 2.176544414266366800e+02
4.831332040730247286e+02 -1.265320918125949419e+02 1.827587961686982226e+03 3.540079210559886178e+02 -4.497856053812373034e+01 -1.256678165639788858e+03 1.850646453551216553e+02 2.183391209767542023e+02
4.812057823403656585e+02 -8.753138419039164830e+01 2.241577778647275409e+03 3.475210613406242715e+02 -1.146588436928247177e+02 -3.040517268334129312e+03 1.855976062625688030e+02 2.187432487649151085e+02
4.796025740976140241e+02 -6.381764154096750019e+01 1.934929341275553043e+03 3.399689938609269575e+02 -1.323424729295326756e+02 -3.469278642616352499e+03 1.856853532958370465e+02 2.189073766809123356e+02
4.785231946286201037e+02 -5.107016778359312781e+01 1.741447278622697922e+03 3.320405415801287177e+02 -1.679005128408307144e+02 -3.046918176545883398e+03 1.861733976788007965e+02 2.193434282990958764e+02
4.778167793476237648e+02 -4.492804564105456677e+01 1.234029788331625014e+03 3.236777268771152194e+02 -1.881217229960334976e+02 -1.783997564532075103e+03 1.865752591688010966e+02 2.197066698762506292e+02
4.772164130657141072e+02 -2.517974024359616791e+01 1.095017237683135136e+03 3.153154710830996805e+02 -1.801311979041902589e+02 -1.079861669783384514e+03 1.875183638767139769e+02 2.200420384558322553e+02
4.768201502655226136e+02 -2.530696456687229556e+01 6.596454258410483362e+02 3.080552456172737266e+02 -1.864168357441355681e+02 -4.172674689504087269e+02 1.887364429885724064e+02 2.205084810116391054e+02
4.762534349676820966e+02 -1.823611729096694134e+01 5.681958622976740116e+02 3.022737623516283634e+02 -1.617967630671494419e+02 7.106284721387297623e+02 1.899572817484895211e+02 2.211550956905197722e+02
4.760234903997016431e+02 -1.568065383379655664e+01 1.147103729208713361e+02 2.972312237294801207e+02 -1.467747950704309972e+02 7.094627324563667798e+02 1.903766353146634174e+02 2.214558522304256485e+02
4.754071377441512709e+02 -1.711507023254882753e+01 4.608410701364417861e+01 2.935816287623485437e+02 -1.305113288616222178e+02 1.275157169483321695e+03 1.915914492150884882e+02 2.220166213310301657e+02
4.765696205882722438e+02 -2.587231503342162675e+00 5.792539688112454996e+02 2.905741058677749038e+02 -9.659735964103423100e+01 1.697436094250957467e+03 1.933686202331539903e+02 2.224357419917662924e+02
4.812548035283508625e+02 5.480957714268595993e+01 1.652804128472640741e+03 2.899755933874264429e+02 -6.485034093077487682e+01 2.226801046929147105e+03 1.960737539017511608e+02 2.235394138636316086e+02
4.877437490631015180e+02 1.105853378238786746e+02 3.279102428190465616e+03 2.914228080203615718e+02 -1.656966411400614803e+01 3.011897005801528849e+03 1.977848039026221727e+02 2.244283666128282846e+02
4.959457860833919653e+02 1.492769757827391004e+02 3.947102259466184933e+03 2.939806940655681160e+02 1.673768781772831460e+01 3.135100032153948632e+03 1.998286018206866004e+02 2.253587269003270990e+02
5.028121357477244260e+02 1.595734574763211526e+02 2.445719402869368878e+03 2.986396978545138836e+02 5.348586424508646786e+01 3.271649654639160417e+03 2.016214758178631712e+02 2.263195543502987164e+02
5.083366693022597360e+02 1.433057687762290016e+02 1.083088855595307450e+03 3.044328682537491773e+02 9.944882635217436473e+01 2.910013137306304543e+03 2.040428265495071969e+02 2.272377500681753872e+02
5.102501359915647754e+02 9.908558836475107512e+01 -1.303372171302633660e+03 3.089026906615339954e+02 9.855591530554910662e+01 2.021555292676690897e+03 2.057985106581157027e+02 2.278881193698316281e+02
5.118818589546194744e+02 7.563359453030059854e+01 -1.907602279211508176e+03 3.156324907104903446e+02 1.196269513972616352e+02 1.968120302677892141e+03 2.083003052062592531e+02 2.287459350043351662e+02
5.125907719825952427e+02 5.059686288946229382e+01 -2.284550822340626382e+03 3.223401420161503097e+02 1.507165407601990808e+02 1.294746149845154150e+03 2.100679818971225643e+02 2.294225796659218872e+02
5.118641947136129033e+02 1.713602737285434685e+01 -1.981481062856679273e+03 3.267883629658384166e+02 1.281859896752436612e+02 7.621076400638096402e+02 2.121884719907947670e+02 2.303101670237002736e+02
5.118427683281794316e+02 1.030934749829016361e+01 -1.561523301313771753e+03 3.287156278293389278e+02 8.666778425917694051e+01 -7.331080014829623224e+02 2.145085759287398730e+02 2.311093413952226570e+02
5.118167993957915769e+02 1.205996852605390579e+01 -1.230126170600192609e+03 3.297370165900086363e+02 5.902630960445558372e+01 -2.525611119583298660e+03 2.154666759881872906e+02 2.314240780337865431e+02
5.131992764367865902e+02 2.361257887914953457e+01 1.331483910412399041e+02 3.303720835005820504e+02 4.474886336062036207e+01 -2.075020874535364783e+03 2.167013219379049076e+02 2.317500968204135461e+02
5.152806439470283522e+02 4.215705227763519503e+01 8.948966179176594551e+02 3.316320220973390747e+02 4.160618506340911438e+01 -1.173118643654550397e+03 2.178925166325036571e+02 2.322043579863343439e+02
5.190389315173034674e+02 6.303002718652692948e+01 1.089602938684703304e+03 3.325077822060595167e+02 2.821630225406795134e+01 -6.370012879678071158e+02 2.196042033230799575e+02 2.328065990523812729e+02
5.241012435349111911e+02 9.415256621635401757e+01 1.618995260027513268e+03 3.332520175711975980e+02 3.243876556655430221e+01 -5.078417819848714885e+02 2.204845596669253212e+02 2.329677713985733476e+02
5.296047191942926702e+02 1.120720785846340135e+02 1.450388404970587317e+03 3.340797085404889799e+02 2.791356298957206405e+01 -3.437126330037410185e+02 2.203465688525347730e+02 2.328977384951473937e+02
5.340849112057178445e+02 1.134160352598036070e+02 1.121139420009721334e+03 3.363464773480296799e+02 4.257366020888547098e+01 2.445658077263426264e+02 2.208090417188865899e+02 2.330961964720783328e+02
5.395562934636419641e+02 1.178979027610142225e+02 6.506637575798155240e+02 3.378909126057098433e+02 4.058582062496425635e+01 5.660411483876703187e+02 2.212342588416575779e+02 2.333036711582440432e+02
5.452014927650659502e+02 1.259252108026171726e+02 4.155484151538151423e+02 3.378373733553162879e+02 2.780366713800074763e+01 -2.647803656247468211e+02 2.209089441534315199e+02 2.332481141814796501e+02
5.527023349466260242e+02 1.532840571468323958e+02 9.073091268931809736e+02 3.362496950626177181e+02 -1.328551057651599621e+01 -1.250192494699163944e+03 2.212259581294839279e+02 2.333278966392259690e+02
5.610585145700169960e+02 1.731223230356988836e+02 1.174215787760692820e+03 3.346333388829013415e+02 -1.897579736862721234e+01 -1.682492242739819176e+03 2.204882708009872090e+02 2.331561709709620516e+02
5.706510402560041939e+02 2.093882270670291064e+02 2.415166775306656746e+03 3.332620809796608228e+02 -2.251298559986310721e+01 -1.455959743234046982e+03 2.193199374442503142e+02 2.325451010661041096e+02
5.809779899041441240e+02 2.285079078017404015e+02 2.214609653270775198e+03 3.324658285959898194e+02 -3.006360183522447471e+01 -6.658236921740177650e+02 2.182397039939147021e+02 2.324417279851022613e+02
5.913843910629266247e+02 2.382714063817888928e+02 1.444586092366159392e+03 3.307538631460085981e+02 -2.927407443895530648e+01 -2.852768261693267959e+02 2.171862199037148002e+02 2.322277532384376855e+02
6.001938753242960729e+02 2.298818580422420155e+02 4.877999561943105959e+02 3.291916973780970466e+02 -3.947297224955638484e+01 -3.043884767713811925e+02 2.153136354642425943e+02 2.316077094725078211e+02
6.096371000642313902e+02 2.322365756217068054e+02 7.624988589576012998e+01 3.279837489996849627e+02 -3.299981330693373138e+01 -1.041569170408462419e+01 2.148565330094304215e+02 2.313818402034288226e+02
6.188741580637015431e+02 2.383346406282772705e+02 -2.388118849374639581e+02 3.263325892070228633e+02 -2.467109289575320474e+01 -9.711337341247674004e+00 2.140531438197215266e+02 2.310860479256155600e+02
6.258193341191669106e+02 1.985763125672692411e+02 -6.200461858644766835e+02 3.255410911322377387e+02 -3.296247198393115951e+01 8.566430657721544151e+01 2.141918008853780293e+02 2.310967266631510881e+02
6.314620138851348656e+02 1.769419251522615752e+02 -1.430480140392616249e+03 3.237668875183998125e+02 -3.865795372559581722e+01 2.031226211899050043e+02 2.150046354517214127e+02 2.313275302277499748e+02
6.345999577370574798e+02 1.241936392204510895e+02 -3.090184359458525705e+03 3.216759515679825085e+02 -5.403211284454033603e+01 -3.814910580491838914e+02 2.151046992285143347e+02 2.314055693622169940e+02
6.368678824738833555e+02 9.981518778579444984e+01 -2.595992182765510279e+03 3.188907308182301676e+02 -5.317284803191436282e+01 -4.391843447451402653e+02 2.158200898944533037e+02 2.315769595870566491e+02
6.384848623128912095e+02 7.345367848282005241e+01 -2.443153223459797118e+03 3.186458856770588000e+02 -2.603088268902968849e+01 4.845951844512946991e+02 2.173113745538277612e+02 2.321871242820874954e+02
6.388095954523558930e+02 4.059560505572150646e+01 -2.097232591569458236e+03 3.192331963084213839e+02 -1.026697413002553283e+01 1.066669855085072413e+03 2.183201693325199528e+02 2.326511999946357605e+02
6.383443385550348239e+02 1.741324975595186686e+01 -2.004106065654496433e+03 3.200218266384837875e+02 -1.976527198957809039e+00 1.357285543877973623e+03 2.197344887380635328e+02 2.331677422900199304e+02
6.378825019053249434e+02 1.261814645621426401e+01 -1.678270524579792891e+03 3.217432414181843114e+02 2.321654887790887045e+01 1.293329797821911143e+03 2.202439111279232691e+02 2.335131244395501824e+02
6.371095812335342998e+02 -8.310165410486801463e+00 -1.126988838855641916e+03 3.235503849756138379e+02 2.833609687319393089e+01 6.195020596617723641e+02 2.220994740703795571e+02 2.341428074350790496e+02
6.356894008223821402e+02 -2.105749148767714729e+01 -1.034411099900785075e+03 3.235511801265353711e+02 7.607095099510368108e+00 5.731904569470262345e+01 2.231443358852100403e+02 2.345943963581313483e+02
6.333222724488233553e+02 -3.641902331500045875e+01 -1.139875088920764711e+03 3.233176474538570346e+02 -4.624675799339917903e-01 -4.852490726902931897e+02 2.231026202307692188e+02 2.346149939569478988e+02
6.309267330647636527e+02 -4.296775080378957057e+01 -7.022925362191577960e+02 3.216131079779198103e+02 -1.545606122289213857e+01 -1.247228965929180049e+03 2.230793082314168032e+02 2.346976682617805920e+02
6.283795498972572204e+02 -4.723343857747852326e+01 -6.256561021859223501e+02 3.204208487738987401e+02 -2.351470798169540188e+01 -5.037045177289633102e+02 2.241321940875396876e+02 2.350912883023463849e+02
6.260032478592755751e+02 -5.566585898970050295e+01 -4.474059271085840805e+02 3.189531674040100597e+02 -2.544538539450213577e+01 -5.976072508231662823e+02 2.254684062516900269e+02 2.354533162497523620e+02
6.241042675971248173e+02 -4.704155969336994758e+01 -6.981327510153822402e+01 3.180206189734063855e+02 -2.652085733890429253e+01 -4.148243465637545455e+02 2.266018682510332667e+02 2.358163048517276650e+02
6.228278981392808191e+02 -4.060025073196230494e+01 1.648642779171055111e+02 3.188851720000541832e+02 -1.402560157814482267e+01 3.653974680598682312e+02 2.269523904846512323e+02 2.359175966277063310e+02
6.208921060480964798e+02 -4.339655592566521136e+01 2.437225542841476056e+02 3.210685754754177310e+02 2.241921823099958644e+01 9.614767772631209937e+02 2.286190865018304237e+02 2.365309606397796358e+02
6.186802408991565017e+02 -4.533179862981175745e+01 -1.513818960277362464e+02 3.243216633238294548e+02 4.111217350487721944e+01 1.491544958489727833e+03 2.303333605175434116e+02 2.371950044153966530e+02
6.144399050032686773e+02 -7.394744239886509263e+01 -1.042330188232828050e+03 3.275560583514258042e+02 5.765748799402760483e+01 1.857696608636627388e+03 2.311338310881301652e+02 2.374924135328307386e+02
6.089346981151094269e+02 -1.108450311877163159e+02 -1.379573861201384716e+03 3.318184466838869753e+02 8.095737484547630913e+01 1.472586949956768649e+03 2.322329433728512527e+02 2.378978652363985020e+02
6.026337562245884101e+02 -1.205247081738731509e+02 -1.857529142018286166e+03 3.363543845779170169e+02 8.805117295228008345e+01 9.170445765057044127e+02 2.330123363970638479e+02 2.382136765104622214e+02
5.964448447477402624e+02 -1.280115878214610348e+02 -1.246854865856758806e+03 3.402216154714784011e+02 9.561077474576698876e+01 1.167946811887707327e+03 2.337003911800603362e+02 2.385596377405700537e+02
5.902235284733844765e+02 -1.398400969220781178e+02 -6.219330382451029209e+02 3.435226469714535256e+02 8.245065294014446522e+01 -4.534789364476553715e+02 2.360498198287056368e+02 2.394576998777756103e+02
5.839616429244375695e+02 -1.394553083520646908e+02 -2.912967876700519128e+02 3.456599060229820566e+02 6.235181681571167189e+01 -6.924799289926527308e+02 2.370491838857434175e+02 2.397629247926876417e+02
5.776049026785577780e+02 -1.468608838017574101e+02 -6.862092438533502445e+02 3.479266471783598149e+02 6.687771525777417025e+01 -6.068244706062700971e+02 2.389489285908303202e+02 2.402292564208806596e+02
5.729278992473077778e+02 -1.432683026613138395e+02 -2.309537551830842403e+02 3.511740405764347202e+02 8.252676535068086139e+01 1.425811030891407256e+02 2.397744600776382811e+02 2.404560983353648282e+02
5.688983716341309673e+02 -1.055616041034753465e+02 1.124534746144133123e+03 3.550136389976586884e+02 8.008871190361676895e+01 3.428664473797635992e+02 2.409230616992993532e+02 2.409159001265894631e+02
5.653202284261758450e+02 -1.126881536395479060e+02 8.840801099276663990e+02 3.597093139488967495e+02 1.050514399074953076e+02 8.908592066798272526e+02 2.440002490875957051e+02 2.418490952064481974e+02
5.619616053637346340e+02 -9.429757216152324872e+01 1.292808338401438505e+03 3.614537359378887800e+02 7.751601477679636787e+01 -8.644190883744769849e+01 2.450979014793016120e+02 2.422193154637380132e+02
5.595946356063446956e+02 -8.690611737263341752e+01 4.211186745207300532e+02 3.612961438123090829e+02 4.039662524004218369e+01 -7.752768116825135394e+02 2.465784210823750016e+02 2.428581337676217515e+02
5.586934810569990759e+02 -6.088307867714095067e+01 1.082727344411540116e+03 3.605538659148529064e+02 1.280599614332692937e+01 -2.512958476876150598e+03 2.480386229553780879e+02 2.433595718993607591e+02
5.572246671852591362e+02 -3.960916496378042240e+01 1.559211654851671256e+03 3.599259048346780787e+02 1.111870175401833194e+00 -2.125209120142983011e+03 2.480563583255361664e+02 2.434653332965956452e+02
5.571426054090172784e+02 -3.749277720296847605e+01 1.109400831740223794e+03 3.592246853479499578e+02 4.561987944399953143e+00 -7.243546076935306246e+02 2.485272888461055061e+02 2.437207326315533749e+02
5.577230971871862266e+02 -9.405708186772208990e+00 9.875988921274749828e+02 3.597502952126450282e+02 1.154908955845408158e+01 1.493596575657743983e+02 2.491356848835015967e+02 2.439080996198071318e+02
5.578204916463517975e+02 2.189195957030532380e+00 8.943719343536337192e+02 3.611894856125007323e+02 1.401496183214149660e+01 3.396022549149038241e+02 2.492742261185941857e+02 2.438716991901073641e+02
5.590976065830828929e+02 -5.068494905275453988e+00 1.137761168145153533e+03 3.625890047721898668e+02 3.318286111096902147e+01 6.239151088675388337e+02 2.498018071900949622e+02 2.439276372576988194e+02
5.614214958812991654e+02 3.976326161009768612e+01 9.899168898364328015e+02 3.637626966616983282e+02 3.153540509649693035e+01 5.106100677684750622e+02 2.508335449251568150e+02 2.442508298273665446e+02
5.659737155146850682e+02 7.383885520556479776e+01 1.524896621744623644e+03 3.648018653680900911e+02 2.521713926877301404e+01 -9.559362040950421857e+00 2.512862061385305310e+02 2.444172234348209827e+02
5.698634442097643387e+02 8.616517815035811623e+01 2.302624710289313953e+03 3.650600858238006481e+02 1.934771215247445753e+01 -4.282422327037019727e+02 2.524318867729948295e+02 2.447001084547479763e+02
5.728296741842636948e+02 7.572112146015543033e+01 7.384841801821895615e+02 3.660787009611104281e+02 3.260655788840946911e+01 -4.041253432711798155e+02 2.528447524233016566e+02 2.447140022964279922e+02
5.746843897550105567e+02 5.941180162596177183e+01 -3.170750227670125696e+02 3.682593960562174402e+02 4.950997543829492287e+01 2.362966975476672360e+02 2.537431215069667019e+02 2.450807945491922055e+02
5.757942897564826126e+02 5.342696696051093141e+01 -5.463293362156956618e+02 3.689932833953270688e+02 2.909792569606773327e+01 1.076414552882189497e+02 2.561233204178686265e+02 2.457446740977296145e+02
5.754796589287672077e+02 3.277457052464327347e+01 -1.045985140827398482e+03 3.697420641227504916e+02 2.324239194998928681e+01 -5.320941599713873984e+02 2.588779799179773136e+02 2.464828057314982175e+02
5.745311061571150049e+02 1.847241436918426238e+00 -1.477644869619412702e+03 3.689634015262768116e+02 1.423394461077828055e+01 -9.924801152879708752e+02 2.591412548587148876e+02 2.466308912613617679e+02
5.727047290973353029e+02 -1.592196053295563019e+01 -1.896960463037227328e+03 3.683722394599093377e+02 1.010107152483846082e+00 -6.680247300619511179e+02 2.605708904039300933e+02 2.469505340400670832e+02
5.702582312529179944e+02 -3.140381152517715080e+01 -1.740844634306562511e+03 3.682235785647127386e+02 1.000109135259556581e+00 -4.123923080145735867e+02 2.652197093733783504e+02 2.481722006299742986e+02
5.680875532071413545e+02 -3.643492316695858335e+01 -1.181690757762588873e+03 3.683341760103050433e+02 4.253327614949692581e+00 -4.818302108119302716e+02 2.669067378777802446e+02 2.487019453959230759e+02
5.663138700896857927e+02 -5.456836568365599049e+01 -7.338162163877855164e+02 3.684077762257551285e+02 -1.932229825396834411e+00 1.530921448598933523e+02 2.688822810166666386e+02 2.492718802041246704e+02
5.674864647167756857e+02 -7.037670680761357822e+00 7.417829784999695448e+02 3.674580185180913077e+02 -1.023784961559080564e+01 -3.508534335271251052e+02 2.696353056964713915e+02 2.496478827087940431e+02
5.686908812704880347e+02 1.525825499669995899e+01 1.380557491762354175e+03 3.672417911800942534e+02 -6.692128643807951249e+00 -3.558042354315473972e+02 2.726973909988830655e+02 2.505627568556333813e+02
5.706200029379875787e+02 1.379541458048782765e+01 1.907890585150663583e+03 3.671934103373268385e+02 -2.447102433198334204e+00 -5.452220171690631645e+01 2.734155925154757938e+02 2.507705776151271095e+02
5.724868907364011648e+02 3.397273508769166739e+01 1.049114093189953110e+03 3.689699973322366304e+02 1.775260281028974063e+01 8.629661200237881076e+02 2.755420104164992381e+02 2.514252775794035983e+02
5.757313518709105438e+02 6.424128351842166751e+01 1.358776976529645253e+03 3.714098796672388971e+02 4.004593832548632548e+01 1.330120705862513660e+03 2.775312772610991487e+02 2.520162091396535402e+02
5.796047927166259797e+02 7.191861458477711722e+01 1.402427089875582169e+03 3.746219018968665750e+02 4.846278792857965811e+01 1.265570766784061789e+03 2.781697512196796538e+02 2.522892310842243830e+02
5.833181611257059558e+02 7.582135541340109341e+01 1.007878507720450216e+03 3.784182874504060123e+02 7.538995110045451042e+01 1.513876555685862741e+03 2.785345204685948488e+02 2.525399641995144009e+02
5.882472808779527895e+02 9.507504947608565260e+01 7.716841443164346401e+02 3.824010107383084005e+02 8.798158325695877124e+01 1.137898088781769957e+03 2.802405243313209553e+02 2.531773538384636879e+02
5.936105740101269248e+02 1.167125844719135301e+02 8.594809216360953315e+02 3.845629361537870636e+02 7.577231434533138099e+01 7.996052248360700787e+02 2.803855009298963523e+02 2.533593135062258739e+02
5.985374074621664704e+02 1.181947555880284284e+02 1.009148268818063343e+03 3.877971880932435056e+02 8.578608030007269747e+01 1.410968448619021842e+02 2.804813978963332488e+02 2.534540947130910808e+02
6.042646144547499034e+02 1.313736641956502922e+02 7.200933210266983906e+02 3.904960066490014015e+02 6.462843505163721147e+01 -5.871993270909516696e+02 2.795622375565919242e+02 2.532829263657188221e+02
6.109815299890461802e+02 1.691555936829192319e+02 1.239872536655420845e+03 3.924706613680517080e+02 6.397941854690661501e+01 -2.321206027462765746e+02 2.767968698270685763e+02 2.524741123182793956e+02
6.177396548380390868e+02 1.538668538417196316e+02 9.517299622196267137e+02 3.941680825980380405e+02 5.442611252590838689e+01 -7.898645362345736203e+02 2.758957984172912461e+02 2.522991892759121413e+02
6.233147610442752011e+02 1.432199187491753776e+02 -6.266706419667326600e+01 3.949772702941681928e+02 3.521937720362993218e+01 -6.569302250274931794e+02 2.743359209480102550e+02 2.518571119756143730e+02
6.281870914667123316e+02 1.442478869838719220e+02 -7.907117004962049123e+02 3.966281002743309614e+02 4.835362736203177292e+01 -7.180264005350871912e+02 2.748850400399425666e+02 2.520820492846325465e+02
6.325674261003185848e+02 1.148212429017170706e+02 -8.332690317802567961e+02 3.984026168357045208e+02 3.742974922829577622e+01 -4.085295072989793539e+02 2.747303337445703164e+02 2.521835489059955080e+02
6.369413200034065312e+02 1.229870551295894785e+02 -5.647408946480038594e+02 3.993570658562632048e+02 3.227590557378145064e+01 -1.418528509950454293e+02 2.767694635203360463e+02 2.528498358370943606e+02
6.411549830375876127e+02 1.237654843118852881e+02 -4.493642550228238406e+02 4.027557737910003084e+02 6.277301934122753124e+01 3.049491316312958133e+02 2.771177006251172656e+02 2.529827118421213186e+02
6.449358300791498095e+02 1.234664743979176365e+02 3.467099844094219918e+01 4.076963376156174945e+02 9.894212921759697110e+01 1.492139142926637305e+03 2.770305405206324849e+02 2.530388181283435074e+02
6.484849931467448414e+02 8.894613536129222098e+01 -1.015021771182561338e+03 4.111870546470267982e+02 8.415380803228012496e+01 1.302980076534042837e+03 2.748284895071072924e+02 2.525493815546979022e+02
6.533832336615387248e+02 1.144683313765119692e+02 -1.367906099968793399e+02 4.154972399174833413e+02 9.470108342482457431e+01 6.512771741129906786e+02 2.733960515060767875e+02 2.521503770233512967e+02
6.590654389381171541e+02 1.294750417173058565e+02 4.147070810960044582e+02 4.184569263197857367e+02 8.666281970984276484e+01 -4.315943384340092734e+02 2.718382238826438311e+02 2.516349847384490488e+02
6.643565910552797504e+02 1.318549306894282722e+02 8.503336836295469539e+02 4.221884915239582483e+02 8.463707710159825126e+01 1.081686573317588795e+02 2.714929201813858981e+02 2.516687003789444077e+02
6.694211601158586973e+02 1.331727591181626735e+02 4.719192552067390807e+02 4.243018627743321645e+02 7.420907351758619086e+01 -7.058807511981057132e+02 2.724554432216719988e+02 2.519456807143154720e+02
6.742652043425449619e+02 1.226965320599480833e+02 7.339400674992087659e+01 4.261610458338652734e+02 6.589862700602816403e+01 -1.966407546957242118e+02 2.722676089534505195e+02 2.518372596102189505e+02
6.784635739787535158e+02 1.096155343159066859e+02 -7.274209517914388243e+02 4.280010615517706469e+02 4.881586221679086890e+01 -7.189780591321115253e+02 2.717165485676511594e+02 2.516438822963251027e+02
6.827184458290921611e+02 1.056787205914072700e+02 -5.155273565471097754e+02 4.286692859705156593e+02 4.133481872242468569e+01 -8.020155198870400000e+02 2.712461819552437987e+02 2.514704691462021913e+02
6.856718046952986469e+02 9.801318709649301297e+01 -7.936265143887020486e+02 4.303400507581546321e+02 4.533659568145072427e+01 -4.440297344280426728e+02 2.724637952647341308e+02 2.518977671417029853e+02
6.888449453001128404e+02 7.827861498562711517e+01 -7.765880639612025789e+02 4.317814277685889692e+02 3.575782870285149784e+01 -5.456570764331331702e+02 2.720638381599326294e+02 2.519308621768002752e+02
6.893154377724481492e+02 5.118897624833880400e+01 -1.412967380284056389e+03 4.334050132445453869e+02 2.826186611612326516e+01 -3.209741814260478918e+02 2.734321135678319479e+02 2.522629185190140504e+02
6.892157729458872382e+02 1.906787135489813068e+01 -2.057529829885260824e+03 4.349785832458546224e+02 3.453509186797845842e+01 -3.815582366737517646e+02 2.735325567056590330e+02 2.523097395963429221e+02
6.889737393086517159e+02 2.494219213199088969e+01 -1.411080244704644429e+03 4.347050547563148371e+02 1.802501952835709531e+01 -5.648618162900291964e+02 2.730501233717642435e+02 2.521774054193853658e+02
6.901527507884436545e+02 1.995544705291991150e+01 -8.091413929690780833e+02 4.334499382452080454e+02 -5.394336603884724468e+00 -7.485869403051736981e+02 2.714920070380807715e+02 2.517733241167996141e+02
6.921314630410214477e+02 3.664504010760091290e+01 5.498116328366392054e+02 4.330108416039833514e+02 -1.175851458273837191e-01 -7.215977950416598787e+02 2.705176857175623581e+02 2.514514896801749160e+02
6.946227638266615259e+02 5.372272719674680985e+01 3.435673516474611802e+02 4.330553637023883198e+02 2.009546900074831388e+00 -5.614087939289946689e+02 2.709485311861368473e+02 2.514173007504119539e+02
6.959792192446253694e+02 3.961942089998606775e+01 -1.230688995461240296e+02 4.343913505852171966e+02 4.739652435792439888e+00 4.248408923088888969e+02 2.706276648161442608e+02 2.512940477188324166e+02
6.960157912232476747e+02 2.230146424240465208e+01 -7.932805956909480756e+02 4.360274452728010601e+02 2.825875582574412803e+01 8.077470951117811637e+02 2.702807563948065877e+02 2.513399688859517482e+02
6.956981419257106154e+02 1.479423421158911012e+01 -6.624362432483179646e+02 4.387419053089574277e+02 4.842670562342610907e+01 1.012086101454145137e+03 2.706117700408711357e+02 2.515034596080222968e+02
6.954473290806646446e+02 -3.969769842373795932e+00 -9.015330288651509818e+02 4.426548091727399310e+02 7.821220189355695140e+01 1.706042197821453783e+03 2.723594755194714594e+02 2.521354694992901102e+02
6.948548554058705804e+02 5.345867274966793481e+00 -5.142001237003611323e+02 4.485513165072283073e+02 1.153351165258945201e+02 2.184646888093473535e+03 2.718126181323556807e+02 2.519400881647625567e+02
6.931168321872277147e+02 -2.796301859478821328e+01 -9.285138182184495008e+02 4.557180042799111561e+02 1.406356339115924925e+02 2.347643626276253144e+03 2.706630102176943637e+02 2.514934149577485130e+02
6.901413869121399784e+02 -5.572840112566007065e+01 -1.091019147051263417e+03 4.607303821093184411e+02 1.263810993222418659e+02 1.036918605335387610e+03 2.696436978733421483e+02 2.510915896890795977e+02
6.873824974862175168e+02 -6.238181809321751814e+01 -1.555615999828003851e+03 4.636338508556357283e+02 1.095534358781619488e+02 -9.474708473919572782e+01 2.682035426986945481e+02 2.504886767730876045e+02
6.841585629740175136e+02 -4.753327782774844223e+01 -1.142035772861903069e+03 4.673985495308760960e+02 1.052459813588631192e+02 -9.086446976645883069e+02 2.680438620328853290e+02 2.504820818257602753e+02
6.810469235956350076e+02 -6.781835793225006626e+01 -3.561188383516752651e+02 4.703773475471809888e+02 1.002013659901838452e+02 -8.841407929992363961e+02 2.677731133624654376e+02 2.504408088916347879e+02
6.787618321887517823e+02 -6.267431716433797817e+01 9.220444614862181254e+01 4.733099876628199354e+02 7.319820267238260669e+01 -9.434141012527420571e+02 2.672171269974903680e+02 2.502278935651663119e+02
6.763337335902631366e+02 -5.361733309055698982e+01 -3.563651035555139401e+02 4.745365428578084561e+02 6.281373428200713960e+01 -6.850400389298420123e+02 2.652478624878571054e+02 2.495367449458584304e+02
6.736339364859306897e+02 -6.491965204295408398e+01 1.049084674666246464e+01 4.744009179280493527e+02 3.473713330492234519e+01 -1.650676723270098137e+03 2.634041681053357706e+02 2.489417674495360586e+02
6.720599876032532620e+02 -6.320335046402810519e+01 4.139706384744989265e+01 4.735184633012223117e+02 8.432651871910980645e+00 -1.802718333130482279e+03 2.632868972151790103e+02 2.488384444657982613e+02
6.704580985888662781e+02 -4.272394220093752182e+01 4.220037131401534225e+02 4.735922211787375886e+02 1.077571264117509209e+01 -1.472959717000086130e+03 2.632645224220951832e+02 2.488858290225681458e+02
6.699895060020753590e+02 -3.063292202789468632e+01 9.718267492341944944e+02 4.736355644260118538e+02 3.061851419911350014e+00 -8.307887022458736510e+02 2.634631900044481654e+02 2.489288550627374548e+02
6.707362490989986554e+02 -4.144729776025062762e+00 1.689252362275428595e+03 4.730954922172218176e+02 4.279264289603977867e-01 -2.488038461207211469e+02 2.624945925397116753e+02 2.486831483519933954e+02
6.723798614781028391e+02 9.400031353895439423e+00 1.360238305613595230e+03 4.720971717820845015e+02 -1.888518446980562970e+01 -6.292448209118721252e+02 2.622655788571596531e+02 2.485746887601404183e+02
6.754481499230703321e+02 4.261142687315150823e+01 1.727587818648404664e+03 4.701101902301936661e+02 -3.219480060649453890e+01 -8.627924518338885491e+02 2.610574561939395721e+02 2.481739658748877559e+02
6.769130767286625314e+02 4.602207413863461483e+01 9.868267533957267688e+02 4.658739967718561843e+02 -6.693439315267707457e+01 -1.835998046281055622e+03 2.613301673218966812e+02 2.482153455337566186e+02
6.793185643093875115e+02 3.218559884495291357e+01 3.956518189606420606e+02 4.595526997146056374e+02 -1.026778407198208498e+02 -2.426543815988409278e+03 2.615246020589399336e+02 2.483083482096441799e+02
6.827939477560825026e+02 6.139049665080526097e+01 8.172895941671329183e+02 4.522350990937330835e+02 -1.454319654382105966e+02 -2.690881927065176569e+03 2.626920869776390077e+02 2.488174395433605923e+02
6.864823310543799835e+02 7.303665138947216917e+01 9.161273004983866031e+02 4.445602739053253458e+02 -1.557217627854499540e+02 -2.370264475787369520e+03 2.644189440416045613e+02 2.494632389740940539e+02
6.906505945286799033e+02 8.342409862605128978e+01 1.047162826291355486e+03 4.364272200923556397e+02 -1.753482660291342938e+02 -1.577815009943308041e+03 2.646342194560607481e+02 2.494824685552363519e+02
6.938485799831572649e+02 7.600749666182905173e+01 6.614448330807233560e+02 4.298444794894556367e+02 -1.724297603449329017e+02 -4.237144629122215633e+02 2.639876451274710121e+02 2.491157940203265753e+02
6.969194011391980439e+02 8.868614600587306995e+01 5.213500555187957843e+02 4.228494273583661993e+02 -1.633589238290827552e+02 -3.887705044006067965e+02 2.629081968433137035e+02 2.487343828568302797e+02
7.011164842862461910e+02 8.003166588774922729e+01 1.763386870061366096e+02 4.157594307839118528e+02 -1.753453375186836354e+02 3.388524832963055644e+01 2.624815262821805391e+02 2.487620921775379657e+02
7.045128241418742618e+02 8.740799589860978358e+01 2.828336467440277602e+02 4.099733516113074074e+02 -1.546458337650580859e+02 3.783268417947544435e+02 2.599502024205864927e+02 2.481842982193119269e+02
7.060504051854642285e+02 5.385632517600450342e+01 -4.139140389138311775e+02 4.044463989870421869e+02 -1.456845612861988286e+02 4.926942557063897539e+02 2.583814172038943866e+02 2.479098064131341346e+02
7.083026846624297832e+02 6.402813024401871189e+01 -2.409429812725715294e+02 4.012102577909721504e+02 -1.249810336115600791e+02 1.044095413613980782e+03 2.588918865366009072e+02 2.481230798908078441e+02
7.109215706615270847e+02 7.734318095670067805e+01 -3.272370528064881228e+02 3.971751391918610352e+02 -1.062584025465117890e+02 1.144808782630019550e+03 2.588510899107983505e+02 2.480714451882475373e+02
7.121295489016573583e+02 4.640124679346668302e+01 -8.340878965128840150e+01 3.940719183497969880e+02 -1.061906648814890559e+02 1.127776254629144660e+03 2.597033361830130502e+02 2.482367302468240950e+02
7.123838835451045952e+02 2.836522608601020679e+01 -8.289322627673524266e+02 3.913005128901373268e+02 -8.405853512231662705e+01 8.089515698922543834e+02 2.608305008439737662e+02 2.484081053894400952e+02
7.127898705235281795e+02 3.094963082896781614e+01 -9.152913702349377445e+02 3.886702106502225433e+02 -7.582311098293085649e+01 5.443333741951735192e+02 2.617466384177376426e+02 2.486844102595015613e+02
7.129648086986143198e+02 1.224676309122027185e+01 -4.383823223711447099e+02 3.860998564859921771e+02 -6.512782578777554932e+01 8.368907334902428374e+02 2.629883345785302140e+02 2.491204690968802709e+02
7.117421985801369146e+02 -7.254585242394389510e+00 -9.682387393943480447e+02 3.839406018575892858e+02 -7.131430496412075115e+01 6.902565335552619672e+02 2.643808993058178771e+02 2.496056328768903541e+02
7.099992895505982915e+02 -1.904916579108654773e+01 -1.250600384917762767e+03 3.820257943756881218e+02 -5.981582099061432700e+01 3.172414058104738501e+02 2.653890151201528056e+02 2.497967457899404735e+02
7.073207832456522510e+02 -4.043918706864093338e+01 -1.258416892495289630e+03 3.817371690580202994e+02 -3.502975662355552799e+01 6.262079303562318273e+02 2.666278683729960903e+02 2.499490319241729708e+02
7.062883222811595942e+02 -3.250667230658249451e+01 -1.006516587062959502e+03 3.825402355485867929e+02 -1.787006224759574824e+00 1.499841639859993620e+03 2.684585719632645464e+02 2.504426114732385997e+02
7.045614118709038394e+02 -4.058967717059349667e+01 -4.038205547604050025e+02 3.835947350611832007e+02 -1.447197142257236635e+01 8.751615749631571362e+02 2.698506839556656587e+02 2.507535778997622344e+02
7.027896582731405033e+02 -5.308069487360231875e+01 5.967018782032820923e+01 3.835155618533310076e+02 -1.191274517228201990e+00 9.011234286539727236e+02 2.719812360420009441e+02 2.513537684063841482e+02
6.995838054530551062e+02 -5.625792257290221698e+01 -5.491160069126444796e+02 3.836596129948692351e+02 3.210618247696575889e+00 -8.547377282233426854e+01 2.729667197771019573e+02 2.517355639591285126e+02
6.966788280626838059e+02 -7.811195752757255661e+01 -7.519523589596375359e+02 3.845462355088872641e+02 7.388134739640756621e+00 3.228209488156152815e+02 2.745196006541883662e+02 2.523109229320120619e+02
6.914429583026219461e+02 -1.024437843818417235e+02 -1.097169598473822134e+03 3.862466307414654239e+02 1.905003636708474346e+01 5.090545596406234381e+02 2.759647806343429011e+02 2.528800653539383916e+02
6.860563439750222869e+02 -1.113666620641489686e+02 -1.491374786753694480e+03 3.885114963173093656e+02 3.711946441757524440e+01 8.366670166963453994e+02 2.769962554542258317e+02 2.531867370303263272e+02
6.810965887881001208e+02 -1.112560077806150929e+02 -1.133445553466220190e+03 3.905109777023470201e+02 3.064015879122353780e+01 3.738804311205338990e+02 2.781781738446990175e+02 2.536931141428712522e+02
6.756935346390511086e+02 -1.321754591914483967e+02 -7.886559271838489167e+02 3.920104691362604399e+02 3.632949456680955791e+01 1.485077546286556469e+02 2.808100267226451479e+02 2.545258086543930744e+02
6.696915295104580537e+02 -1.436871173481517587e+02 -9.124083532804195329e+02 3.935672432247269512e+02 3.299077199459802756e+01 4.309133403844022325e+01 2.817219650384972738e+02 2.548616284295965499e+02
6.641133206103580733e+02 -1.487581531046496366e+02 -7.287628680369160747e+02 3.954030141113851187e+02 4.069426115129144961e+01 5.565349286336044088e+02 2.829065829852372076e+02 2.551765818658026035e+02
6.587991831797958184e+02 -1.540936325554841630e+02 -1.763809505959980299e+02 3.963247973421662778e+02 3.494854704087492081e+01 -2.678011646072845338e+02 2.838716246904484706e+02 2.554390995696598168e+02
6.527681960943896229e+02 -1.370353357615526306e+02 6.579933795354333093e+00 3.980063752894557183e+02 2.615693657601948630e+01 1.328517349205404230e+02 2.871786880415474457e+02 2.562731531276509145e+02
6.473651663306358159e+02 -1.374723371503995679e+02 6.924568697882816082e+01 3.994989003620183325e+02 3.586004062315128493e+01 -4.591862306264962967e+02 2.888558980029822578e+02 2.566921465706482195e+02
6.436752934022348427e+02 -1.174669268713831229e+02 5.878954348769404987e+02 4.010170410888404149e+02 4.089249092513053085e+01 1.565862922134550672e+01 2.914168197606914532e+02 2.572258938517686602e+02
6.389879148226348207e+02 -1.156036987610526978e+02 4.165590934453591103e+02 4.041238120582087276e+02 5.715108635097030998e+01 9.830450889530998211e+02 2.940035475853580920e+02 2.578807015140206431e+02
6.336558809030799466e+02 -1.257548672901547917e+02 5.410769182097794783e+02 4.069219884496035320e+02 6.838916821025330250e+01 7.451056720907399722e+02 2.955523991316885599e+02 2.583773618576705644e+02
6.287345503027893301e+02 -1.396364702514330531e+02 -4.541703076791935132e+02 4.091638962039749003e+02 5.446793827940280153e+01 3.688892120605489708e+02 2.990817342774585654e+02 2.593059874343967977e+02
6.238208687927848359e+02 -1.298300789711072696e+02 -6.286914437172988528e+02 4.115214372270277181e+02 4.083292082327124461e+01 -2.200237023705484205e+02 3.024539376900968364e+02 2.604019781699161058e+02
6.203366923033275953e+02 -1.074495279741827574e+02 3.728813886466498388e+02 4.134748638532374798e+02 6.962306213634327889e+01 -2.695828566282349357e+02 3.046127901101868929e+02 2.610670294919742673e+02
6.175262152134662301e+02 -9.500064954682937923e+01 1.297746917109680453e+03 4.158138377069842022e+02 5.084571324653862945e+01 -6.050255262139944534e+02 3.059588699172082897e+02 2.615768672024458965e+02
6.148939550842259223e+02 -8.640381094194644618e+01 6.338908651252586424e+02 4.201775694529081875e+02 8.131959600242801400e+01 8.542354074107988708e+02 3.069671796446719441e+02 2.620449199212322355e+02
6.127775289628657447e+02 -6.869447943081875962e+01 1.327045831902350074e+03 4.273876995780862558e+02 1.348523155242318410e+02 1.426970740516808519e+03 3.092319195241211105e+02 2.630236333636480595e+02
6.109470964269133901e+02 -6.993107985839311880e+01 3.801044866556772490e+02 4.342576892227780263e+02 1.402784204814473412e+02 1.716776658330537884e+03 3.116530167425290188e+02 2.639993868760440705e+02
