5.225000000000000000e+02 0.000000000000000000e+00 0.000000000000000000e+00 4.745000000000000000e+02 0.000000000000000000e+00 0.000000000000000000e+00 1.245000000000000000e+02 1.895000000000000000e+02
5.214486953269241667e+02 0.000000000000000000e+00 -3.006032614090476188e-02 4.750687856224832331e+02 0.000000000000000000e+00 4.325836149639025047e-02 1.243125340717422063e+02 1.894238220445885190e+02
5.202536724025708281e+02 -2.056515205686622494e+01 -5.139264841655606233e+02 4.776325078627803578e+02 3.054937622450291101e+01 7.637798353004391174e+02 1.242023668957130127e+02 1.893641390794446124e+02
5.194486952265048103e+02 -2.661783032085891065e+01 -6.651401933057742326e+02 4.784716905666625166e+02 3.410941770859225386e+01 8.528085713144570263e+02 1.242714326574160282e+02 1.894209101800448423e+02
5.206391437873884342e+02 -5.470881578277440482e+00 -1.366223127462419313e+02 4.803624108462466324e+02 4.707042094871042082e+01 1.176796356731583501e+03 1.241119851240876528e+02 1.893430639282545940e+02
5.214901917023191800e+02 1.111379424505464719e+01 8.139123707906187519e+02 4.792748784308924996e+02 3.176781062474175599e+01 4.272599408250891884e+01 1.242131201045455242e+02 1.893946596759438705e+02
5.198777287222497989e+02 -1.964892888602130228e+01 7.238133175293367003e+02 4.819377926379485189e+02 3.653068622728516601e+01 -3.466457129625391076e+01 1.243208115657934059e+02 1.894525633709794477e+02
5.217602297260972364e+02 -5.281450377698050647e-02 8.840933906010938017e+02 4.762960207784251452e+02 -3.121606673687583466e+01 -2.145381460076113399e+03 1.243689236675402867e+02 1.894651428453728101e+02
5.271560248243309843e+02 7.326187216719699791e+01 2.210095022427848107e+03 4.804602816919497741e+02 2.913952960398492920e+01 -3.942719374810828299e+02 1.239869850855010327e+02 1.892722906797045539e+02
5.225456479167161206e+02 -5.236354566936595845e+00 4.250126928831746227e+02 4.817488234952287485e+02 3.524160903780214227e+01 5.381360584690620499e+02 1.240883233994456560e+02 1.893137869189198170e+02
5.244793595940403748e+02 -1.819804264613666289e+00 5.739889471349737704e+01 4.799729053584035796e+02 9.864844511425081564e+00 1.290793425863569837e+03 1.238425467121209778e+02 1.891975167626531231e+02
5.286553020198012973e+02 6.637470620193846571e+01 6.136857755667909942e+02 4.826159880892965361e+02 4.399316079005827618e+01 1.575117448810072119e+03 1.237106097670031915e+02 1.891277433526515210e+02
5.304705375501827120e+02 6.721092222951818940e+01 2.407210753517709236e+03 4.861391964766140745e+02 6.465353640495382592e+01 1.100062603637596339e+03 1.241614923088426252e+02 1.893591135527167353e+02
5.259221019365872962e+02 -1.291722936907292008e+00 3.241403669100425873e+02 4.822855905726186165e+02 -2.064054134179884414e+01 -4.527785016856644802e+02 1.240420885916948208e+02 1.893061301731283095e+02
5.291814026784801399e+02 1.983241949876876475e+01 -2.977015318081820539e+01 4.822960345686350934e+02 -1.573255004928653733e+01 -8.353675478932876786e+02 1.241117853413360592e+02 1.893170241495067216e+02
5.264365832806430490e+02 -2.955607677573881986e+01 -1.770250277043758388e+03 4.844828043402777666e+02 1.716714666262780042e+01 -1.176950003659846971e+02 1.238956970224976715e+02 1.892045839443000261e+02
5.240065399087151263e+02 -7.478836916961861903e+01 -1.368342341602716033e+03 4.834953703055464302e+02 2.262193723380794808e+01 1.404098853940537538e+03 1.241173998157236298e+02 1.893144734789145502e+02
5.238333024553057840e+02 -5.698017388316603160e+01 -6.774035881434657540e+02 4.792954606267309714e+02 -4.067694004585215595e+01 -1.635751988253316540e+02 1.238488908732132785e+02 1.891787471391971849e+02
5.230532009832112408e+02 -4.645499754360252354e+01 -3.518408613393593782e+02 4.834311636661127523e+02 4.278420945099156825e+00 2.324080737064815594e+02 1.241296135666740241e+02 1.893113751105445601e+02
5.227611424694866855e+02 -4.233707532938490914e+01 8.103642072370345772e+01 4.839004607695402456e+02 1.788513302269777228e+01 -1.869095391049382329e+02 1.241274655605705703e+02 1.893249142734361499e+02
5.219740115080245459e+02 -3.541654346236360595e+01 2.228764790035715464e+02 4.805503252701424799e+02 -1.983299658083612016e+01 2.254574530689901124e+01 1.239273078118981175e+02 1.892182337565235741e+02
5.211103485298071973e+02 -4.693170060550689016e+01 7.293110000344606192e+01 4.866209023966036398e+02 5.284164860505779160e+01 1.527418870233545704e+03 1.239688067243677523e+02 1.892518820864250415e+02
5.245405147754639756e+02 1.895191221469962173e+01 1.074677351001928173e+03 4.859495227856621682e+02 1.767830910811667522e+01 8.163221266004563859e+02 1.240830920054378765e+02 1.893067760680572746e+02
5.224908583529689849e+02 -1.147100951221770160e+01 8.200686740297954884e+02 4.762226074410426691e+02 -1.007005014710646407e+02 -3.318471485278147611e+03 1.239596027328774994e+02 1.892462228087725862e+02
5.211282721351722103e+02 -3.951599234559225238e+01 4.590610970609981223e+02 4.814514317940304409e+02 -2.721143771474401163e+01 -2.008747432127355296e+03 1.240823419450294551e+02 1.892976971688015340e+02
5.225191546624289458e+02 -6.767626413107718619e+00 6.527717530009301754e+02 4.824898012857319145e+02 2.708516146836531302e+00 -1.025281355700489485e+03 1.236286307017181088e+02 1.890951860057963927e+02
5.236934759760976021e+02 2.698651501675587738e+01 8.308736495629309502e+02 4.759658892052558485e+02 -8.603268276918150548e+01 -1.073707496983159672e+03 1.237159720822964601e+02 1.891141116902336705e+02
5.238326788935511331e+02 1.908647698210727128e+01 1.682768726962078972e+03 4.764334494636813133e+02 -7.571661757011126781e+01 -2.623547000141727494e+02 1.239317369910344127e+02 1.892172189253770682e+02
5.246428172550715772e+02 2.356035050431379219e+01 1.204262597682684373e+03 4.821736514410811765e+02 3.661684262941692936e+01 1.425637920965616104e+03 1.235074191693913974e+02 1.890032401236889541e+02
5.277418223267736721e+02 5.516442859756830330e+01 9.206491683627189104e+02 4.766940600976910218e+02 -3.545145828632524854e+01 1.033434781852568676e+03 1.235812336868817027e+02 1.890226273292294366e+02
5.252243903668895655e+02 1.609775218181555800e+01 -1.288254757343992196e+02 4.722251737862629852e+02 -1.069247497212539031e+02 -3.995722906833863135e+02 1.237148996706097108e+02 1.891082815581511909e+02
5.267226308272690858e+02 1.276248905765893404e+01 -1.049100586000269146e+02 4.772784199137928454e+02 6.757942536140518208e-02 2.710618780693443952e+01 1.235892734595719986e+02 1.890264246429894399e+02
5.304788820504475098e+02 6.078968389811787176e+01 4.855016573134169562e+02 4.771570769183597918e+02 1.483109428642690553e+01 8.065489099239306370e+02 1.235963055800893926e+02 1.890343223177086998e+02
5.284212164728661492e+02 3.835653766947025645e+01 4.370315201959054434e+02 4.736838825037455649e+02 -2.122106066468643704e+01 1.213035918013825267e+03 1.236422414623464192e+02 1.890649470890249120e+02
5.278980819777195848e+02 1.926850038095010120e+01 2.964589258553686477e+02 4.806507497973589693e+02 5.289134809572014717e+01 1.986642150419584596e+03 1.236926821870553255e+02 1.890664903096629246e+02
5.327257396979518944e+02 6.130427953183055934e+01 2.551584340270400730e+02 4.791488867242370020e+02 2.391868876222571672e+01 -2.229622518344920312e+00 1.236019388968427535e+02 1.890477413941611076e+02
5.316331114560936157e+02 3.688219537389721836e+01 -2.092521967707909880e+02 4.737985921053041807e+02 -6.472803654595813327e+01 -4.017141729174566649e+02 1.237712166740619750e+02 1.891385495860260164e+02
5.273464650306817703e+02 -3.708308051675783190e+01 -1.278967860672699771e+03 4.795053960057049949e+02 2.508345536599119630e+00 -1.960080246660929504e+02 1.238138379136313603e+02 1.891575657952953691e+02
5.329949823105836231e+02 2.935319280064836178e+01 -4.909434621237946317e+02 4.774050556277964574e+02 -2.976714162896007210e+01 -1.709188323762302389e+03 1.234041622551086022e+02 1.889342258544633353e+02
5.320406668531484229e+02 1.233624191161938910e+01 -9.509679740098376897e+02 4.707008600040718420e+02 -1.155225489260476195e+02 -1.782179616862890953e+03 1.236686484934407702e+02 1.890557378911163653e+02
5.267962516174322900e+02 -5.856035684363686755e+01 -1.423011450940792201e+03 4.701624496977861440e+02 -9.083165027898498067e+01 -2.331628122360506040e+03 1.234096714538647319e+02 1.889310106040712753e+02
5.291823885391314661e+02 -1.240227994942372192e+01 -1.078467024872724778e+03 4.767437256185710908e+02 2.775921092899022469e+01 -2.755644003982583286e+02 1.235175035148551359e+02 1.889776574032478038e+02
5.331684410937859866e+02 4.304986576973603007e+01 5.848463402768401238e+02 4.681638056038121931e+02 -6.264139220777954620e+01 -8.902130768416957380e+02 1.235669456575657534e+02 1.890418679968032052e+02
5.277201099346451656e+02 -2.511679431787730721e+01 -3.687221145366621045e+02 4.697178321586311540e+02 -5.628615589099734251e+01 5.990965138571873467e+02 1.235309768399350929e+02 1.890181084870027064e+02
5.302674049171616844e+02 1.821350879967626923e+01 4.297308366894322376e+02 4.814115212702619715e+02 8.836647512423633088e+01 1.960092988028146920e+03 1.234442539534754388e+02 1.889727271026788458e+02
5.321847841601885420e+02 2.830501109428363549e+01 3.146800739122863320e+02 4.709660791773353594e+02 -5.857903738682046679e+01 -1.131235620660488905e+02 1.233385910678350399e+02 1.889287233717180357e+02
5.293930126303605448e+02 -9.997082463656154161e+00 -4.222018613022672753e+02 4.653967647181662528e+02 -1.372594986645280812e+02 -2.727847995395708040e+03 1.236154598899042867e+02 1.890615915442090511e+02
5.250106286765594632e+02 -7.413906362351177393e+01 -1.848826817731780920e+03 4.781195082024191265e+02 6.812244846881397109e+01 1.590123231317430808e+01 1.235248868394388637e+02 1.890177342004129741e+02
5.312007253123070996e+02 2.566011573486060016e+01 1.729020021102794260e+02 4.710658928336714553e+02 -8.169591782405065672e+00 -4.095394861036706402e+02 1.234608852291766112e+02 1.889918486125431514e+02
5.276859053416259258e+02 -1.152328510037483156e+01 -2.477155815866208499e+01 4.655184274800483877e+02 -8.870705528938100315e+01 -7.025047346777414532e+02 1.236652281004954119e+02 1.890828656239475833e+02
5.239847860250306439e+02 -7.885091931043579905e+01 -6.350153652326641804e+02 4.733336161265401074e+02 3.222391488270518067e+01 -3.937084441976884364e+02 1.235657761805619970e+02 1.890380834325150090e+02
5.310827227786153344e+02 2.788950987039562435e+01 5.998621608374505740e+02 4.670445003460868065e+02 -8.904428516694663642e+01 -2.136330288412126265e+03 1.235445716187526131e+02 1.890286069785982193e+02
5.295679685366441163e+02 2.024952900476039730e+01 1.807511182928200526e+02 4.615653123763343046e+02 -1.352234224734500287e+02 -1.559924906983834262e+03 1.233774512112690047e+02 1.889408787180762488e+02
5.223717640953519776e+02 -6.612184666655099363e+01 -6.157716440040475163e+02 4.740090533644089987e+02 4.784529965893505477e+01 2.421874361225036409e+03 1.232269355043430323e+02 1.888627591957744585e+02
5.318137558590746039e+02 5.463258045808278496e+01 1.789287965548228613e+03 4.729449233927099954e+02 5.983457840055201160e+01 2.157398124153004574e+03 1.236286011715791489e+02 1.890664046429849634e+02
5.340367020791620689e+02 8.593342387866324827e+01 2.133998624616953748e+03 4.665802153629036297e+02 -5.174987010728709436e+01 -2.393458734040937372e+02 1.233564664310755745e+02 1.889339544500149941e+02
5.304358367408239019e+02 1.958282292213716147e+01 1.229756819916678978e+03 4.695758244920360767e+02 -9.867586099879241957e+00 -6.472452185341775248e+02 1.230849567511617835e+02 1.888021555068523298e+02
5.373233536914108299e+02 9.381355026907012018e+01 1.419297832132471058e+03 4.754747840481019239e+02 6.245276208089462244e+01 1.651016341593400966e+03 1.229025580688465453e+02 1.887203895203210777e+02
5.401062516930483071e+02 1.186770714701734164e+02 3.581145347418020606e+02 4.662225673015141751e+02 -3.985282854025642507e+01 -5.364807791557725523e+02 1.228020902265572687e+02 1.886740727166791487e+02
5.321313802843395706e+02 -3.103616662373550028e+01 -1.931018036273837652e+03 4.700128431788149896e+02 1.314630215622064746e+01 9.721748135708595555e+02 1.231061676611026314e+02 1.888264956192846569e+02
5.350862817045530164e+02 1.717029680422309745e+00 -2.500625337701735589e+03 4.761377905624472078e+02 9.043332766471765183e+01 1.221226301380532504e+03 1.231623080024545089e+02 1.888597520085280337e+02
5.399584808918804129e+02 5.676344131050618103e+01 -1.432246727267653341e+03 4.700712428750084655e+02 4.347167559041400509e+00 -9.811862484407616591e+01 1.231765935132855532e+02 1.888686790413851782e+02
5.306102117775463967e+02 -6.026604507262390342e+01 -2.696413228133722896e+03 4.696985460324278279e+02 -3.124872234271747118e+01 2.175980775865540124e+02 1.231879598094909767e+02 1.888823274891316828e+02
5.314732180949735039e+02 -5.572928864575138874e+01 -2.223707638125683843e+03 4.726900466847455959e+02 1.655407767226604321e+01 -3.064924653353110102e+02 1.234928710416578639e+02 1.890241445808829894e+02
5.390427895949959520e+02 6.615853046708801344e+01 7.357851806571592306e+02 4.709604097489235528e+02 3.089536600577272196e+00 -7.563318629655587984e+02 1.234543666500386792e+02 1.890176809108947680e+02
5.343729455427476296e+02 8.870224731515271799e+00 9.337607534303639341e+02 4.647363932283830650e+02 -9.351099440164799148e+01 -2.020303289779288662e+03 1.235301329949818552e+02 1.890524419711945825e+02
5.354022157376858786e+02 5.270522481921145364e+00 1.776357856612087289e+03 4.713517774185867211e+02 6.226955606342388982e+00 4.445802776775763618e+02 1.236466405515874669e+02 1.890968533971934278e+02
5.452930454282040955e+02 1.343840302323254718e+02 2.081043277419205879e+03 4.689274308756478717e+02 -3.008584697178712020e+01 1.374510624722889816e+02 1.232708911289123108e+02 1.889245228214496137e+02
5.393441074157248067e+02 2.163067027648522256e+01 2.948493117394922365e+02 4.592135564871782663e+02 -1.487012230433499553e+02 -2.086737951904659894e+03 1.233929856252167241e+02 1.889889365450387970e+02
5.386139924981463309e+02 -1.275804027475962998e+00 8.098828585448902118e+01 4.623376775995475327e+02 -9.588674990402212472e+01 -1.351644547524517975e+03 1.233688619454312487e+02 1.889879020567522900e+02
5.452297436113236699e+02 8.367958600451586904e+01 3.480924570096939874e+02 4.645506841507039439e+02 -3.624678555279513859e+01 2.118491432552287108e+02 1.236266373765329547e+02 1.891080352200055188e+02
5.406380097358753574e+02 8.203674103860386424e+00 -1.825652308535189263e+02 4.606886601076858483e+02 -6.148624857599891413e+01 2.243504338359926805e+03 1.236555787995714155e+02 1.891270414390979795e+02
5.402386848571856035e+02 -1.740856497187917284e+01 -2.061464005232191141e+02 4.648584803473326019e+02 -1.506798549708109336e+00 2.996359205285050848e+03 1.235368021886910554e+02 1.890642877525158667e+02
5.462662566902296248e+02 7.800601963379656922e+01 1.731792110910581357e+02 4.716401855878096967e+02 8.622004827246506409e+01 4.324046019374024581e+03 1.231971997086568393e+02 1.888900474568005166e+02
5.433294001729010461e+02 3.252943025614700900e+01 -1.817129704259627374e+02 4.657711919879008065e+02 -4.952627320970005798e+00 2.695434607206912915e+03 1.231845281526630913e+02 1.888833522758113190e+02
5.376832361524637918e+02 -5.801142732529880419e+01 -1.561816634407930451e+03 4.650488604584912764e+02 -3.368789595849604979e+01 4.760433012140678102e+02 1.230292957257741193e+02 1.888177500295864206e+02
5.431140312160059693e+02 1.713433985182684083e+01 -1.056904340034653842e+03 4.645965101157960930e+02 -2.300812114791622776e+01 -2.124875600042920723e+03 1.228535393802981872e+02 1.887324869178365816e+02
5.410932287257027156e+02 -3.664063054217267634e+00 -1.063587464124344024e+03 4.582058838297328407e+02 -1.042122681746667467e+02 -3.170799145505244269e+03 1.228602987376323767e+02 1.887493587544231843e+02
5.353650636300674250e+02 -8.148157441873925677e+01 -1.185536442541138058e+03 4.538250246931508514e+02 -1.387429359134134188e+02 -3.371358377182750701e+03 1.228066882913727511e+02 1.887113857679826197e+02
5.431056597048296908e+02 4.363665719417731026e+01 1.231531438617077811e+03 4.593394634341275946e+02 -3.347949532460345523e+01 5.068719560864456639e+02 1.231091742108949632e+02 1.888675036960055138e+02
5.430390624484828095e+02 3.565858602949306544e+01 8.213001235211302173e+02 4.531719387705184658e+02 -8.282164221308107699e+01 -4.457264367144482549e+02 1.236826001145274176e+02 1.891564807910756940e+02
5.353580305374392765e+02 -9.334986735558821636e+01 -2.403531736876984723e+02 4.519223855268352850e+02 -1.000104912015584375e+02 1.061247248241576017e+03 1.237135236469308524e+02 1.891646857888978559e+02
5.393712635199465240e+02 -3.863189809946017306e+01 -6.050079756568732137e+02 4.578766715620637910e+02 6.634206418358695956e+00 2.289133544874504423e+03 1.238045734184962754e+02 1.892197854624465094e+02
5.410711498485458151e+02 8.409322293998057418e+00 -4.614695427761961923e+02 4.588837355922230472e+02 2.663252281509418040e+01 2.760196266747028403e+03 1.239603465471137014e+02 1.892782015578793846e+02
5.330472784141562670e+02 -8.349982276882467147e+01 -1.476962929859538463e+03 4.552249622041502448e+02 -8.952079638946715434e+00 1.764107922303691339e+03 1.238136187410535456e+02 1.892100445595305587e+02
5.360407866674297566e+02 -4.476777492765577193e+01 -3.156908292026214440e+02 4.608380363731509988e+02 5.328096897640449470e+01 1.164967268248176424e+03 1.236799517291793364e+02 1.891459878844136995e+02
5.406553049831460385e+02 3.070272438426388817e+01 1.350167227537453755e+03 4.654213596655734477e+02 9.398524664570580001e+01 1.702868181629516130e+03 1.233786519121645284e+02 1.890085660060577482e+02
5.336674872550230475e+02 -4.787139311418557241e+01 8.560017462910454356e+01 4.573535042873472207e+02 -3.185576718285503972e+01 -1.431465497052468208e+03 1.235664987631260203e+02 1.891037383496356767e+02
5.399444723359083582e+02 1.703869497992369020e+01 2.132065382504940771e+03 4.600918629168202187e+02 -1.224916334823001485e+01 -1.403931521365723711e+03 1.235785674087783690e+02 1.890945091592554093e+02
5.428046606497547373e+02 5.393949903317427186e+01 1.687848130443654782e+03 4.661054452178675547e+02 4.879910544661604632e+01 2.810357590974900859e+02 1.236728031469533562e+02 1.891520425575777722e+02
5.372551975226667764e+02 -1.647672371071565056e+00 1.835383308511001417e+02 4.616390826409614192e+02 5.867742573092839642e+00 2.137778367573626497e+02 1.234499116863101591e+02 1.890541499304123363e+02
5.379409968167575471e+02 -4.033835454637921814e+00 -5.642475158908063122e+02 4.581441583576389576e+02 -3.364219433534726278e+01 -1.064727349613214756e+03 1.236398417450472209e+02 1.891432586037971930e+02
5.391405795729592683e+02 4.603808564656868718e+00 -1.014459107591094607e+03 4.630525390358572508e+02 5.335560832246067697e+00 -4.010788352731036639e+02 1.235209254963579326e+02 1.890811267309258028e+02
5.364024858600874950e+02 -3.855161407182436051e+01 -8.933636389508814091e+02 4.629956502350449341e+02 2.667458237801698662e+00 -2.550190123328706875e+02 1.235663620546598338e+02 1.890886612311861086e+02
5.369482010630057403e+02 -7.333288285366406534e+00 -1.721799658245636522e+02 4.578180491532307315e+02 -4.223375377661005103e+01 2.898790519170020161e+02 1.234681251513503923e+02 1.890626523815548126e+02
5.392084714823099603e+02 2.300727998586222967e+01 6.050657404535161277e+02 4.603639266394503125e+02 -2.005110000459622555e+01 4.983208636755052225e+02 1.234128251083208596e+02 1.890288503997838916e+02
5.392716692080442726e+02 1.291862385482758668e+01 8.345391240930986214e+02 4.649092472353650578e+02 3.915982079295049090e+01 8.511241739681979652e+02 1.230516682709132397e+02 1.888613532773504744e+02
5.367396943233553657e+02 -3.618751804313313158e+01 -1.161136441568710609e+01 4.585284733475376129e+02 -6.454421358782975915e+01 -3.637949996874009457e+02 1.234602142218922580e+02 1.890536507024478112e+02
5.396122476319660564e+02 3.700437026771418836e+00 -2.261281461820156835e+01 4.549343394624715984e+02 -1.083381263694993066e+02 -1.402894523321311681e+03 1.234069069496921429e+02 1.890359179807749967e+02
5.394175406894595426e+02 1.516008267955072419e+01 4.593027489500297378e+01 4.628012255449926329e+02 2.286717344123147910e+01 7.136495310230329778e+02 1.234733400397398810e+02 1.890798528789510158e+02
5.357381029019583139e+02 -5.894091373148405211e+01 -1.232640367325058151e+02 4.598130865081020602e+02 -2.232810312511909245e+01 1.428668957213033764e+03 1.236638690227913884e+02 1.891674660397627861e+02
5.392775523888335556e+02 2.495190774893795815e+00 -9.281132295496112405e+00 4.541043381452992094e+02 -7.697736467731660071e+01 1.068363368369201908e+03 1.237083975065820312e+02 1.891906228245875923e+02
5.408071908978039346e+02 2.168682069396166767e+01 7.406237040745911600e+02 4.624908952547996250e+02 2.781748433489867267e+01 1.828597889241161511e+03 1.238326378949275437e+02 1.892482967871448807e+02
5.384284367250068044e+02 -1.968123091123798929e+01 4.954201421417131996e+02 4.617805883017524593e+02 4.106748031357430762e+01 7.124150982427655663e+02 1.238357403629270834e+02 1.892351002005008809e+02
5.388958781528266400e+02 8.972509082400160096e+00 1.546140676699640437e+02 4.526957937472967046e+02 -9.206376513032616060e+01 -2.671144747700569496e+03 1.238373868625307637e+02 1.892203336525240331e+02
5.425195348733706169e+02 3.754504907374873568e+01 9.272050438410160496e+02 4.555196605148837534e+02 -5.080080586204702797e+01 -1.530429185211514323e+03 1.236628813056205445e+02 1.891374490368897057e+02
5.397315384730417236e+02 -1.634912231879056765e+00 -1.948084427399708431e+02 4.591951702692917934e+02 1.870745144638832613e+01 -8.884616902964269229e+02 1.236913669599514947e+02 1.891575939142547327e+02
5.389705261347369287e+02 -1.163633662280271786e+01 4.072039389178885216e+01 4.527360676510030544e+02 -6.317546151141528554e+01 -9.013795682804266107e+02 1.235936229358175211e+02 1.891274535938457007e+02
5.419246318995882348e+02 2.701177375224862942e+01 5.126524999876851325e+02 4.544477733790906768e+02 -2.347743851503635426e+01 1.762209863250087380e+02 1.237949065745026473e+02 1.892022664370060454e+02
5.402325567863242668e+02 -3.397548944731731968e+00 1.668236058724673114e+02 4.647822466442846121e+02 8.396643513202008080e+01 2.562917475274086428e+03 1.235794374402628506e+02 1.891061667705359639e+02
5.374458330517329614e+02 -4.033647982356587391e+01 -5.080615103504084686e+02 4.549003720159069530e+02 -3.794407399847280971e+01 4.607927160786157970e+02 1.234848683920342722e+02 1.890364384897400498e+02
5.380863814683897317e+02 -2.418879775038249846e+01 -6.279746316550115353e+02 4.583013949505742062e+02 8.799614944585254506e+00 1.174648938384154917e+03 1.234229038753029641e+02 1.890092434477862469e+02
5.426397895719996995e+02 2.463498035178438528e+01 1.397261337399218519e+03 4.679394410402763924e+02 1.539004565822205279e+02 2.424825358253340710e+03 1.241179204507595841e+02 1.893284757877062816e+02
5.373256856378214934e+02 -2.990039833831256999e+01 6.051295668741460076e+02 4.597603012978340757e+02 -4.394078114405463253e+00 3.511277369956232519e+01 1.239799935348293616e+02 1.892611706791081474e+02
5.384659277822432841e+02 -2.144717622250852074e+01 3.719857690080613111e+02 4.625621905593024508e+02 2.160352995043481172e+01 7.928782124159085924e+02 1.239192421386087659e+02 1.892388904104901712e+02
5.440917366956570049e+02 6.555605080264425055e+01 1.671696057913569121e+03 4.668183057925484150e+02 7.419131057938400886e+01 -6.188194885727166366e+02 1.236916157616952034e+02 1.891186090876237813e+02
5.352593693503770282e+02 -6.293201230515222022e+01 -7.991845648230986399e+02 4.565199761216701972e+02 -6.946165718250044563e+01 -2.616212897113076451e+03 1.235739825045304059e+02 1.890727054201814781e+02
5.367857564442559806e+02 -2.858547141023745652e+01 -1.398979166421022910e+03 4.537662297622650840e+02 -7.713207559512865430e+01 -3.740515862912325247e+03 1.237860880201838114e+02 1.891722796529360551e+02
5.435501649285956773e+02 6.246546212062255421e+01 3.053408515099640681e+02 4.589673478362983587e+02 8.946436353066602010e+00 -2.269361369550522340e+03 1.237443327386354213e+02 1.891417717781277190e+02
5.367988788102317130e+02 -4.189669544543316704e+01 -3.560391140150091474e+02 4.493572756927252954e+02 -1.058337419704315039e+02 -2.944255130176053626e+03 1.236439547785194435e+02 1.891048087089803289e+02
5.344994495415315896e+02 -7.145727689689132944e+01 -1.062593932666728961e+03 4.468717319724078152e+02 -1.281460239693419396e+02 -1.435777581727734287e+03 1.236241855780387624e+02 1.891062126334266509e+02
5.423085251615362949e+02 4.711237707525307883e+01 6.729083928096484897e+02 4.488731004064464400e+02 -4.203358127172487713e+01 -9.718759549329307674e+02 1.237380103922759815e+02 1.891462213598795756e+02
5.361399808426110667e+02 -3.347118437346940567e+01 -3.107281088978025423e+02 4.439259119038231916e+02 -8.202676581282882751e+01 -1.081680395534562876e+03 1.234531891508438122e+02 1.890059404353193884e+02
5.365247433999354598e+02 -3.596993679650516640e+01 7.021655489314609895e+02 4.449670394585603503e+02 -6.702103057377655659e+01 1.121243410549571308e+03 1.238145658494917001e+02 1.891759557588295877e+02
5.450471427052219724e+02 8.075581575941781409e+01 1.361579961633695120e+03 4.490493445589433463e+02 -3.165603721933220704e+00 9.819784411609189192e+02 1.236543025649191918e+02 1.891021962020872422e+02
5.424567631366908245e+02 2.665264730589317921e+01 1.289939417900250646e+03 4.481678236068295291e+02 -2.020061784500238389e+01 9.746039590497478002e+02 1.234447646175618161e+02 1.890202947419117834e+02
5.391803696814732803e+02 -3.568860182260984004e+01 -3.174711109394671098e+02 4.455777197429226817e+02 -3.802973756269169314e+01 2.465206185680140720e+02 1.232242434970335125e+02 1.888938371625226296e+02
5.439947670074485586e+02 3.390369201413182765e+01 -6.897969955818558674e+02 4.507755183789241187e+02 4.185960850479873585e+01 7.538616178444336811e+02 1.234845342337163743e+02 1.890244594902187885e+02
5.424213755513839033e+02 1.090863663313739451e+01 -8.367217131304855684e+02 4.540604013644594374e+02 7.725860027624278814e+01 2.150137142460477207e+03 1.236389016414685500e+02 1.891008473608600866e+02
5.367072561776221846e+02 -7.608117783633218778e+01 -1.125060021232854069e+03 4.457466064173910922e+02 -4.847654941164908138e+01 -7.091108210508912180e+01 1.233862794256653075e+02 1.889777369432450200e+02
5.413257055985543502e+02 7.267056384437720951e+00 -4.584604406280852231e+02 4.531768786877656794e+02 4.188509167209425499e+01 5.488932273630388181e+02 1.233275350553585668e+02 1.889461844425232471e+02
5.394343732656544717e+02 -3.458306773896147934e+00 -3.724793489176245771e+02 4.545343731869768931e+02 7.748155877913501399e+01 7.211791490008824894e+02 1.234404804963030955e+02 1.890197421414334826e+02
5.366151462450719691e+02 -4.737672169862740645e+01 -3.354588812140834193e+02 4.549519996378699034e+02 3.944006692739166198e+01 1.116797084612575645e+03 1.234481645990938574e+02 1.890242406098865899e+02
5.360191648893584215e+02 -4.195464082155350383e+01 -5.040334375838900201e+02 4.538929358721203471e+02 2.828555613382448897e+01 4.521052618053167862e+02 1.230274439676723404e+02 1.888145027920009795e+02
5.419383707528751302e+02 5.180033518945017335e+01 1.612421285351921597e+03 4.577063542114514689e+02 5.798171587825311946e+01 6.613849670382667227e+02 1.230937083515794939e+02 1.888525198416699595e+02
5.381114342634806462e+02 4.518169921483936591e+00 9.080259663505828485e+02 4.610650567640075792e+02 8.003205320576496717e+01 7.700825384397569451e+02 1.230759710340195738e+02 1.888503918319470358e+02
5.358087201111346758e+02 -2.042567290338980612e+01 -2.412827603968089534e+02 4.501720912493935316e+02 -6.075041247817511447e+01 -2.888925777045768427e+03 1.228457525565704316e+02 1.887306864334893817e+02
5.425412563382126336e+02 7.022128037256683797e+01 1.052698986532074287e+03 4.595050677873999803e+02 4.634121396810090943e+01 -3.379411055766100844e+02 1.227780880621728556e+02 1.887046142868567813e+02
5.430177519167194760e+02 5.961581736356269090e+01 1.176760608573224999e+03 4.606069897033406164e+02 6.882461149238761777e+01 -3.757294444023069673e+02 1.229222936293261768e+02 1.887660794465886340e+02
5.395970517786981873e+02 3.604431141145611139e+00 5.657601511982013562e+02 4.531164260576533707e+02 -5.297591038925701667e+01 -9.353480810289918281e+02 1.231231166059287148e+02 1.888420957596664209e+02
5.408244027846005793e+02 6.435506802764661138e+00 -4.588592946467593379e+02 4.578052793022684455e+02 2.436625760701056631e+00 -3.896378696799732921e+01 1.232034297861107746e+02 1.888775174155987600e+02
5.444993458634580747e+02 3.645965393518787323e+01 4.322844885041038765e+02 4.606379656848632749e+02 5.570983619141018295e+01 2.224883387838468991e+02 1.231549315596662950e+02 1.888540752009698451e+02
5.338436212326455461e+02 -8.307732679921193153e+01 -2.376295077061414304e+03 4.524541959815452969e+02 -1.857595481757519806e+01 -4.740499787321716099e+02 1.230033661558547493e+02 1.887677129004434562e+02
5.365762645562601847e+02 -4.543379711566611689e+01 -8.748251009873805515e+02 4.574255209428207536e+02 2.883864206044416534e+01 9.215254641032453264e+02 1.227953297004517168e+02 1.886666268032595042e+02
5.408051666796060317e+02 2.765342083250732230e+01 -1.530193413814578491e+02 4.630489146263459475e+02 8.603217352751632063e+01 1.062954910009002106e+03 1.230674131287684077e+02 1.887806417517009265e+02
5.374569289574565119e+02 -6.742251678744527688e+00 1.932168003473650970e+03 4.517758559108191889e+02 -6.256903794026268173e+01 -1.371962525402823303e+03 1.231060450978613119e+02 1.887946468115983976e+02
5.374588807997578215e+02 -1.514419847280715636e+01 1.344361880618956320e+03 4.534109822159199439e+02 -4.051703531929413771e+01 -1.736611552197928404e+03 1.233016862354329106e+02 1.889181453286575731e+02
5.421092320706339933e+02 6.643782231617161926e+01 1.336137704491890872e+03 4.587627494041707337e+02 4.760061446502780313e+01 -5.649059864930447930e+02 1.229146476442597162e+02 1.887124709151495381e+02
5.366788239225755888e+02 -1.098567229983516391e+01 -7.089481065168015448e+02 4.460870308679582195e+02 -1.037458192965049477e+02 -2.093996224403010729e+03 1.230130410648348231e+02 1.887682066252214952e+02
5.386006139694999320e+02 -6.711953669239555609e+00 3.531055174856285817e+02 4.516904197728678128e+02 -3.483857919259505564e+01 1.984998766496583187e+02 1.229037461262938962e+02 1.886998965239291977e+02
5.413062271155973804e+02 3.779645173957040782e+01 -1.687987226461317789e+02 4.579876977004336709e+02 6.490162940311576278e+01 1.594095935951895399e+03 1.231293708391574313e+02 1.888142900437915159e+02
5.359929525807892787e+02 -2.060617512886257785e+01 -6.790497579290206431e+02 4.462659669882760909e+02 -7.840477626088907925e+01 8.565207561248534773e+01 1.227933597106299288e+02 1.886554576089322381e+02
5.368772552404490170e+02 -1.486979602528724342e+01 2.272475519443022449e+02 4.450538651417206779e+02 -9.522236265885369733e+01 -5.859140488948199845e+02 1.225755684572183384e+02 1.885541400374389411e+02
5.392571932162992425e+02 2.290742004088600581e+01 4.670573557273582992e+02 4.499717803800829756e+02 6.068606494365954562e-01 -8.460710048551691216e+02 1.226836075400406401e+02 1.886207682826537564e+02
5.366873084515242454e+02 -2.837006423078680672e+00 -2.188679033273071539e+01 4.478294411006620521e+02 -1.226755557801543617e+01 1.166306262235142640e+03 1.225227119543969678e+02 1.885382649205591292e+02
5.382429186586947480e+02 2.473053141681361922e+00 4.005927460207650483e+02 4.458788182773142807e+02 -4.216598445260851236e+01 9.772939103208522056e+02 1.224574085368876979e+02 1.885114305522411655e+02
5.402548581466523956e+02 2.711581269295085761e+01 2.201161539437173644e+02 4.533603898884010732e+02 3.545419801832039042e+01 2.535775975621519137e+03 1.224663388923456466e+02 1.885020939710021537e+02
5.359615191484484740e+02 -3.965885627870196828e+01 -1.316230974289550886e+03 4.513628641201128175e+02 -2.159075011084595541e+00 1.293558060743650003e+03 1.226530170760807010e+02 1.885949516570387061e+02
5.320788445826906354e+02 -8.181837090931765033e+01 -1.571743710897691244e+03 4.478493367934545404e+02 -4.465486974880382576e+01 4.791345081431983317e+02 1.227421757846681487e+02 1.886358344210376288e+02
5.316087125559051856e+02 -6.606378824480911760e+01 -2.473918769263342710e+03 4.561315836232923857e+02 6.318388685097076518e+01 2.145604707154473999e+03 1.227138235324991911e+02 1.886126903090095936e+02
5.297345267250017287e+02 -6.711141406768739159e+01 -1.577993343170457138e+03 4.557663579033845735e+02 5.278246904998826494e+01 2.302639556801755589e+03 1.224817229765243809e+02 1.884977907648398343e+02
5.255992411866886869e+02 -1.013066665757445577e+02 -9.805155303298706713e+02 4.534014278593548966e+02 -5.710778532426419751e+00 1.888579834596773708e+03 1.225489304617026818e+02 1.885218923783771174e+02
5.266307228310178061e+02 -4.880618231780474048e+01 3.950271263035324409e+02 4.566185058861555035e+02 5.994255069824960458e+01 4.096771516399766142e+02 1.221435810139295626e+02 1.883405408886330861e+02
5.270209144926037652e+02 -3.171928427700746056e+01 1.005075440852144993e+03 4.578341702396232336e+02 6.131356437640096146e+01 2.597853423576703449e+02 1.224657053931723567e+02 1.884878471740863120e+02
5.252760695954232233e+02 -6.083232894536934054e+01 6.054602984994019153e+02 4.539511411479936669e+02 -2.187654742374582995e+01 -8.665818401286779817e+02 1.224124859429274039e+02 1.884741961752757220e+02
5.226648668800096402e+02 -7.339983723915430858e+01 -3.905188072419708192e+02 4.556794226941816532e+02 3.596499605347501238e-01 -1.204692825264090516e+03 1.223885460065058624e+02 1.884596298181494376e+02
5.267114981365992890e+02 -1.742154279348188695e+01 4.628085879281101711e+02 4.572090486373065801e+02 2.192069398142248104e+01 -8.665335964091336791e+02 1.223808818319703420e+02 1.884576076681248082e+02
5.258397909677261168e+02 -2.084011038016097217e+01 7.442168580437337368e+02 4.598716781707676660e+02 7.421309416469017606e+01 2.122913885108092018e+03 1.227355947845786943e+02 1.886171630303788618e+02
5.218870808904706564e+02 -7.067634465024963220e+01 1.574054654830696620e+02 4.595224706150067391e+02 6.302826176660139623e+01 1.538264628461464326e+03 1.223704691634983419e+02 1.884673656980292549e+02
5.267015438352428873e+02 2.187418192300996722e+01 1.075102715057476644e+03 4.601175112265937628e+02 7.342134154515377986e+01 8.829888013358405487e+02 1.222830727781823867e+02 1.884147368994960630e+02
5.294906482193903230e+02 6.242535082707941285e+01 1.602411871291591297e+03 4.671707546296167948e+02 1.591052440217896446e+02 1.453063116447113543e+03 1.224334818742414228e+02 1.885217378240045889e+02
5.245666934250341455e+02 -3.541877886544597231e+01 4.888802998150203507e+02 4.637072095806770449e+02 6.960405773508692562e+01 -3.355650079210110448e+02 1.223084556438722785e+02 1.884499787929090928e+02
5.269192817412683780e+02 -1.230779854717502531e+01 7.730160090612406520e+01 4.644742081950597026e+02 5.272831385776160573e+01 -1.031458855296437378e+03 1.221943215724390654e+02 1.883791963195114647e+02
5.287812347872331884e+02 3.861634395574431267e+01 -1.005925049390227855e+03 4.664668446437178204e+02 7.916706651584929944e+01 -2.295760225986611204e+03 1.220352257460290559e+02 1.882981922753499475e+02
5.262991797994153558e+02 -1.159545637709102550e+01 -3.630838556001652933e+02 4.602009924290265417e+02 -8.233876378028645249e+00 -3.304385002472633460e+03 1.223899851674532897e+02 1.884630927614953748e+02
5.250825975935484848e+02 -1.428390338636642731e+01 -4.084180595895060719e+02 4.618147093668056300e+02 -4.364044326185705813e+00 -1.813921652264654085e+03 1.226017727491506548e+02 1.885566985684006625e+02
5.286086483134233731e+02 3.643991688296849674e+01 1.563960774143058119e+00 4.614774586652033577e+02 1.380320798861209575e+01 -2.680521246129119390e+03 1.223464664577610677e+02 1.884303880878078701e+02
5.260743350596856089e+02 -1.171756313835103391e+01 2.589289040740653149e+02 4.568587974917190309e+02 -3.322634315511654535e+01 -1.675378861070563516e+03 1.223659846853126254e+02 1.884449693095254759e+02
5.265766251052134521e+02 -5.303443658396985505e+00 3.871878610073356413e+02 4.547652030168769102e+02 -6.135279817916561740e+01 -2.488551124430487107e+03 1.227342592006749129e+02 1.886294035826502977e+02
5.271376781711396688e+02 9.787569053363021965e+00 -1.991095677323414463e+02 4.571698311294943551e+02 -2.834610815949453411e+01 -6.149567327918471165e+02 1.226399179208112287e+02 1.885891653799708934e+02
5.289836172921874322e+02 4.612459681509656662e+01 4.589694464105924681e+02 4.565906099085617029e+02 -2.580660760103059204e+01 -1.480056219511085374e+02 1.224515687719708126e+02 1.885000007570130833e+02
5.260083021441256506e+02 -1.600462680395747483e+01 -2.419348759230316261e+02 4.524004124633157176e+02 -7.207334476118704458e+01 -6.290056752597811283e+02 1.223579513284603166e+02 1.884653186595352850e+02
5.231530193376220268e+02 -5.923494711302790705e+01 -1.740007830490844981e+03 4.580510343025072757e+02 5.902620191689039508e+00 1.898378531837049650e+03 1.220240997112216093e+02 1.882780882101484679e+02
5.218463687654434580e+02 -6.635119319148132888e+01 -2.058087649953626624e+03 4.607190830437580757e+02 4.394664343099761794e+01 1.978411097549424539e+03 1.219863759538903025e+02 1.882601728257091622e+02
5.186222636816844442e+02 -9.141355970566149836e+01 -2.142697111680171020e+03 4.582338191156538869e+02 -1.196226321391153924e+01 2.006794936337543959e+03 1.221645168185992389e+02 1.883546693205085205e+02
5.174369820910084172e+02 -7.816139676822417925e+01 -1.213319540263051067e+03 4.597007963370267589e+02 3.744684426167347091e+00 1.026309428067113458e+03 1.220101057183418902e+02 1.882896382981660679e+02
5.179461840880778709e+02 -5.781315237317235045e+01 3.890441314891427282e+02 4.580546654895139227e+02 -3.047414771477769335e+01 -1.535765729541415112e+03 1.222986949166254362e+02 1.884246235035774930e+02
5.165308682098053623e+02 -5.063182531551691312e+01 5.253185078435893729e+02 4.542923956646530996e+02 -6.805218618996849500e+01 -2.545036797637874315e+03 1.223877236945629079e+02 1.884535563747421634e+02
5.223795844191528204e+02 4.633308874079634165e+01 3.026340084193416715e+03 4.555802347307794093e+02 -1.839802337750745664e+01 -1.228190583406599899e+03 1.225096067255489061e+02 1.885105864626380594e+02
5.210902544336848905e+02 2.509155602138897123e+01 2.021413716347928130e+03 4.526104649081713660e+02 -5.489369865237261337e+01 -1.487514088026684931e+03 1.223434169617469962e+02 1.884367807451043575e+02
5.192173204345258455e+02 -1.208844271497897083e+01 9.082464399309700411e+02 4.487071682129117107e+02 -1.040150367242610514e+02 -1.958538796089545031e+03 1.225917411891364424e+02 1.885682842237568764e+02
5.244775354353307648e+02 5.820346875406433895e+01 1.727555958058569786e+03 4.489443130533509816e+02 -5.350291069830333868e+01 -4.383196062796594106e+02 1.226533217505294715e+02 1.885908734107298699e+02
5.228815987492616841e+02 1.830339737389633825e+01 4.839228091282797095e+02 4.483762942441128985e+02 -4.336038864006548010e+01 -3.226777765482364089e+02 1.224237839305231290e+02 1.884852760419773006e+02
5.176743126404472832e+02 -5.318250092626102798e+01 -1.474173011980929687e+03 4.451234966851220634e+02 -6.172337192575241716e+01 4.605181084081021936e+01 1.221375324252994972e+02 1.883439319125027396e+02
5.205346749179198014e+02 -1.501771630132596069e+00 -1.181206663143451806e+03 4.462139399020415453e+02 -2.976592641422042362e+01 9.074510155749280784e+02 1.223345168966755097e+02 1.884367124955071802e+02
5.217743575696907783e+02 2.239518364170314157e+01 3.117391593961014564e+02 4.454361000806487141e+02 -2.549529297627265478e+01 5.906319233489324461e+02 1.223512043658467405e+02 1.884331438305080724e+02
5.170988401324560755e+02 -4.667033783649455358e+01 1.469971206106250463e+02 4.436824790896808395e+02 -4.449439346740462042e+01 3.144398198096877195e+02 1.224346477336215457e+02 1.884838253056972519e+02
5.184371061663500768e+02 -2.053910917396925129e+01 6.459872138652131071e+02 4.409912077579910488e+02 -7.414043637608503445e+01 -8.803192250269001988e+02 1.225514362527045336e+02 1.885464489747652692e+02
5.211787526137425175e+02 3.681022295005148237e+01 3.852744653325957529e+02 4.448460898950100955e+02 4.840534549122146757e+00 5.472444880476670050e+02 1.224684963076435906e+02 1.885050720252414180e+02
5.203854360887590929e+02 2.144699049823783810e+01 1.186730200376013272e+03 4.404133502631116244e+02 -4.655817788386082157e+01 -3.521166749615987897e+02 1.227788669298940079e+02 1.886501111177765040e+02
5.174953736981432257e+02 -3.180011987362812675e+01 3.492724643580440613e+01 4.420870092143240981e+02 -3.110109716777170163e+01 1.115186319949019889e+03 1.227984185389242668e+02 1.886516398411266664e+02
5.228096794398692282e+02 4.602367744273332306e+01 1.161505768771769453e+03 4.466961996300463511e+02 3.359120782908438230e+01 2.312986488463724527e+03 1.231692668172958633e+02 1.888425769382830879e+02
5.249892429017340874e+02 6.455392268569369207e+01 9.277811911798022493e+02 4.436618900729156394e+02 -1.059672331536489098e+00 9.361293599450671081e+02 1.229446697001889959e+02 1.887347512732779933e+02
5.179226064225922528e+02 -5.743699412168519558e+01 -6.146787760985566820e+02 4.456153886812746237e+02 2.535895800841620940e+01 1.547738013921875563e+03 1.230071807193859428e+02 1.887475038399705909e+02
5.201534890520672434e+02 -1.942166983552445103e+01 -6.223105405160305281e+02 4.449682227105687957e+02 6.029966170755320931e+00 3.376981206003320608e+02 1.229971862362522614e+02 1.887591504593146681e+02
5.261855433407932878e+02 7.605939262730612427e+01 1.201071967284019593e+03 4.475383063899348599e+02 2.588142754878056095e+01 8.516581213059500897e+02 1.233735206995675071e+02 1.889152489571061437e+02
5.174264029127974709e+02 -4.247029048387150141e+01 -9.497641382102079888e+02 4.423663383542435668e+02 -4.931310597470962165e+01 -1.902496430796199775e+03 1.232781484558907152e+02 1.888883627707700441e+02
5.160483609974227193e+02 -7.855788382089434663e+01 -1.337227244623313027e+03 4.391521904109800403e+02 -1.003414512381015555e+02 -2.487364948000958066e+03 1.231393258944837044e+02 1.888223095508488711e+02
5.254365084497919725e+02 6.124287377680593636e+01 -1.723874534511944319e+02 4.429629829744413314e+02 -3.050406373093079537e+01 -1.698364287490125832e+02 1.228450821915514553e+02 1.886771615412494612e+02
5.176566352102973951e+02 -2.254811804901108729e+01 -7.332393670441105087e+02 4.367090717939689171e+02 -6.631240060774180733e+01 -1.034497130136368241e+03 1.228558199295862181e+02 1.886809254485486633e+02
5.198812819784997146e+02 1.545086558388428566e+00 1.455937187089549525e+03 4.363847799903310829e+02 -6.525838744679322190e+01 -3.140633484974515000e+02 1.224814071011595331e+02 1.884912419408986466e+02
5.293524023660635294e+02 1.216320734873890217e+02 3.195658113290824076e+03 4.416453565094589067e+02 1.428216766805391202e+01 1.725273092770940593e+03 1.225370211440658466e+02 1.885206744945318746e+02
5.245261469202381477e+02 4.223978115156095470e+01 1.503834511756888560e+03 4.361498586462493563e+02 -3.716531435354301038e+01 6.021087368836042515e+02 1.226896786206675642e+02 1.886058480019320314e+02
5.237783187760435339e+02 -3.813191050040592334e+00 3.663023969356028715e+02 4.369344003993565480e+02 -2.787849810831552588e+01 -1.131877145939744338e+02 1.226962502475554260e+02 1.886085769499460696e+02
5.310806514217767926e+02 9.045077537692344549e+01 1.224521411237811435e+03 4.422355215002663158e+02 5.261632524587790272e+01 1.870654555931318555e+03 1.227817342110366781e+02 1.886462585079846406e+02
5.293956669059886053e+02 4.314448573971444034e+01 -9.263144496600006050e+01 4.398901784226707150e+02 -3.246119321701107285e+00 1.490109561088217788e+03 1.227652640548171945e+02 1.886262536737012283e+02
5.256108136599507361e+02 -1.859435468483703247e+01 -2.252952065931910965e+02 4.390526260122873623e+02 -1.137694646736023607e+01 7.317924641729935047e+02 1.225938921801572121e+02 1.885456830922545350e+02
5.270387600421612433e+02 -5.757460365227701438e+00 -1.082750323217688674e+03 4.406247570870704635e+02 1.288703593173737083e+01 -3.521688394354887919e+02 1.226333808729145858e+02 1.885531446362756185e+02
5.251206522892051680e+02 -4.169004663546225231e+01 -2.087806869091422413e+03 4.346843174167552775e+02 -8.847351050507782588e+01 -1.906526218899521837e+03 1.227363451467995361e+02 1.886015193372632552e+02
5.215022721036336861e+02 -7.802265312955792353e+01 -1.858303771582737227e+03 4.360246103679438079e+02 -5.824288131098386145e+01 -7.519381553735380521e+02 1.227689622401479141e+02 1.886248722936578588e+02
5.233984073271969919e+02 -2.563071529796054548e+01 -3.160565256705896786e+02 4.411744667089679410e+02 2.017502162041768443e+01 1.868064400393324604e+03 1.229538917139373240e+02 1.887174990486835497e+02
5.236154605051699491e+02 -1.426259992095241280e+01 1.202428966613305583e+01 4.399700472183276929e+02 1.726930538670041670e+01 2.650789825354016102e+03 1.230877267264131945e+02 1.887852673933205381e+02
5.217262006589149905e+02 -3.040164464468859506e+01 3.829222188682406909e+02 4.386030850644834800e+02 7.714637536361034442e+00 1.718167252673730673e+03 1.232229918623515772e+02 1.888571762791123092e+02
5.223429414920202589e+02 -1.417149779059298176e+00 3.181853579759508648e+02 4.440175951036754896e+02 4.668781138972358491e+01 1.612693756710709977e+03 1.231139388833422004e+02 1.887973317079100468e+02
5.225841524247501866e+02 -2.163429836635677450e+00 -1.448900197906702658e+01 4.454346641412834629e+02 4.962118012276141599e+01 9.065788528440726850e+02 1.234645335316571959e+02 1.889694767187525883e+02
5.232011883328971180e+02 -1.873998707296268407e+01 -3.566619189949157089e+02 4.426208478979094139e+02 4.695964494603608458e-02 -4.496529615687016985e+02 1.233459822895015066e+02 1.889037951212110329e+02
5.197918252154221364e+02 -4.158359125613264951e+01 -6.442731808128930879e+02 4.375662653156766737e+02 -6.585472329403330605e+01 -2.230253501343976950e+03 1.236386886786675774e+02 1.890730527828229413e+02
5.242429939700250543e+02 1.385591742396547765e+01 8.769421667047985238e+02 4.440763151270889466e+02 2.985566222887443644e+01 -1.279183205709257663e+03 1.234426734646283990e+02 1.889674891706986841e+02
5.243477587267732360e+02 1.934635093238581049e+01 9.899404898095012868e+02 4.367273472460493053e+02 -5.382625121632175080e+01 -2.232526151049587043e+03 1.234401898485472628e+02 1.889728690387403276e+02
5.226729008033855735e+02 -1.144688126832846997e+01 9.612363560945500467e+02 4.337357385738581002e+02 -7.447007331822000253e+01 -1.895808120364909882e+03 1.234825525320417086e+02 1.889990316928173968e+02
5.275681563109973240e+02 4.253822858178421029e+01 1.401099895258357037e+03 4.416085985586900051e+02 3.595401351541032398e+01 8.459286321740003132e+02 1.233790946847924488e+02 1.889497731108545509e+02
5.288563491199239479e+02 8.292427427866483924e+01 1.205814668823285501e+03 4.403399630964761400e+02 2.447620963249810089e+01 9.491059488588902013e+02 1.231567028505714916e+02 1.888438298896689389e+02
5.254593349140880036e+02 1.109334920853988038e+01 6.006163482322555147e+00 4.351269412277316064e+02 -4.733374168463474518e+01 1.036543337467547872e+03 1.229658891395129814e+02 1.887451852305672162e+02
5.283499451944397833e+02 2.614752318014797439e+01 -3.190603702467269045e+02 4.424841229761504451e+02 4.154068205238714739e+01 8.737570643756749860e+02 1.227074424340014929e+02 1.886200134035786391e+02
5.292007673389571210e+02 2.549796900326067117e+01 -5.019936858852103114e+02 4.458476937600241854e+02 8.390859506141792679e+01 1.917091060326672505e+03 1.229541995432203976e+02 1.887329628443111460e+02
5.264404904869537631e+02 -6.970735365967576591e+00 -5.506653549552183904e+02 4.390222614929778047e+02 -8.294075555188078042e+00 1.007109363954822243e+03 1.229214745262697619e+02 1.887144594093827550e+02
5.292548517860620905e+02 2.648836126685691283e+01 1.051049807043606563e+02 4.478015333574133479e+02 7.339668721633908888e+01 1.759219756768539355e+03 1.229648117622564172e+02 1.887345210847809653e+02
5.291598640077540949e+02 1.631854887306986868e+01 2.881631964555286984e+01 4.486928161818808576e+02 6.051487947974549542e+01 -6.057998907317684143e+02 1.228954447304957682e+02 1.887151152819629658e+02
5.269926214493514181e+02 -1.428105517860533880e+01 -6.268638841108902398e+02 4.437404541907911266e+02 -2.489252354378916010e+01 -4.056488306795865242e+02 1.227680539891465088e+02 1.886557905653769467e+02
5.273975247484155489e+02 -1.804604434209250741e+01 -9.335499967793523410e+02 4.456275463820555274e+02 -1.238524323282677919e+01 -1.067692856936568887e+03 1.226272936852933810e+02 1.885854864531281123e+02
5.235943713493339828e+02 -7.319563873432194612e+01 -1.848916382149820038e+03 4.419989650642081074e+02 -6.011395112797575280e+01 -2.255832894761632815e+03 1.227037292956059815e+02 1.886063509956796906e+02
5.246125029482468562e+02 -3.939418722024174713e+01 -4.319367786544186174e+02 4.433759708540348470e+02 -2.662080194651476006e+01 8.476057992579430334e+01 1.227336767887296531e+02 1.886301026242551586e+02
5.278751469811371635e+02 2.898112852272135953e+01 1.334172849121384616e+03 4.415235364721190194e+02 -4.268735887957386410e+01 -1.308792670034532968e+01 1.225694244421506482e+02 1.885478362658716378e+02
5.246003878157670215e+02 -2.226053931605872549e+01 1.338682902111029989e+03 4.423992968424083188e+02 -2.487748891908725213e+01 5.587345872115861312e+02 1.220919782673431655e+02 1.883221770251612384e+02
5.240837527574487922e+02 -3.315594232617156223e+01 5.052661724794306792e+02 4.391999062991839082e+02 -4.432036038956068325e+01 -5.137586154539435483e+02 1.221025874861036868e+02 1.883156565644724765e+02
5.291180224856462928e+02 2.853434155956044549e+01 1.905401486062695255e+02 4.397769850624825381e+02 -3.670221072445504262e+01 -1.721613475708937585e+03 1.221084481947838611e+02 1.883223328548758104e+02
5.239872194621632389e+02 -3.743400821072108897e+01 -1.083401251982610120e+03 4.363275296863871517e+02 -7.357008068727127181e+01 -9.825124905987592001e+02 1.221268176963290983e+02 1.883294908206480613e+02
5.231753410364474348e+02 -3.777669724377872740e+01 -4.244759055685782414e+02 4.365949245037870128e+02 -5.092069345729529317e+01 -1.764309987864976392e+03 1.222730381283813443e+02 1.883947841713734022e+02
5.261409524558655448e+02 3.238111293321285444e+01 -2.095513618025829317e+02 4.330052936169823283e+02 -8.242563827823082079e+01 -1.681209025970158109e+03 1.219713125906550744e+02 1.882396279089698510e+02
5.242660477487908111e+02 2.543470618195777799e+00 3.139021962217582882e+02 4.340698775521412358e+02 -7.204634888593297148e+01 5.321177048237235567e+02 1.223488869548018272e+02 1.884187191955885794e+02
5.199834764260334623e+02 -5.423250865042417246e+01 -9.270900170898313490e+02 4.341495693867890964e+02 -3.920995339440986527e+01 7.202453515424122088e+02 1.222280057714752530e+02 1.883721247903348512e+02
5.247318399532085778e+02 2.082985160314268569e+01 6.562613131866925187e+01 4.382846893734555351e+02 9.387415982160188577e+00 2.475045181600233718e+03 1.221121186094628115e+02 1.883185105682959488e+02
5.204668197212266705e+02 -4.327670584681660415e+01 -1.154800599960992486e+03 4.337212157207833911e+02 -3.683177411987023930e+01 5.897448779101365517e+02 1.223570473735782400e+02 1.884402291159151162e+02
5.203459173112834151e+02 -4.304217463835306035e+01 -3.316061551706548016e+02 4.393085409361503935e+02 3.323604362852378102e+01 1.751650152935413644e+03 1.221558687733477342e+02 1.883339201879705342e+02
5.219674068809903247e+02 1.226291202413980708e+00 -1.014820935366675343e+02 4.414215050287958206e+02 6.160510893518286224e+01 2.011401742682074428e+03 1.222418226389431055e+02 1.883764686374335042e+02
5.202304628776327036e+02 -1.563934793894880038e+01 -2.413665719020315805e+02 4.387398480197151116e+02 2.789964175941970481e+01 7.673869312045584365e+02 1.222638713051537707e+02 1.883960611193385546e+02
5.171298884508632909e+02 -6.433466359706636695e+01 -1.098089642531476329e+03 4.373656692193184199e+02 -9.756617023097057029e+00 -4.844194765282013577e+02 1.221669432650078591e+02 1.883368357472685943e+02
5.220115755005692790e+02 2.145222125204894326e+01 7.600174123352824154e+02 4.402251054288454952e+02 2.028892834705667525e+01 -1.891186618096613756e+02 1.222126225598574649e+02 1.883628054343684539e+02
5.199465520367633644e+02 -9.358804878562585472e+00 2.741819995554243405e+02 4.356092101960131799e+02 -5.019619701202081785e+01 -1.848329547987539399e+03 1.219224866664497853e+02 1.882209796410720628e+02
5.153821438361154605e+02 -5.558256494143925863e+01 -1.293601149669632093e+02 4.305775296076065501e+02 -7.377389020760313088e+01 -3.254573673477808825e+03 1.220789390113795179e+02 1.882850722858065069e+02
5.165349314448639007e+02 -2.782807688673077351e+01 -4.727202062734832566e+02 4.340563355401616263e+02 -1.504836600647822387e+01 -1.080995513220215798e+03 1.222019133263443962e+02 1.883427291798779777e+02
5.194896689872891784e+02 1.418404083832749940e+01 2.454666627046873941e+02 4.350440281497611181e+02 -1.446817106782405027e+01 8.456625767003406509e+02 1.219939703971329692e+02 1.882315868860917476e+02
5.172947361921135325e+02 -1.677833934640422342e+01 -2.083133952239866176e+02 4.335869412717183877e+02 -2.641643452064608510e+01 1.011367024572197920e+03 1.220836413628435508e+02 1.882598671248839821e+02
5.184127921713374008e+02 -4.260980442124587597e+00 9.616399039604706331e+02 4.368299194921558524e+02 2.040986269274172216e+01 2.913469793966942689e+03 1.223217513565701466e+02 1.883858152247557314e+02
5.244437680862321258e+02 8.121423303812322558e+01 2.219660140808489814e+03 4.431568541790816766e+02 8.857672440496746447e+01 3.062706861957327874e+03 1.222515102241864611e+02 1.883439466982748343e+02
5.259559699536624748e+02 6.859438959608360165e+01 2.036053065956481078e+03 4.389307004525201705e+02 8.907775254910417218e+00 8.829760141186284272e+02 1.223331403648033131e+02 1.883866409587103306e+02
5.240306404230695989e+02 2.610338941946319125e+01 1.015755714525579720e+03 4.377805458746075260e+02 -2.024461888759668149e+00 -3.376351887976103399e+02 1.224315512180407808e+02 1.884490441107739116e+02
5.255638073158372663e+02 2.795338416094915956e+01 1.762637932834967671e+02 4.433912687355756930e+02 7.071454255501912201e+01 3.608213458399605997e+02 1.222997886867962762e+02 1.883567263011903208e+02
5.257511349736751072e+02 1.568819054498082544e+01 -1.445410378565243036e+03 4.421916939609728843e+02 4.974378354493246235e+01 4.513584149480113297e+02 1.224698775055771875e+02 1.884444770720114661e+02
5.208112481370613978e+02 -4.671554318209108914e+01 -2.978859853244887745e+03 4.385906643195443166e+02 1.617292850158992934e+00 2.507768083338165752e+02 1.225812154987780502e+02 1.885001215429312253e+02
5.228031742810924243e+02 -1.654725764242596142e+01 -1.478394512709230412e+03 4.447561431573773802e+02 6.581662223585537674e+01 1.060055492042628885e+03 1.223886301528275169e+02 1.883937546314994620e+02
5.245172831878154511e+02 1.705138884000333377e+01 -1.475060816314273211e+02 4.474264075411958856e+02 8.435514244340581058e+01 5.125647013370404466e+02 1.224392502071148101e+02 1.884308771112094405e+02
5.201189099581818027e+02 -3.394195497504312442e+01 -1.449978822519633752e+02 4.446397436178806402e+02 4.083495210588482394e+01 8.466872613565733445e+02 1.229890110631806550e+02 1.887003674295182805e+02
5.216885544084962021e+02 -2.102799346856437523e+01 -1.426183070198962071e+02 4.444166166681736740e+02 3.859225438591271740e+01 -3.582870593247974398e+02 1.227793912512868104e+02 1.886045954289416784e+02
5.228760372680945920e+02 6.792800893481732993e-01 -3.560916049361798628e+02 4.506656451760544542e+02 7.327561210188082441e+01 3.745307578218142908e+02 1.227620472608757609e+02 1.885869311915439539e+02
5.224221273903128804e+02 -9.226340864925447249e+00 1.462877153434819775e+02 4.507472169256474217e+02 7.409443758767788779e+01 4.668292792287116981e+02 1.228902351948415514e+02 1.886579712756649485e+02
5.212606052972965927e+02 -1.986100822461778037e+01 -6.691138153568903135e+02 4.438950363613457739e+02 -3.322924617540208203e+01 -2.487564154967914874e+03 1.230566705230276199e+02 1.887455501551145574e+02
5.201662228042486049e+02 -3.169433987092282479e+01 -1.317591276800518244e+03 4.483782728859288795e+02 1.291239391184718777e+01 -1.930313014473799285e+03 1.232249445159532826e+02 1.888308448088770319e+02
5.212819809697667779e+02 -2.810803274570574661e+00 -6.156129334048199553e+02 4.534366203713413483e+02 9.409072260844780544e+01 6.059286961866067713e+02 1.231244549603117662e+02 1.887772922478567068e+02
5.190088180220717504e+02 -2.199576271345193845e+01 -6.328003938409605098e+02 4.427799287663248151e+02 -5.262627445939728688e+01 -1.520673828440209945e+03 1.231166895172113840e+02 1.887737395615156686e+02
5.194124998814908167e+02 -1.212295622899217129e+01 2.712127338845305147e+01 4.465382479455909106e+02 -2.138195600826222886e+01 -1.364986889168609650e+03 1.231375771050252723e+02 1.887883689307973043e+02
5.186693717400889909e+02 -9.807846760284865795e+00 -7.966565602051640553e+02 4.447825961083263451e+02 -7.892103682447493718e+00 -1.723978517900324732e+03 1.230554313638451873e+02 1.887260543108538400e+02
5.149899400565268479e+02 -6.149763790729566892e+01 -1.318887125481684279e+03 4.332819214022889582e+02 -1.620611579542342895e+02 -4.919023980337208741e+03 1.229400782312086733e+02 1.886781406140569857e+02
5.153924532815424300e+02 -2.408500546565673872e+01 -8.952980557853900336e+02 4.342337612890558489e+02 -9.978209223090878766e+01 -2.577080919820614781e+03 1.232307248333467413e+02 1.888239335460094992e+02
5.181026413450093742e+02 1.365650190838457867e+01 1.028484749952794886e+02 4.380962095770825044e+02 -5.577511087876069418e+00 -4.107922142239679033e+02 1.232347878166138884e+02 1.888333653455646015e+02
5.124580533799064597e+02 -6.940739031386745239e+01 -4.068166421590223649e+02 4.310446399892785507e+02 -1.023368460014270340e+02 5.706824484401813606e+02 1.231367691668273920e+02 1.887853849072911032e+02
5.132164289707151283e+02 -3.946700124935571097e+01 -4.070938369649611559e+02 4.274662041804425598e+02 -1.251632515032600423e+02 -7.503705618944234175e+02 1.231082275139803102e+02 1.887531881851924425e+02
5.146943978654169314e+02 -6.946274293272111322e+00 -3.405919550487417951e+02 4.319874097796368346e+02 -4.750498548511190933e+01 -4.467718368302483327e+02 1.231684329990830093e+02 1.888021440540221079e+02
5.101738017019974336e+02 -6.946527721128948940e+01 -6.761448044977360041e+02 4.253173881917228982e+02 -9.955363063510047539e+01 -1.046879057659036789e+03 1.233535092344055641e+02 1.888941606305002949e+02
5.103001577759295628e+02 -3.527853960874166006e+01 -4.303825831433188682e+02 4.175197187849467468e+02 -1.683530009658259985e+02 -8.156746438390124467e+02 1.235168887473277550e+02 1.889889473434664637e+02
5.153358745894859112e+02 3.625949979632551390e+01 1.931843495582233572e+03 4.257025444816292179e+02 -3.450207182786282090e+01 1.890614278707711264e+03 1.235199671878422123e+02 1.889698682685977644e+02
5.128700733602186119e+02 -1.047774134890631359e+01 1.153580080094448931e+03 4.237429356690265649e+02 -3.930286964946866135e+01 2.210640961408760177e+03 1.237211214371784394e+02 1.890750173129789289e+02
